<?xml version="1.0" encoding="utf-8"?>
<TestRun id="3ce818cb-d73f-4cd7-90e6-8587853973b3" name="@dadsmbp 2025-08-22 08:10:56" xmlns="http://microsoft.com/schemas/VisualStudio/TeamTest/2010">
  <Times creation="2025-08-22T08:10:56.7438100-04:00" queuing="2025-08-22T08:10:56.7438100-04:00" start="2025-08-22T08:10:56.2832530-04:00" finish="2025-08-22T08:10:56.9414330-04:00" />
  <TestSettings name="default" id="26e1945e-9c1f-4fae-95dd-8447ba4287c7">
    <Deployment runDeploymentRoot="_dadsmbp_2025-08-22_08_10_56" />
  </TestSettings>
  <Results>
    <UnitTestResult executionId="694c001f-f5b9-482c-811f-8bbd20de1d81" testId="23f84a4d-bc21-b97f-e115-11bf0b33db04" testName="Parser Tests.Statement Parser Tests.Integration Tests - Multiple Features.table with method calls and functions" computerName="dadsmbp" startTime="2025-08-22T08:10:56.8603250-04:00" endTime="2025-08-22T08:10:56.8605840-04:00" testType="13cdc9d9-ddb5-4fa4-a97d-d965ccfc6d4b" outcome="Passed" testListId="8c84fa94-04c1-424b-9868-57a2d4851a1d" relativeResultsDirectory="694c001f-f5b9-482c-811f-8bbd20de1d81" />
    <UnitTestResult executionId="d29449c3-9b12-48aa-ae2d-e59f6ccfecaf" testId="de71ee28-6047-7932-7ce3-b7522d43123b" testName="Parser Tests.Expression Parser Tests.Whitespace Handling.many spaces" computerName="dadsmbp" startTime="2025-08-22T08:10:56.7935860-04:00" endTime="2025-08-22T08:10:56.7937230-04:00" testType="13cdc9d9-ddb5-4fa4-a97d-d965ccfc6d4b" outcome="Passed" testListId="8c84fa94-04c1-424b-9868-57a2d4851a1d" relativeResultsDirectory="d29449c3-9b12-48aa-ae2d-e59f6ccfecaf" />
    <UnitTestResult executionId="26e5f660-a283-4db0-9c85-b006383205fa" testId="d1fdf263-c1e9-9de3-2358-6aa706b01c30" testName="Parser Tests.Expression Parser Tests.Logical Operators.precedence" computerName="dadsmbp" startTime="2025-08-22T08:10:56.7833880-04:00" endTime="2025-08-22T08:10:56.7837790-04:00" testType="13cdc9d9-ddb5-4fa4-a97d-d965ccfc6d4b" outcome="Passed" testListId="8c84fa94-04c1-424b-9868-57a2d4851a1d" relativeResultsDirectory="26e5f660-a283-4db0-9c85-b006383205fa" />
    <UnitTestResult executionId="eb74e46b-497a-4745-ba22-ba7f0075e216" testId="3c30a966-5d71-f183-32cf-39fc6c1d9ded" testName="Parser Tests.Expression Parser Tests.Whitespace Handling.newlines" computerName="dadsmbp" startTime="2025-08-22T08:10:56.7936080-04:00" endTime="2025-08-22T08:10:56.7938380-04:00" testType="13cdc9d9-ddb5-4fa4-a97d-d965ccfc6d4b" outcome="Passed" testListId="8c84fa94-04c1-424b-9868-57a2d4851a1d" relativeResultsDirectory="eb74e46b-497a-4745-ba22-ba7f0075e216" />
    <UnitTestResult executionId="e4b283d3-37d1-489b-b82f-128348a4668b" testId="b720d5ae-34d4-7f69-eb3b-9e67edcaa5b6" testName="Parser Tests.Expression Parser Tests.Whitespace Handling.tabs and spaces" computerName="dadsmbp" startTime="2025-08-22T08:10:56.7935930-04:00" endTime="2025-08-22T08:10:56.7937300-04:00" testType="13cdc9d9-ddb5-4fa4-a97d-d965ccfc6d4b" outcome="Passed" testListId="8c84fa94-04c1-424b-9868-57a2d4851a1d" relativeResultsDirectory="e4b283d3-37d1-489b-b82f-128348a4668b" />
    <UnitTestResult executionId="70153a1f-2828-4fba-8f04-dd44e75e5cc1" testId="f720ad31-ae74-79e7-22fb-fd540fe1e410" testName="Parser Tests.Statement Parser Tests.Variable Attributes.Generic For Attributes.generic for with const variable" computerName="dadsmbp" startTime="2025-08-22T08:10:56.8710700-04:00" endTime="2025-08-22T08:10:56.8711220-04:00" testType="13cdc9d9-ddb5-4fa4-a97d-d965ccfc6d4b" outcome="Passed" testListId="8c84fa94-04c1-424b-9868-57a2d4851a1d" relativeResultsDirectory="70153a1f-2828-4fba-8f04-dd44e75e5cc1" />
    <UnitTestResult executionId="6b61757f-a4c1-42a0-ab84-50255cc63368" testId="bf1b4d49-e184-dfdd-ed3f-683ae593c916" testName="Parser Tests.Statement Parser Tests.Integration Tests - Multiple Features.local assignment with complex expressions" computerName="dadsmbp" startTime="2025-08-22T08:10:56.8603520-04:00" endTime="2025-08-22T08:10:56.8607280-04:00" testType="13cdc9d9-ddb5-4fa4-a97d-d965ccfc6d4b" outcome="Passed" testListId="8c84fa94-04c1-424b-9868-57a2d4851a1d" relativeResultsDirectory="6b61757f-a4c1-42a0-ab84-50255cc63368" />
    <UnitTestResult executionId="8b10fe1e-db71-4c52-97eb-f08dfe48dcb2" testId="c44b47ac-34e7-a034-b2d7-a56e3ecf6a11" testName="Parser Tests.Statement Parser Tests.Variable Attributes.Local Variable Attributes.local const variable" computerName="dadsmbp" startTime="2025-08-22T08:10:56.8603630-04:00" endTime="2025-08-22T08:10:56.8607040-04:00" testType="13cdc9d9-ddb5-4fa4-a97d-d965ccfc6d4b" outcome="Passed" testListId="8c84fa94-04c1-424b-9868-57a2d4851a1d" relativeResultsDirectory="8b10fe1e-db71-4c52-97eb-f08dfe48dcb2" />
    <UnitTestResult executionId="899c2269-5c8a-4237-a67b-f14f11677efc" testId="9c78167c-ee87-bb4b-a014-3af8451f157b" testName="Parser Tests.Expression Parser Tests.Identifiers.single underscore" computerName="dadsmbp" startTime="2025-08-22T08:10:56.7610470-04:00" endTime="2025-08-22T08:10:56.7617100-04:00" testType="13cdc9d9-ddb5-4fa4-a97d-d965ccfc6d4b" outcome="Passed" testListId="8c84fa94-04c1-424b-9868-57a2d4851a1d" relativeResultsDirectory="899c2269-5c8a-4237-a67b-f14f11677efc" />
    <UnitTestResult executionId="e3d226d9-fcce-4694-8c77-eeb0583e4626" testId="0ba7aa40-6834-6408-0135-49e448773151" testName="Parser Tests.Expression Parser Tests.Identifiers.underscore identifier" computerName="dadsmbp" startTime="2025-08-22T08:10:56.7610340-04:00" endTime="2025-08-22T08:10:56.7617060-04:00" testType="13cdc9d9-ddb5-4fa4-a97d-d965ccfc6d4b" outcome="Passed" testListId="8c84fa94-04c1-424b-9868-57a2d4851a1d" relativeResultsDirectory="e3d226d9-fcce-4694-8c77-eeb0583e4626" />
    <UnitTestResult executionId="574143a4-5378-40da-948d-ca05e6538eb6" testId="bda16938-26e8-7f58-0e78-0355787a8bdc" testName="Parser Tests.Expression Parser Tests.Literals.hex escape max" computerName="dadsmbp" startTime="2025-08-22T08:10:56.7498800-04:00" endTime="2025-08-22T08:10:56.7502150-04:00" testType="13cdc9d9-ddb5-4fa4-a97d-d965ccfc6d4b" outcome="Passed" testListId="8c84fa94-04c1-424b-9868-57a2d4851a1d" relativeResultsDirectory="574143a4-5378-40da-948d-ca05e6538eb6" />
    <UnitTestResult executionId="900189ef-ee66-4447-9719-b9c59cd65cc6" testId="f21fef0c-1b6d-1012-7719-4d0ad013ab4a" testName="Parser Tests.Expression Parser Tests.Literals.hex escape lowercase" computerName="dadsmbp" startTime="2025-08-22T08:10:56.7498910-04:00" endTime="2025-08-22T08:10:56.7502440-04:00" testType="13cdc9d9-ddb5-4fa4-a97d-d965ccfc6d4b" outcome="Passed" testListId="8c84fa94-04c1-424b-9868-57a2d4851a1d" relativeResultsDirectory="900189ef-ee66-4447-9719-b9c59cd65cc6" />
    <UnitTestResult executionId="5f2c6f5f-2462-40f1-bbaa-d726671d9cd4" testId="9244f1a4-b96d-9fb0-92ad-43c8c501a1ac" testName="Parser Tests.Expression Parser Tests.Multiplicative Operators.floor divide" computerName="dadsmbp" startTime="2025-08-22T08:10:56.7722050-04:00" endTime="2025-08-22T08:10:56.7728660-04:00" testType="13cdc9d9-ddb5-4fa4-a97d-d965ccfc6d4b" outcome="Passed" testListId="8c84fa94-04c1-424b-9868-57a2d4851a1d" relativeResultsDirectory="5f2c6f5f-2462-40f1-bbaa-d726671d9cd4" />
    <UnitTestResult executionId="42015adb-c426-499e-a6d7-c95f518fd5fd" testId="35d02efc-7874-8194-c839-10cd28db0d9e" testName="Parser Tests.Expression Parser Tests.Multiplicative Operators.multiply" computerName="dadsmbp" startTime="2025-08-22T08:10:56.7721980-04:00" endTime="2025-08-22T08:10:56.7728550-04:00" testType="13cdc9d9-ddb5-4fa4-a97d-d965ccfc6d4b" outcome="Passed" testListId="8c84fa94-04c1-424b-9868-57a2d4851a1d" relativeResultsDirectory="42015adb-c426-499e-a6d7-c95f518fd5fd" />
    <UnitTestResult executionId="590bbd73-0bab-4443-b887-8748ffbb1dc0" testId="df0bcd8b-7844-5b92-d01d-86530aea9c35" testName="Parser Tests.Expression Parser Tests.Bitwise Operators.bitwise or" computerName="dadsmbp" startTime="2025-08-22T08:10:56.7833070-04:00" endTime="2025-08-22T08:10:56.7835150-04:00" testType="13cdc9d9-ddb5-4fa4-a97d-d965ccfc6d4b" outcome="Passed" testListId="8c84fa94-04c1-424b-9868-57a2d4851a1d" relativeResultsDirectory="590bbd73-0bab-4443-b887-8748ffbb1dc0" />
    <UnitTestResult executionId="b8f3b43d-fbfa-484f-8124-bfdb9e346b3a" testId="cbf11f0c-9efd-21c8-0344-f5e3de7c50b7" testName="Parser Tests.Expression Parser Tests.Literals.escape backslash" computerName="dadsmbp" startTime="2025-08-22T08:10:56.7387990-04:00" endTime="2025-08-22T08:10:56.7394720-04:00" testType="13cdc9d9-ddb5-4fa4-a97d-d965ccfc6d4b" outcome="Passed" testListId="8c84fa94-04c1-424b-9868-57a2d4851a1d" relativeResultsDirectory="b8f3b43d-fbfa-484f-8124-bfdb9e346b3a" />
    <UnitTestResult executionId="52b2e945-3f57-4309-93ec-fade5bee5201" testId="763c96db-6624-3c72-6180-fc6aded732d6" testName="Identifier parsing.Underscore as identifier" computerName="dadsmbp" duration="00:00:00.0050000" startTime="2025-08-22T08:10:56.8923860-04:00" endTime="2025-08-22T08:10:56.8980070-04:00" testType="13cdc9d9-ddb5-4fa4-a97d-d965ccfc6d4b" outcome="Passed" testListId="8c84fa94-04c1-424b-9868-57a2d4851a1d" relativeResultsDirectory="52b2e945-3f57-4309-93ec-fade5bee5201" />
    <UnitTestResult executionId="e6500165-b696-4ec4-9184-675e06f9fc94" testId="9dd28135-464f-23ca-c59d-4fbeadbbd66f" testName="Parser Tests.Statement Parser Tests.Parser Fixes.Assignment vs Function Call Disambiguation.method call statement" computerName="dadsmbp" startTime="2025-08-22T08:10:56.8821650-04:00" endTime="2025-08-22T08:10:56.8822050-04:00" testType="13cdc9d9-ddb5-4fa4-a97d-d965ccfc6d4b" outcome="Passed" testListId="8c84fa94-04c1-424b-9868-57a2d4851a1d" relativeResultsDirectory="e6500165-b696-4ec4-9184-675e06f9fc94" />
    <UnitTestResult executionId="6b5c2e04-75f5-468b-8cbe-830386df583b" testId="b2106cab-7252-8e78-56a6-4549da11719c" testName="Parser Tests.Expression Parser Tests.Logical Operators.or" computerName="dadsmbp" startTime="2025-08-22T08:10:56.7833840-04:00" endTime="2025-08-22T08:10:56.7837790-04:00" testType="13cdc9d9-ddb5-4fa4-a97d-d965ccfc6d4b" outcome="Passed" testListId="8c84fa94-04c1-424b-9868-57a2d4851a1d" relativeResultsDirectory="6b5c2e04-75f5-468b-8cbe-830386df583b" />
    <UnitTestResult executionId="05a2cd6c-0551-48ac-95bc-b17d87b71ed0" testId="fc7a0a39-6e21-813b-9448-b0a212a69660" testName="Parser Tests.Expression Parser Tests.Function Calls.function call in expression" computerName="dadsmbp" startTime="2025-08-22T08:10:56.7936760-04:00" endTime="2025-08-22T08:10:56.7946520-04:00" testType="13cdc9d9-ddb5-4fa4-a97d-d965ccfc6d4b" outcome="Passed" testListId="8c84fa94-04c1-424b-9868-57a2d4851a1d" relativeResultsDirectory="05a2cd6c-0551-48ac-95bc-b17d87b71ed0" />
    <UnitTestResult executionId="1dacf332-464f-4543-8a0e-c5e4d10860b6" testId="5ac0815c-2cd0-83c8-4b20-9a9ca5bc58af" testName="Parser Tests.Statement Parser Tests.Basic Statements.break statement" computerName="dadsmbp" startTime="2025-08-22T08:10:56.8380340-04:00" endTime="2025-08-22T08:10:56.8380870-04:00" testType="13cdc9d9-ddb5-4fa4-a97d-d965ccfc6d4b" outcome="Passed" testListId="8c84fa94-04c1-424b-9868-57a2d4851a1d" relativeResultsDirectory="1dacf332-464f-4543-8a0e-c5e4d10860b6" />
    <UnitTestResult executionId="3ae07815-ecdf-4a74-88e4-97c4d9848334" testId="3220c2ae-91b6-aff4-18b0-88557d16da4b" testName="Parser Tests.Statement Parser Tests.Parser Fixes.Complex Assignment Patterns.assignment after complex expression" computerName="dadsmbp" startTime="2025-08-22T08:10:56.8822220-04:00" endTime="2025-08-22T08:10:56.8826220-04:00" testType="13cdc9d9-ddb5-4fa4-a97d-d965ccfc6d4b" outcome="Passed" testListId="8c84fa94-04c1-424b-9868-57a2d4851a1d" relativeResultsDirectory="3ae07815-ecdf-4a74-88e4-97c4d9848334" />
    <UnitTestResult executionId="b552c9f9-5093-4ae2-9050-2c5b958516a4" testId="7ab74693-7ec4-60ea-51c2-12f33101f335" testName="Parser Tests.Statement Parser Tests.Parser Fixes.Table Assignment at Statement Level (Fixed).table dot assignment" computerName="dadsmbp" startTime="2025-08-22T08:10:56.8710940-04:00" endTime="2025-08-22T08:10:56.8711640-04:00" testType="13cdc9d9-ddb5-4fa4-a97d-d965ccfc6d4b" outcome="Passed" testListId="8c84fa94-04c1-424b-9868-57a2d4851a1d" relativeResultsDirectory="b552c9f9-5093-4ae2-9050-2c5b958516a4" />
    <UnitTestResult executionId="ec703881-c013-4568-b74d-6a5a01a068cc" testId="b746141d-802a-6057-c7e9-1c6bb64fc356" testName="Parser Tests.Expression Parser Tests.Literals.decimal escape 65 (A)" computerName="dadsmbp" startTime="2025-08-22T08:10:56.7394540-04:00" endTime="2025-08-22T08:10:56.7400300-04:00" testType="13cdc9d9-ddb5-4fa4-a97d-d965ccfc6d4b" outcome="Passed" testListId="8c84fa94-04c1-424b-9868-57a2d4851a1d" relativeResultsDirectory="ec703881-c013-4568-b74d-6a5a01a068cc" />
    <UnitTestResult executionId="1015b3fc-2cf0-4d7c-bad6-a2228f236c99" testId="f0647535-9b53-2b97-a592-0347a36420eb" testName="Generic for loop parsing.Multiple iterator values" computerName="dadsmbp" startTime="2025-08-22T08:10:56.9034520-04:00" endTime="2025-08-22T08:10:56.9040960-04:00" testType="13cdc9d9-ddb5-4fa4-a97d-d965ccfc6d4b" outcome="Passed" testListId="8c84fa94-04c1-424b-9868-57a2d4851a1d" relativeResultsDirectory="1015b3fc-2cf0-4d7c-bad6-a2228f236c99" />
    <UnitTestResult executionId="6d833976-2a1a-4a84-91ae-2eefc1c99698" testId="22e4173d-cb7e-9ab3-0463-97b7ca2b1bae" testName="Parser Tests.Expression Parser Tests.Shift Operators.left shift" computerName="dadsmbp" startTime="2025-08-22T08:10:56.7722960-04:00" endTime="2025-08-22T08:10:56.7728130-04:00" testType="13cdc9d9-ddb5-4fa4-a97d-d965ccfc6d4b" outcome="Passed" testListId="8c84fa94-04c1-424b-9868-57a2d4851a1d" relativeResultsDirectory="6d833976-2a1a-4a84-91ae-2eefc1c99698" />
    <UnitTestResult executionId="56ae346a-51ba-4807-9608-9a5cd3bf2eec" testId="3ec526ca-e695-30ed-ab17-22afd64268e8" testName="Parser Tests.Expression Parser Tests.Method Calls.method on table access" computerName="dadsmbp" startTime="2025-08-22T08:10:56.8047940-04:00" endTime="2025-08-22T08:10:56.8054740-04:00" testType="13cdc9d9-ddb5-4fa4-a97d-d965ccfc6d4b" outcome="Passed" testListId="8c84fa94-04c1-424b-9868-57a2d4851a1d" relativeResultsDirectory="56ae346a-51ba-4807-9608-9a5cd3bf2eec" />
    <UnitTestResult executionId="ec980bb7-4d2f-409f-8a9c-e5c863427936" testId="61aaf27a-5745-0675-9d0e-4fbe43a5a884" testName="Parser Tests.Statement Parser Tests.Control Flow Statements.while loop" computerName="dadsmbp" startTime="2025-08-22T08:10:56.8491340-04:00" endTime="2025-08-22T08:10:56.8494240-04:00" testType="13cdc9d9-ddb5-4fa4-a97d-d965ccfc6d4b" outcome="Passed" testListId="8c84fa94-04c1-424b-9868-57a2d4851a1d" relativeResultsDirectory="ec980bb7-4d2f-409f-8a9c-e5c863427936" />
    <UnitTestResult executionId="ba1eb5ba-98b5-4dbf-8b80-09568850cfcf" testId="197d35fc-39a4-fea2-6905-93fada68d92e" testName="Parser Tests.Statement Parser Tests.Parser Fixes.Table Assignment at Statement Level (Fixed).table method result assignment" computerName="dadsmbp" startTime="2025-08-22T08:10:56.8711470-04:00" endTime="2025-08-22T08:10:56.8714830-04:00" testType="13cdc9d9-ddb5-4fa4-a97d-d965ccfc6d4b" outcome="Passed" testListId="8c84fa94-04c1-424b-9868-57a2d4851a1d" relativeResultsDirectory="ba1eb5ba-98b5-4dbf-8b80-09568850cfcf" />
    <UnitTestResult executionId="0082dd39-3f35-42bd-8516-d07f75322ca0" testId="61a7a37d-f46f-ed42-bd70-9b1373a3ced4" testName="Parser Tests.Expression Parser Tests.Function Expressions.function with body" computerName="dadsmbp" duration="00:00:00.0010000" startTime="2025-08-22T08:10:56.8269520-04:00" endTime="2025-08-22T08:10:56.8290270-04:00" testType="13cdc9d9-ddb5-4fa4-a97d-d965ccfc6d4b" outcome="Passed" testListId="8c84fa94-04c1-424b-9868-57a2d4851a1d" relativeResultsDirectory="0082dd39-3f35-42bd-8516-d07f75322ca0" />
    <UnitTestResult executionId="09e4aa9c-c7c7-4a33-92be-dcf59b85eec4" testId="6da5de44-db3e-61ee-f3a8-e77c4b84e1d8" testName="Parser Tests.Expression Parser Tests.Unary Operators.length" computerName="dadsmbp" startTime="2025-08-22T08:10:56.7612340-04:00" endTime="2025-08-22T08:10:56.7613490-04:00" testType="13cdc9d9-ddb5-4fa4-a97d-d965ccfc6d4b" outcome="Passed" testListId="8c84fa94-04c1-424b-9868-57a2d4851a1d" relativeResultsDirectory="09e4aa9c-c7c7-4a33-92be-dcf59b85eec4" />
    <UnitTestResult executionId="046e93ff-ffe2-4580-b369-9dd5494f080c" testId="8b13a765-8c99-aabc-b19d-11c9ca6f1b68" testName="Parser Tests.Expression Parser Tests.Table Access.dot access" computerName="dadsmbp" startTime="2025-08-22T08:10:56.8046820-04:00" endTime="2025-08-22T08:10:56.8050730-04:00" testType="13cdc9d9-ddb5-4fa4-a97d-d965ccfc6d4b" outcome="Passed" testListId="8c84fa94-04c1-424b-9868-57a2d4851a1d" relativeResultsDirectory="046e93ff-ffe2-4580-b369-9dd5494f080c" />
    <UnitTestResult executionId="42b86311-a800-4057-9d86-8e68b617ec3f" testId="ab03aeee-2a55-ff2d-2d4f-6583c6d3f265" testName="Parser Tests.Expression Parser Tests.Comparison Operators.not equal" computerName="dadsmbp" startTime="2025-08-22T08:10:56.7833700-04:00" endTime="2025-08-22T08:10:56.7836230-04:00" testType="13cdc9d9-ddb5-4fa4-a97d-d965ccfc6d4b" outcome="Passed" testListId="8c84fa94-04c1-424b-9868-57a2d4851a1d" relativeResultsDirectory="42b86311-a800-4057-9d86-8e68b617ec3f" />
    <UnitTestResult executionId="31be5470-8bce-4435-860e-159988f7d2be" testId="d62fdd4e-c660-b54e-8965-95156526d6c3" testName="Parser Tests.Statement Parser Tests.Control Flow Statements.Function Definitions.nested method" computerName="dadsmbp" startTime="2025-08-22T08:10:56.8602880-04:00" endTime="2025-08-22T08:10:56.8606510-04:00" testType="13cdc9d9-ddb5-4fa4-a97d-d965ccfc6d4b" outcome="Passed" testListId="8c84fa94-04c1-424b-9868-57a2d4851a1d" relativeResultsDirectory="31be5470-8bce-4435-860e-159988f7d2be" />
    <UnitTestResult executionId="69ff7716-57f1-462c-8e09-e48d7249e28a" testId="1e8f1476-74a1-8640-15d5-70d9d9626f1e" testName="Parser Tests.Statement Parser Tests.Variable Attributes.Function Parameter Attributes.function with const parameter" computerName="dadsmbp" startTime="2025-08-22T08:10:56.8604840-04:00" endTime="2025-08-22T08:10:56.8604980-04:00" testType="13cdc9d9-ddb5-4fa4-a97d-d965ccfc6d4b" outcome="Passed" testListId="8c84fa94-04c1-424b-9868-57a2d4851a1d" relativeResultsDirectory="69ff7716-57f1-462c-8e09-e48d7249e28a" />
    <UnitTestResult executionId="c848914f-8c68-41a5-a4df-394ea1433595" testId="d196b395-f31e-f4e9-9268-5512404cf3f1" testName="Parser Tests.Statement Parser Tests.Parser Fixes.Table Access in Binary Expressions (Fixed).whitespace variations" computerName="dadsmbp" startTime="2025-08-22T08:10:56.8822770-04:00" endTime="2025-08-22T08:10:56.8826530-04:00" testType="13cdc9d9-ddb5-4fa4-a97d-d965ccfc6d4b" outcome="Passed" testListId="8c84fa94-04c1-424b-9868-57a2d4851a1d" relativeResultsDirectory="c848914f-8c68-41a5-a4df-394ea1433595" />
    <UnitTestResult executionId="087fb4d1-9d23-4173-b767-c9b85c49aa32" testId="a14baa81-afe4-ffee-4549-d9c74ec6ed97" testName="Parser Tests.Statement Parser Tests.Variable Attributes.Generic For Attributes.generic for with mixed attributes" computerName="dadsmbp" startTime="2025-08-22T08:10:56.8710810-04:00" endTime="2025-08-22T08:10:56.8711340-04:00" testType="13cdc9d9-ddb5-4fa4-a97d-d965ccfc6d4b" outcome="Passed" testListId="8c84fa94-04c1-424b-9868-57a2d4851a1d" relativeResultsDirectory="087fb4d1-9d23-4173-b767-c9b85c49aa32" />
    <UnitTestResult executionId="638627cf-d08c-4acf-8dd4-cb33127166db" testId="de963660-c9b7-1271-b4b4-cb536cfbd754" testName="Parser Tests.Statement Parser Tests.Parser Fixes.Table Assignment at Statement Level (Fixed).table index assignment" computerName="dadsmbp" startTime="2025-08-22T08:10:56.8710820-04:00" endTime="2025-08-22T08:10:56.8711320-04:00" testType="13cdc9d9-ddb5-4fa4-a97d-d965ccfc6d4b" outcome="Passed" testListId="8c84fa94-04c1-424b-9868-57a2d4851a1d" relativeResultsDirectory="638627cf-d08c-4acf-8dd4-cb33127166db" />
    <UnitTestResult executionId="44b134c4-3745-467e-b1c1-6248de1629e8" testId="17166041-3a52-168f-5319-cb48ea781845" testName="Parser Tests.Expression Parser Tests.Literals.decimal escape max value" computerName="dadsmbp" startTime="2025-08-22T08:10:56.7389720-04:00" endTime="2025-08-22T08:10:56.7400190-04:00" testType="13cdc9d9-ddb5-4fa4-a97d-d965ccfc6d4b" outcome="Passed" testListId="8c84fa94-04c1-424b-9868-57a2d4851a1d" relativeResultsDirectory="44b134c4-3745-467e-b1c1-6248de1629e8" />
    <UnitTestResult executionId="70410ce4-31d9-4bf9-8e54-386a1e6afb2b" testId="acbd658a-0a3a-c64b-60e8-e42ad757ae25" testName="Parser Tests.Expression Parser Tests.Literals.empty string" computerName="dadsmbp" duration="00:00:00.0300000" startTime="2025-08-22T08:10:56.6922570-04:00" endTime="2025-08-22T08:10:56.7278420-04:00" testType="13cdc9d9-ddb5-4fa4-a97d-d965ccfc6d4b" outcome="Passed" testListId="8c84fa94-04c1-424b-9868-57a2d4851a1d" relativeResultsDirectory="70410ce4-31d9-4bf9-8e54-386a1e6afb2b" />
    <UnitTestResult executionId="23294852-8328-474c-929c-255cba741ca5" testId="ed26fc88-791f-1658-dbfa-7a48264cd0f8" testName="Parser Tests.Statement Parser Tests.Control Flow Statements.For Loops.numeric for with body" computerName="dadsmbp" startTime="2025-08-22T08:10:56.8491730-04:00" endTime="2025-08-22T08:10:56.8493700-04:00" testType="13cdc9d9-ddb5-4fa4-a97d-d965ccfc6d4b" outcome="Passed" testListId="8c84fa94-04c1-424b-9868-57a2d4851a1d" relativeResultsDirectory="23294852-8328-474c-929c-255cba741ca5" />
    <UnitTestResult executionId="03b18986-4ee6-4d80-89db-691fc0904f2d" testId="ee64b813-f0cb-cb72-0323-df3a54bc0a5e" testName="Parser Tests.Statement Parser Tests.Control Flow Statements.Labels and Goto.goto with numbers" computerName="dadsmbp" startTime="2025-08-22T08:10:56.8492600-04:00" endTime="2025-08-22T08:10:56.8493910-04:00" testType="13cdc9d9-ddb5-4fa4-a97d-d965ccfc6d4b" outcome="Passed" testListId="8c84fa94-04c1-424b-9868-57a2d4851a1d" relativeResultsDirectory="03b18986-4ee6-4d80-89db-691fc0904f2d" />
    <UnitTestResult executionId="43420aaa-f599-4059-beb2-a25eb5ac7624" testId="e5732d60-3c29-5f54-625b-18b06e1698c9" testName="Parser Tests.Statement Parser Tests.Control Flow Statements.if with elseif" computerName="dadsmbp" startTime="2025-08-22T08:10:56.8380850-04:00" endTime="2025-08-22T08:10:56.8392050-04:00" testType="13cdc9d9-ddb5-4fa4-a97d-d965ccfc6d4b" outcome="Passed" testListId="8c84fa94-04c1-424b-9868-57a2d4851a1d" relativeResultsDirectory="43420aaa-f599-4059-beb2-a25eb5ac7624" />
    <UnitTestResult executionId="ab78ebdb-f9fb-4c75-afac-3e672a21f256" testId="df226330-7aa0-8c33-1b47-375d91200853" testName="Parser Tests.Expression Parser Tests.Comparison Operators.greater" computerName="dadsmbp" startTime="2025-08-22T08:10:56.7833270-04:00" endTime="2025-08-22T08:10:56.7835310-04:00" testType="13cdc9d9-ddb5-4fa4-a97d-d965ccfc6d4b" outcome="Passed" testListId="8c84fa94-04c1-424b-9868-57a2d4851a1d" relativeResultsDirectory="ab78ebdb-f9fb-4c75-afac-3e672a21f256" />
    <UnitTestResult executionId="d957dfbf-ea36-48b0-839f-ef48d2038e9b" testId="d1220d6b-41d1-f6d0-a837-b5893fc68d06" testName="Parser Tests.Expression Parser Tests.Literals.hex escape mixed case" computerName="dadsmbp" startTime="2025-08-22T08:10:56.7498920-04:00" endTime="2025-08-22T08:10:56.7502430-04:00" testType="13cdc9d9-ddb5-4fa4-a97d-d965ccfc6d4b" outcome="Passed" testListId="8c84fa94-04c1-424b-9868-57a2d4851a1d" relativeResultsDirectory="d957dfbf-ea36-48b0-839f-ef48d2038e9b" />
    <UnitTestResult executionId="de030c4a-8e36-42ac-8851-a6bac581e22f" testId="37aa9393-f589-b635-2eec-42cc9cc48359" testName="Parser Tests.Expression Parser Tests.Table Access.bracket access expression" computerName="dadsmbp" startTime="2025-08-22T08:10:56.8047120-04:00" endTime="2025-08-22T08:10:56.8052800-04:00" testType="13cdc9d9-ddb5-4fa4-a97d-d965ccfc6d4b" outcome="Passed" testListId="8c84fa94-04c1-424b-9868-57a2d4851a1d" relativeResultsDirectory="de030c4a-8e36-42ac-8851-a6bac581e22f" />
    <UnitTestResult executionId="dfc7454a-fca2-4412-ba9a-20f0a9de649f" testId="b21fa29a-c221-a436-8f17-6ab1b870468e" testName="Parser Tests.Statement Parser Tests.Parser Fixes.Complex Assignment Patterns.table assignment in sequence" computerName="dadsmbp" startTime="2025-08-22T08:10:56.8822530-04:00" endTime="2025-08-22T08:10:56.8826100-04:00" testType="13cdc9d9-ddb5-4fa4-a97d-d965ccfc6d4b" outcome="Passed" testListId="8c84fa94-04c1-424b-9868-57a2d4851a1d" relativeResultsDirectory="dfc7454a-fca2-4412-ba9a-20f0a9de649f" />
    <UnitTestResult executionId="658750e5-dbe0-49d3-8bbf-12ef4778428b" testId="ac74d753-3ccd-5e13-c5be-1ad7a4aad554" testName="Long string parsing.Nested brackets" computerName="dadsmbp" duration="00:00:00.0050000" startTime="2025-08-22T08:10:56.8923850-04:00" endTime="2025-08-22T08:10:56.8979630-04:00" testType="13cdc9d9-ddb5-4fa4-a97d-d965ccfc6d4b" outcome="Passed" testListId="8c84fa94-04c1-424b-9868-57a2d4851a1d" relativeResultsDirectory="658750e5-dbe0-49d3-8bbf-12ef4778428b" />
    <UnitTestResult executionId="d92883c5-fa01-40f5-8873-03b780acb1c9" testId="e1168bf7-fb11-75ad-9550-9989387a8ebe" testName="Parser Tests.Statement Parser Tests.Integration Tests - Multiple Features.return with method calls and table constructor" computerName="dadsmbp" startTime="2025-08-22T08:10:56.8603460-04:00" endTime="2025-08-22T08:10:56.8606100-04:00" testType="13cdc9d9-ddb5-4fa4-a97d-d965ccfc6d4b" outcome="Passed" testListId="8c84fa94-04c1-424b-9868-57a2d4851a1d" relativeResultsDirectory="d92883c5-fa01-40f5-8873-03b780acb1c9" />
    <UnitTestResult executionId="0b67e80f-6e09-4eab-aa88-1677d966d218" testId="a4cab702-ac88-7d1a-c836-d98380cd86ed" testName="Parser Tests.Expression Parser Tests.Literals.unicode escape A" computerName="dadsmbp" startTime="2025-08-22T08:10:56.7499210-04:00" endTime="2025-08-22T08:10:56.7511320-04:00" testType="13cdc9d9-ddb5-4fa4-a97d-d965ccfc6d4b" outcome="Passed" testListId="8c84fa94-04c1-424b-9868-57a2d4851a1d" relativeResultsDirectory="0b67e80f-6e09-4eab-aa88-1677d966d218" />
    <UnitTestResult executionId="e9aa402e-2efc-4da2-bc55-eb3d1da78460" testId="4d224471-c0d3-8189-5d40-1274a3458e31" testName="Parser Tests.Expression Parser Tests.Literals.literals.lua case 1" computerName="dadsmbp" startTime="2025-08-22T08:10:56.7502130-04:00" endTime="2025-08-22T08:10:56.7504710-04:00" testType="13cdc9d9-ddb5-4fa4-a97d-d965ccfc6d4b" outcome="Passed" testListId="8c84fa94-04c1-424b-9868-57a2d4851a1d" relativeResultsDirectory="e9aa402e-2efc-4da2-bc55-eb3d1da78460" />
    <UnitTestResult executionId="63a4c838-5c2f-44c9-8921-5a75d56de646" testId="eb8a8a87-74b5-4d8f-53ef-eaad7463aa03" testName="Parser Tests.Expression Parser Tests.Additive Operators.left associative" computerName="dadsmbp" startTime="2025-08-22T08:10:56.7722580-04:00" endTime="2025-08-22T08:10:56.7728220-04:00" testType="13cdc9d9-ddb5-4fa4-a97d-d965ccfc6d4b" outcome="Passed" testListId="8c84fa94-04c1-424b-9868-57a2d4851a1d" relativeResultsDirectory="63a4c838-5c2f-44c9-8921-5a75d56de646" />
    <UnitTestResult executionId="c81c9949-d8ad-49c0-a66e-395b553947b4" testId="a81fb642-5efa-96c7-9da8-620d14375041" testName="Parser Tests.Expression Parser Tests.Unary Operators.bitwise not" computerName="dadsmbp" startTime="2025-08-22T08:10:56.7721380-04:00" endTime="2025-08-22T08:10:56.7722680-04:00" testType="13cdc9d9-ddb5-4fa4-a97d-d965ccfc6d4b" outcome="Passed" testListId="8c84fa94-04c1-424b-9868-57a2d4851a1d" relativeResultsDirectory="c81c9949-d8ad-49c0-a66e-395b553947b4" />
    <UnitTestResult executionId="8468b06c-8c4c-428c-9823-64747c20fd6b" testId="825fd467-52f0-ebc3-102d-d554859cb5d0" testName="Parser Tests.Expression Parser Tests.Literals.literals.lua case 3" computerName="dadsmbp" startTime="2025-08-22T08:10:56.7610140-04:00" endTime="2025-08-22T08:10:56.7610670-04:00" testType="13cdc9d9-ddb5-4fa4-a97d-d965ccfc6d4b" outcome="Passed" testListId="8c84fa94-04c1-424b-9868-57a2d4851a1d" relativeResultsDirectory="8468b06c-8c4c-428c-9823-64747c20fd6b" />
    <UnitTestResult executionId="11d3fbdd-b165-4d43-83ff-d493d63f85e4" testId="879bc477-5080-4fcf-e639-e827fa9c2556" testName="Parser Tests.Expression Parser Tests.Literals.escape form feed" computerName="dadsmbp" startTime="2025-08-22T08:10:56.7389050-04:00" endTime="2025-08-22T08:10:56.7395280-04:00" testType="13cdc9d9-ddb5-4fa4-a97d-d965ccfc6d4b" outcome="Passed" testListId="8c84fa94-04c1-424b-9868-57a2d4851a1d" relativeResultsDirectory="11d3fbdd-b165-4d43-83ff-d493d63f85e4" />
    <UnitTestResult executionId="407c6cd5-40cd-45a0-8ab4-c1863c59e5f8" testId="842abb2a-cf12-4fa5-cea8-ba137980c871" testName="Parser Tests.Expression Parser Tests.Table Constructors.Named Fields.single named field" computerName="dadsmbp" startTime="2025-08-22T08:10:56.8158330-04:00" endTime="2025-08-22T08:10:56.8166070-04:00" testType="13cdc9d9-ddb5-4fa4-a97d-d965ccfc6d4b" outcome="Passed" testListId="8c84fa94-04c1-424b-9868-57a2d4851a1d" relativeResultsDirectory="407c6cd5-40cd-45a0-8ab4-c1863c59e5f8" />
    <UnitTestResult executionId="2fd8bf7e-3132-4082-9c6f-28729b9389c4" testId="176664cd-e332-31a2-9d05-82d737b12220" testName="Parser Tests.Expression Parser Tests.Function Calls.no arguments" computerName="dadsmbp" startTime="2025-08-22T08:10:56.7936350-04:00" endTime="2025-08-22T08:10:56.7945360-04:00" testType="13cdc9d9-ddb5-4fa4-a97d-d965ccfc6d4b" outcome="Passed" testListId="8c84fa94-04c1-424b-9868-57a2d4851a1d" relativeResultsDirectory="2fd8bf7e-3132-4082-9c6f-28729b9389c4" />
    <UnitTestResult executionId="e3aeb185-5577-49dd-86e2-eda5419e3447" testId="bf42d420-5348-a17d-f0f1-75c223705f03" testName="Parser Tests.Expression Parser Tests.Unary Operators.not" computerName="dadsmbp" startTime="2025-08-22T08:10:56.7612120-04:00" endTime="2025-08-22T08:10:56.7617250-04:00" testType="13cdc9d9-ddb5-4fa4-a97d-d965ccfc6d4b" outcome="Passed" testListId="8c84fa94-04c1-424b-9868-57a2d4851a1d" relativeResultsDirectory="e3aeb185-5577-49dd-86e2-eda5419e3447" />
    <UnitTestResult executionId="eb09e839-a016-4c4b-bea1-b9c59d6d159f" testId="dd87e8f5-47dd-63a5-b069-c24fab3a48d5" testName="Parser Tests.Expression Parser Tests.Literals.escape backspace" computerName="dadsmbp" startTime="2025-08-22T08:10:56.7389070-04:00" endTime="2025-08-22T08:10:56.7395120-04:00" testType="13cdc9d9-ddb5-4fa4-a97d-d965ccfc6d4b" outcome="Passed" testListId="8c84fa94-04c1-424b-9868-57a2d4851a1d" relativeResultsDirectory="eb09e839-a016-4c4b-bea1-b9c59d6d159f" />
    <UnitTestResult executionId="23b316ec-b0db-46eb-bea3-7ebc56f5d067" testId="c9bdd070-3a4d-f33d-8633-0f0ada3f44b8" testName="Parser Tests.Expression Parser Tests.Function Calls.single argument" computerName="dadsmbp" startTime="2025-08-22T08:10:56.7936380-04:00" endTime="2025-08-22T08:10:56.7946600-04:00" testType="13cdc9d9-ddb5-4fa4-a97d-d965ccfc6d4b" outcome="Passed" testListId="8c84fa94-04c1-424b-9868-57a2d4851a1d" relativeResultsDirectory="23b316ec-b0db-46eb-bea3-7ebc56f5d067" />
    <UnitTestResult executionId="5e4fa8a7-fe8b-42b4-a469-ba75987b3090" testId="19a77eda-136e-3711-6b1c-4a0ca92ae853" testName="Parser Tests.Expression Parser Tests.Method Calls.method call with long string with space" computerName="dadsmbp" startTime="2025-08-22T08:10:56.8157680-04:00" endTime="2025-08-22T08:10:56.8158170-04:00" testType="13cdc9d9-ddb5-4fa4-a97d-d965ccfc6d4b" outcome="Passed" testListId="8c84fa94-04c1-424b-9868-57a2d4851a1d" relativeResultsDirectory="5e4fa8a7-fe8b-42b4-a469-ba75987b3090" />
    <UnitTestResult executionId="29bd0069-f861-4163-857d-91e397379656" testId="384e7e46-2939-dfa4-d397-51eef363ea84" testName="Parser Tests.Statement Parser Tests.Control Flow Statements.Function Definitions.simple function" computerName="dadsmbp" startTime="2025-08-22T08:10:56.8492630-04:00" endTime="2025-08-22T08:10:56.8497150-04:00" testType="13cdc9d9-ddb5-4fa4-a97d-d965ccfc6d4b" outcome="Passed" testListId="8c84fa94-04c1-424b-9868-57a2d4851a1d" relativeResultsDirectory="29bd0069-f861-4163-857d-91e397379656" />
    <UnitTestResult executionId="974c13a1-54e8-48ba-9b1a-3a817825f8d6" testId="f56c348e-07a4-4939-d517-9340c0ab873a" testName="Parser Tests.Statement Parser Tests.Control Flow Statements.Labels and Goto.simple label" computerName="dadsmbp" startTime="2025-08-22T08:10:56.8492130-04:00" endTime="2025-08-22T08:10:56.8493740-04:00" testType="13cdc9d9-ddb5-4fa4-a97d-d965ccfc6d4b" outcome="Passed" testListId="8c84fa94-04c1-424b-9868-57a2d4851a1d" relativeResultsDirectory="974c13a1-54e8-48ba-9b1a-3a817825f8d6" />
    <UnitTestResult executionId="acbc5394-a91a-4790-9ad7-ebe42b38f5d8" testId="affcd0cb-5609-83cd-3160-dc9ebb422db5" testName="Parser Tests.Expression Parser Tests.Edge Cases.deeply nested precedence" computerName="dadsmbp" startTime="2025-08-22T08:10:56.7936300-04:00" endTime="2025-08-22T08:10:56.7937930-04:00" testType="13cdc9d9-ddb5-4fa4-a97d-d965ccfc6d4b" outcome="Passed" testListId="8c84fa94-04c1-424b-9868-57a2d4851a1d" relativeResultsDirectory="acbc5394-a91a-4790-9ad7-ebe42b38f5d8" />
    <UnitTestResult executionId="f0c5f433-544a-47d4-8ca9-7808b565d7a2" testId="b6013297-8c3d-783b-6fe1-bb174e228c37" testName="Parser Tests.Expression Parser Tests.Literals.decimal escape null" computerName="dadsmbp" startTime="2025-08-22T08:10:56.7389370-04:00" endTime="2025-08-22T08:10:56.7400070-04:00" testType="13cdc9d9-ddb5-4fa4-a97d-d965ccfc6d4b" outcome="Passed" testListId="8c84fa94-04c1-424b-9868-57a2d4851a1d" relativeResultsDirectory="f0c5f433-544a-47d4-8ca9-7808b565d7a2" />
    <UnitTestResult executionId="676bbcc3-3d81-468a-bb61-d9e20cf001f4" testId="32c198b5-8ae6-5eaa-e3d6-53da2a126eff" testName="Parser Tests.Statement Parser Tests.Control Flow Statements.if with elseif and else" computerName="dadsmbp" startTime="2025-08-22T08:10:56.8380900-04:00" endTime="2025-08-22T08:10:56.8392230-04:00" testType="13cdc9d9-ddb5-4fa4-a97d-d965ccfc6d4b" outcome="Passed" testListId="8c84fa94-04c1-424b-9868-57a2d4851a1d" relativeResultsDirectory="676bbcc3-3d81-468a-bb61-d9e20cf001f4" />
    <UnitTestResult executionId="be8c2a82-39c8-4221-900b-4f1f38cf2ca2" testId="d42cbb2a-9c1a-4f4b-4584-5987904f9667" testName="Parser Tests.Expression Parser Tests.Table Constructors.Complex Examples.table with method calls" computerName="dadsmbp" startTime="2025-08-22T08:10:56.8268920-04:00" endTime="2025-08-22T08:10:56.8269420-04:00" testType="13cdc9d9-ddb5-4fa4-a97d-d965ccfc6d4b" outcome="Passed" testListId="8c84fa94-04c1-424b-9868-57a2d4851a1d" relativeResultsDirectory="be8c2a82-39c8-4221-900b-4f1f38cf2ca2" />
    <UnitTestResult executionId="87b689df-e908-4645-b8cf-c0020b453844" testId="7629efc5-22c4-69dc-f7ed-95c284f64f2c" testName="Parser Tests.Expression Parser Tests.Literals.escape carriage return" computerName="dadsmbp" startTime="2025-08-22T08:10:56.7389210-04:00" endTime="2025-08-22T08:10:56.7395470-04:00" testType="13cdc9d9-ddb5-4fa4-a97d-d965ccfc6d4b" outcome="Passed" testListId="8c84fa94-04c1-424b-9868-57a2d4851a1d" relativeResultsDirectory="87b689df-e908-4645-b8cf-c0020b453844" />
    <UnitTestResult executionId="d60fcd35-620f-4497-abc3-6e39394d20b2" testId="c8ec8d0b-8726-1048-5a8e-70417ccfe9cc" testName="Parser Tests.Expression Parser Tests.Literals.escape vertical tab" computerName="dadsmbp" startTime="2025-08-22T08:10:56.7389260-04:00" endTime="2025-08-22T08:10:56.7396970-04:00" testType="13cdc9d9-ddb5-4fa4-a97d-d965ccfc6d4b" outcome="Passed" testListId="8c84fa94-04c1-424b-9868-57a2d4851a1d" relativeResultsDirectory="d60fcd35-620f-4497-abc3-6e39394d20b2" />
    <UnitTestResult executionId="75ab069f-b553-4821-8e3e-786cacae4672" testId="e49a374f-44a9-aa9d-355d-21ac7439d26a" testName="Function call parsing.Call with string literal (no parens)" computerName="dadsmbp" startTime="2025-08-22T08:10:56.9035180-04:00" endTime="2025-08-22T08:10:56.9042810-04:00" testType="13cdc9d9-ddb5-4fa4-a97d-d965ccfc6d4b" outcome="Passed" testListId="8c84fa94-04c1-424b-9868-57a2d4851a1d" relativeResultsDirectory="75ab069f-b553-4821-8e3e-786cacae4672" />
    <UnitTestResult executionId="158f80f5-9b04-4132-a259-c8e7d33a3bc8" testId="f5a75e3b-7a61-b51c-fbbf-ba6389078cf8" testName="Parser Tests.Statement Parser Tests.Parser Fixes.Table Assignment at Statement Level (Fixed).table assignment with expression key" computerName="dadsmbp" startTime="2025-08-22T08:10:56.8711160-04:00" endTime="2025-08-22T08:10:56.8713020-04:00" testType="13cdc9d9-ddb5-4fa4-a97d-d965ccfc6d4b" outcome="Passed" testListId="8c84fa94-04c1-424b-9868-57a2d4851a1d" relativeResultsDirectory="158f80f5-9b04-4132-a259-c8e7d33a3bc8" />
    <UnitTestResult executionId="e6f2bd39-41c4-4aa2-b2c8-88aac80feb70" testId="61b22050-97ad-20ac-89ce-f3b72a5a8e5a" testName="Parser Tests.Statement Parser Tests.Parser Fixes.Complex Assignment Patterns.assignment with table constructor key" computerName="dadsmbp" startTime="2025-08-22T08:10:56.8822260-04:00" endTime="2025-08-22T08:10:56.8825170-04:00" testType="13cdc9d9-ddb5-4fa4-a97d-d965ccfc6d4b" outcome="Passed" testListId="8c84fa94-04c1-424b-9868-57a2d4851a1d" relativeResultsDirectory="e6f2bd39-41c4-4aa2-b2c8-88aac80feb70" />
    <UnitTestResult executionId="4d00e675-9fc7-4196-90bc-a149e56561d0" testId="3f3fa638-09ba-1011-7392-05cac169df0e" testName="Parser Tests.Expression Parser Tests.Complex Expressions.operator precedence" computerName="dadsmbp" startTime="2025-08-22T08:10:56.7834000-04:00" endTime="2025-08-22T08:10:56.7837560-04:00" testType="13cdc9d9-ddb5-4fa4-a97d-d965ccfc6d4b" outcome="Passed" testListId="8c84fa94-04c1-424b-9868-57a2d4851a1d" relativeResultsDirectory="4d00e675-9fc7-4196-90bc-a149e56561d0" />
    <UnitTestResult executionId="8ce5ccb2-d10e-4e1c-95a5-656440988670" testId="e9dbbd1d-bdb4-59d4-eeba-825afa778cbf" testName="Parser Tests.Statement Parser Tests.Basic Statements.multiple local with function call" computerName="dadsmbp" startTime="2025-08-22T08:10:56.8380280-04:00" endTime="2025-08-22T08:10:56.8381830-04:00" testType="13cdc9d9-ddb5-4fa4-a97d-d965ccfc6d4b" outcome="Passed" testListId="8c84fa94-04c1-424b-9868-57a2d4851a1d" relativeResultsDirectory="8ce5ccb2-d10e-4e1c-95a5-656440988670" />
    <UnitTestResult executionId="6c81da50-3adc-4936-bee5-39de62b06d76" testId="6d9ca8dd-f154-227d-84e3-afa1a8dfa77e" testName="Parser Tests.Expression Parser Tests.Table Constructors.Mixed Fields.nested tables" computerName="dadsmbp" startTime="2025-08-22T08:10:56.8268570-04:00" endTime="2025-08-22T08:10:56.8269100-04:00" testType="13cdc9d9-ddb5-4fa4-a97d-d965ccfc6d4b" outcome="Passed" testListId="8c84fa94-04c1-424b-9868-57a2d4851a1d" relativeResultsDirectory="6c81da50-3adc-4936-bee5-39de62b06d76" />
    <UnitTestResult executionId="ddec43a0-3de1-4370-9b7e-b89bdbcfe2d4" testId="e6fd593e-8926-6b22-f12a-96430c0fbf2e" testName="Parser Tests.Expression Parser Tests.Literals.unicode escape zero" computerName="dadsmbp" startTime="2025-08-22T08:10:56.7499310-04:00" endTime="2025-08-22T08:10:56.7511310-04:00" testType="13cdc9d9-ddb5-4fa4-a97d-d965ccfc6d4b" outcome="Passed" testListId="8c84fa94-04c1-424b-9868-57a2d4851a1d" relativeResultsDirectory="ddec43a0-3de1-4370-9b7e-b89bdbcfe2d4" />
    <UnitTestResult executionId="1fcc12ab-6806-4ba8-932c-1a7e3131a7bf" testId="e514b4b5-ff0e-0503-c03f-cd130b642260" testName="Parser Tests.Statement Parser Tests.Variable Attributes.Function Parameter Attributes.function with close parameter" computerName="dadsmbp" startTime="2025-08-22T08:10:56.8710280-04:00" endTime="2025-08-22T08:10:56.8710840-04:00" testType="13cdc9d9-ddb5-4fa4-a97d-d965ccfc6d4b" outcome="Passed" testListId="8c84fa94-04c1-424b-9868-57a2d4851a1d" relativeResultsDirectory="1fcc12ab-6806-4ba8-932c-1a7e3131a7bf" />
    <UnitTestResult executionId="42ce23b3-57ed-4742-9a63-f70d7184235d" testId="3dc1068f-82d6-84de-c908-e4f233ecb350" testName="Parser Tests.Expression Parser Tests.Table Constructors.Mixed Fields.all field types" computerName="dadsmbp" startTime="2025-08-22T08:10:56.8158710-04:00" endTime="2025-08-22T08:10:56.8166280-04:00" testType="13cdc9d9-ddb5-4fa4-a97d-d965ccfc6d4b" outcome="Passed" testListId="8c84fa94-04c1-424b-9868-57a2d4851a1d" relativeResultsDirectory="42ce23b3-57ed-4742-9a63-f70d7184235d" />
    <UnitTestResult executionId="6de064ac-9260-43d4-a465-e6de320c3c11" testId="657128c5-a00a-417a-0398-225465022baf" testName="Parser Tests.Expression Parser Tests.Table Constructors.Named Fields.named field with expression" computerName="dadsmbp" startTime="2025-08-22T08:10:56.8158330-04:00" endTime="2025-08-22T08:10:56.8165900-04:00" testType="13cdc9d9-ddb5-4fa4-a97d-d965ccfc6d4b" outcome="Passed" testListId="8c84fa94-04c1-424b-9868-57a2d4851a1d" relativeResultsDirectory="6de064ac-9260-43d4-a465-e6de320c3c11" />
    <UnitTestResult executionId="75149075-9903-49c3-9464-ddb68669f9ae" testId="cfa379e1-09d8-dba5-206b-c6e2aaf24ff1" testName="Parser Tests.Expression Parser Tests.Table Access.bracket access string" computerName="dadsmbp" startTime="2025-08-22T08:10:56.8046930-04:00" endTime="2025-08-22T08:10:56.8052720-04:00" testType="13cdc9d9-ddb5-4fa4-a97d-d965ccfc6d4b" outcome="Passed" testListId="8c84fa94-04c1-424b-9868-57a2d4851a1d" relativeResultsDirectory="75149075-9903-49c3-9464-ddb68669f9ae" />
    <UnitTestResult executionId="ebe32e72-292a-4c97-9777-599be83479dc" testId="1c24d863-fa07-deb5-4fb7-f467d466cb55" testName="Parser Tests.Expression Parser Tests.Parentheses.nested parentheses" computerName="dadsmbp" startTime="2025-08-22T08:10:56.7610840-04:00" endTime="2025-08-22T08:10:56.7613980-04:00" testType="13cdc9d9-ddb5-4fa4-a97d-d965ccfc6d4b" outcome="Passed" testListId="8c84fa94-04c1-424b-9868-57a2d4851a1d" relativeResultsDirectory="ebe32e72-292a-4c97-9777-599be83479dc" />
    <UnitTestResult executionId="eceaf38b-a845-4a26-9ffc-65331e681ef7" testId="a4206639-8551-015b-9278-1c1f53a52704" testName="Parser Tests.Expression Parser Tests.Power Operator.right associative" computerName="dadsmbp" startTime="2025-08-22T08:10:56.7721640-04:00" endTime="2025-08-22T08:10:56.7728480-04:00" testType="13cdc9d9-ddb5-4fa4-a97d-d965ccfc6d4b" outcome="Passed" testListId="8c84fa94-04c1-424b-9868-57a2d4851a1d" relativeResultsDirectory="eceaf38b-a845-4a26-9ffc-65331e681ef7" />
    <UnitTestResult executionId="6e1722f5-2ccc-4b96-932d-86271b55e484" testId="1a716a10-d641-d602-72f7-3f93f8cd0402" testName="Parser Tests.Expression Parser Tests.Table Constructors.Complex Examples.mixed complex expressions" computerName="dadsmbp" duration="00:00:00.0010000" startTime="2025-08-22T08:10:56.8269210-04:00" endTime="2025-08-22T08:10:56.8285180-04:00" testType="13cdc9d9-ddb5-4fa4-a97d-d965ccfc6d4b" outcome="Passed" testListId="8c84fa94-04c1-424b-9868-57a2d4851a1d" relativeResultsDirectory="6e1722f5-2ccc-4b96-932d-86271b55e484" />
    <UnitTestResult executionId="c990f1bf-9e9e-4328-a5a3-b8a9e7b7735f" testId="50da10f7-26a6-5189-a981-de50fa2ada1b" testName="Parser Tests.Expression Parser Tests.Edge Cases.boolean logic chain" computerName="dadsmbp" startTime="2025-08-22T08:10:56.7936320-04:00" endTime="2025-08-22T08:10:56.7938660-04:00" testType="13cdc9d9-ddb5-4fa4-a97d-d965ccfc6d4b" outcome="Passed" testListId="8c84fa94-04c1-424b-9868-57a2d4851a1d" relativeResultsDirectory="c990f1bf-9e9e-4328-a5a3-b8a9e7b7735f" />
    <UnitTestResult executionId="43aebd03-5b16-4b7a-824a-280188de4715" testId="254cc30b-5b1d-8fc3-09ec-d3df0b2b3af0" testName="Parser Tests.Expression Parser Tests.Table Constructors.Named Fields.multiple named fields" computerName="dadsmbp" startTime="2025-08-22T08:10:56.8158310-04:00" endTime="2025-08-22T08:10:56.8166230-04:00" testType="13cdc9d9-ddb5-4fa4-a97d-d965ccfc6d4b" outcome="Passed" testListId="8c84fa94-04c1-424b-9868-57a2d4851a1d" relativeResultsDirectory="43aebd03-5b16-4b7a-824a-280188de4715" />
    <UnitTestResult executionId="f111be0f-50ec-4f69-8eb4-eaa6ee8f3543" testId="bdad5a6a-6be3-3f5f-d1ce-c9d3ae870232" testName="Parser Tests.Expression Parser Tests.Literals.null in middle" computerName="dadsmbp" startTime="2025-08-22T08:10:56.7502010-04:00" endTime="2025-08-22T08:10:56.7503980-04:00" testType="13cdc9d9-ddb5-4fa4-a97d-d965ccfc6d4b" outcome="Passed" testListId="8c84fa94-04c1-424b-9868-57a2d4851a1d" relativeResultsDirectory="f111be0f-50ec-4f69-8eb4-eaa6ee8f3543" />
    <UnitTestResult executionId="797d851f-9b37-4327-9eef-51173abbafce" testId="3c0e3cca-3008-f566-244c-afe831eddad2" testName="Parser Tests.Expression Parser Tests.Function Calls.multiple arguments" computerName="dadsmbp" startTime="2025-08-22T08:10:56.7936570-04:00" endTime="2025-08-22T08:10:56.7946570-04:00" testType="13cdc9d9-ddb5-4fa4-a97d-d965ccfc6d4b" outcome="Passed" testListId="8c84fa94-04c1-424b-9868-57a2d4851a1d" relativeResultsDirectory="797d851f-9b37-4327-9eef-51173abbafce" />
    <UnitTestResult executionId="38419663-cc1c-4a22-a573-d28f07c4fae6" testId="3cd06007-638e-cadc-f706-4c9a509133f7" testName="Long string parsing.No initial newline" computerName="dadsmbp" duration="00:00:00.0050000" startTime="2025-08-22T08:10:56.8923780-04:00" endTime="2025-08-22T08:10:56.8979610-04:00" testType="13cdc9d9-ddb5-4fa4-a97d-d965ccfc6d4b" outcome="Passed" testListId="8c84fa94-04c1-424b-9868-57a2d4851a1d" relativeResultsDirectory="38419663-cc1c-4a22-a573-d28f07c4fae6" />
    <UnitTestResult executionId="0f649c3b-b7dd-4b40-ae84-76d17f06dc76" testId="48b68161-6a77-c4ee-cbc6-b600ca4b2b7f" testName="Parser Tests.Statement Parser Tests.Parser Fixes.Table Assignment at Statement Level (Fixed).table string key assignment" computerName="dadsmbp" startTime="2025-08-22T08:10:56.8711010-04:00" endTime="2025-08-22T08:10:56.8712300-04:00" testType="13cdc9d9-ddb5-4fa4-a97d-d965ccfc6d4b" outcome="Passed" testListId="8c84fa94-04c1-424b-9868-57a2d4851a1d" relativeResultsDirectory="0f649c3b-b7dd-4b40-ae84-76d17f06dc76" />
    <UnitTestResult executionId="5df13924-a8f5-411d-84e8-5d49732c92ab" testId="77611967-c39f-23b1-340b-615b960040c1" testName="Parser Tests.Expression Parser Tests.Table Constructors.Complex Examples.table with function calls" computerName="dadsmbp" startTime="2025-08-22T08:10:56.8268730-04:00" endTime="2025-08-22T08:10:56.8269310-04:00" testType="13cdc9d9-ddb5-4fa4-a97d-d965ccfc6d4b" outcome="Passed" testListId="8c84fa94-04c1-424b-9868-57a2d4851a1d" relativeResultsDirectory="5df13924-a8f5-411d-84e8-5d49732c92ab" />
    <UnitTestResult executionId="e1e0e3bc-4d8c-4374-9cac-24dc4b7fab41" testId="45db1f03-5434-2f8a-352f-bbb37bed0c95" testName="Parser Tests.Expression Parser Tests.Literals.escape tab" computerName="dadsmbp" startTime="2025-08-22T08:10:56.7387910-04:00" endTime="2025-08-22T08:10:56.7388610-04:00" testType="13cdc9d9-ddb5-4fa4-a97d-d965ccfc6d4b" outcome="Passed" testListId="8c84fa94-04c1-424b-9868-57a2d4851a1d" relativeResultsDirectory="e1e0e3bc-4d8c-4374-9cac-24dc4b7fab41" />
    <UnitTestResult executionId="09f657cc-cd17-47bf-b65f-965ecc5b03cb" testId="94f7471f-2f99-85fa-737f-00c961802a75" testName="Parser Tests.Expression Parser Tests.Literals.integer" computerName="dadsmbp" duration="00:00:00.0300000" startTime="2025-08-22T08:10:56.6917870-04:00" endTime="2025-08-22T08:10:56.7279380-04:00" testType="13cdc9d9-ddb5-4fa4-a97d-d965ccfc6d4b" outcome="Passed" testListId="8c84fa94-04c1-424b-9868-57a2d4851a1d" relativeResultsDirectory="09f657cc-cd17-47bf-b65f-965ecc5b03cb" />
    <UnitTestResult executionId="60a099fb-61f5-4b0a-b88d-6b2a8d54827c" testId="798740c7-4bcf-2860-2b4d-5db188ed8088" testName="Parser Tests.Statement Parser Tests.Parser Fixes.Complex Assignment Patterns.nil assignment to table" computerName="dadsmbp" startTime="2025-08-22T08:10:56.8822350-04:00" endTime="2025-08-22T08:10:56.8824900-04:00" testType="13cdc9d9-ddb5-4fa4-a97d-d965ccfc6d4b" outcome="Passed" testListId="8c84fa94-04c1-424b-9868-57a2d4851a1d" relativeResultsDirectory="60a099fb-61f5-4b0a-b88d-6b2a8d54827c" />
    <UnitTestResult executionId="84f2b8fb-c482-429d-9ed0-494f79db58e2" testId="1ab65006-1d16-c78b-9176-c6d1cbfa198a" testName="Parser Tests.Expression Parser Tests.Multiplicative Operators.float divide" computerName="dadsmbp" startTime="2025-08-22T08:10:56.7722100-04:00" endTime="2025-08-22T08:10:56.7728140-04:00" testType="13cdc9d9-ddb5-4fa4-a97d-d965ccfc6d4b" outcome="Passed" testListId="8c84fa94-04c1-424b-9868-57a2d4851a1d" relativeResultsDirectory="84f2b8fb-c482-429d-9ed0-494f79db58e2" />
    <UnitTestResult executionId="04f8d6b5-3ee3-43e1-8823-7a9062480c81" testId="413dc1a3-0eee-2fa8-da62-4788e8635f66" testName="Parser Tests.Statement Parser Tests.Variable Attributes.Function Parameter Attributes.local function with attributes" computerName="dadsmbp" startTime="2025-08-22T08:10:56.8710540-04:00" endTime="2025-08-22T08:10:56.8711010-04:00" testType="13cdc9d9-ddb5-4fa4-a97d-d965ccfc6d4b" outcome="Passed" testListId="8c84fa94-04c1-424b-9868-57a2d4851a1d" relativeResultsDirectory="04f8d6b5-3ee3-43e1-8823-7a9062480c81" />
    <UnitTestResult executionId="cd21c389-06f5-4075-b289-de3f09a63ecf" testId="01230dda-dd09-14e4-5ba7-6cc5a66146fe" testName="Parser Tests.Expression Parser Tests.Function Expressions.function with parameters" computerName="dadsmbp" duration="00:00:00.0010000" startTime="2025-08-22T08:10:56.8269310-04:00" endTime="2025-08-22T08:10:56.8286590-04:00" testType="13cdc9d9-ddb5-4fa4-a97d-d965ccfc6d4b" outcome="Passed" testListId="8c84fa94-04c1-424b-9868-57a2d4851a1d" relativeResultsDirectory="cd21c389-06f5-4075-b289-de3f09a63ecf" />
    <UnitTestResult executionId="1d5d57ce-a13c-4897-bf55-ee6634b5c77f" testId="0be8d713-e704-74fa-c8fe-5901f43db625" testName="Parser Tests.Expression Parser Tests.Literals.hex escape newline" computerName="dadsmbp" startTime="2025-08-22T08:10:56.7499110-04:00" endTime="2025-08-22T08:10:56.7502490-04:00" testType="13cdc9d9-ddb5-4fa4-a97d-d965ccfc6d4b" outcome="Passed" testListId="8c84fa94-04c1-424b-9868-57a2d4851a1d" relativeResultsDirectory="1d5d57ce-a13c-4897-bf55-ee6634b5c77f" />
    <UnitTestResult executionId="63d26fdc-65a5-4da0-9b27-85be963c9f2d" testId="5bb5f4cc-8a1b-1d50-5b9e-c5ad18e143dd" testName="Parser Tests.Statement Parser Tests.Control Flow Statements.For Loops.generic for single var" computerName="dadsmbp" startTime="2025-08-22T08:10:56.8491920-04:00" endTime="2025-08-22T08:10:56.8492870-04:00" testType="13cdc9d9-ddb5-4fa4-a97d-d965ccfc6d4b" outcome="Passed" testListId="8c84fa94-04c1-424b-9868-57a2d4851a1d" relativeResultsDirectory="63d26fdc-65a5-4da0-9b27-85be963c9f2d" />
    <UnitTestResult executionId="982105a7-354f-4240-b197-06b2b655e63a" testId="0b233c23-ae12-4c20-ed95-2f98eacd55ad" testName="Parser Tests.Expression Parser Tests.Literals.escape single quote" computerName="dadsmbp" startTime="2025-08-22T08:10:56.7388780-04:00" endTime="2025-08-22T08:10:56.7395010-04:00" testType="13cdc9d9-ddb5-4fa4-a97d-d965ccfc6d4b" outcome="Passed" testListId="8c84fa94-04c1-424b-9868-57a2d4851a1d" relativeResultsDirectory="982105a7-354f-4240-b197-06b2b655e63a" />
    <UnitTestResult executionId="5bd40f1e-d68e-46f5-9ba8-6e5fb33cabbb" testId="f55754ec-072d-a532-5fd1-647f087fa389" testName="Parser Tests.Expression Parser Tests.Table Constructors.Complex Examples.table with function definition" computerName="dadsmbp" duration="00:00:00.0010000" startTime="2025-08-22T08:10:56.8269050-04:00" endTime="2025-08-22T08:10:56.8285100-04:00" testType="13cdc9d9-ddb5-4fa4-a97d-d965ccfc6d4b" outcome="Passed" testListId="8c84fa94-04c1-424b-9868-57a2d4851a1d" relativeResultsDirectory="5bd40f1e-d68e-46f5-9ba8-6e5fb33cabbb" />
    <UnitTestResult executionId="10856660-e8ec-4286-a60d-e0e6cace177a" testId="13e04fc6-8833-a314-b97b-622e7e4d78bc" testName="Parser Tests.Expression Parser Tests.Method Calls.method with single arg" computerName="dadsmbp" startTime="2025-08-22T08:10:56.8047590-04:00" endTime="2025-08-22T08:10:56.8054760-04:00" testType="13cdc9d9-ddb5-4fa4-a97d-d965ccfc6d4b" outcome="Passed" testListId="8c84fa94-04c1-424b-9868-57a2d4851a1d" relativeResultsDirectory="10856660-e8ec-4286-a60d-e0e6cace177a" />
    <UnitTestResult executionId="690d3304-b12d-441c-b488-3ef4aa0b5266" testId="2224406e-7d17-912a-65f5-f2ed533b7d62" testName="Long string parsing.Initial newline removal" computerName="dadsmbp" duration="00:00:00.0050000" startTime="2025-08-22T08:10:56.8923680-04:00" endTime="2025-08-22T08:10:56.8980030-04:00" testType="13cdc9d9-ddb5-4fa4-a97d-d965ccfc6d4b" outcome="Passed" testListId="8c84fa94-04c1-424b-9868-57a2d4851a1d" relativeResultsDirectory="690d3304-b12d-441c-b488-3ef4aa0b5266" />
    <UnitTestResult executionId="24b3471e-3f38-4d32-b41e-0d4474abe06a" testId="16e83989-f14b-2617-4a53-58c2828f533b" testName="Parser Tests.Statement Parser Tests.Parser Fixes.Assignment vs Function Call Disambiguation.assignment with newline" computerName="dadsmbp" startTime="2025-08-22T08:10:56.8822130-04:00" endTime="2025-08-22T08:10:56.8824860-04:00" testType="13cdc9d9-ddb5-4fa4-a97d-d965ccfc6d4b" outcome="Passed" testListId="8c84fa94-04c1-424b-9868-57a2d4851a1d" relativeResultsDirectory="24b3471e-3f38-4d32-b41e-0d4474abe06a" />
    <UnitTestResult executionId="81112005-8b2e-4c45-8dfd-c254bbb131ec" testId="c72117c3-ab57-465e-9a92-830e8834255d" testName="Parser Tests.Expression Parser Tests.Bitwise Operators.bitwise xor" computerName="dadsmbp" startTime="2025-08-22T08:10:56.7832860-04:00" endTime="2025-08-22T08:10:56.7833970-04:00" testType="13cdc9d9-ddb5-4fa4-a97d-d965ccfc6d4b" outcome="Passed" testListId="8c84fa94-04c1-424b-9868-57a2d4851a1d" relativeResultsDirectory="81112005-8b2e-4c45-8dfd-c254bbb131ec" />
    <UnitTestResult executionId="02f9cb14-c084-4a74-b667-ba9bce505d97" testId="300f6dee-6490-83f6-adc0-de2d0fa5816e" testName="Parser Tests.Expression Parser Tests.String Concatenation.right associative" computerName="dadsmbp" startTime="2025-08-22T08:10:56.7722830-04:00" endTime="2025-08-22T08:10:56.7728350-04:00" testType="13cdc9d9-ddb5-4fa4-a97d-d965ccfc6d4b" outcome="Passed" testListId="8c84fa94-04c1-424b-9868-57a2d4851a1d" relativeResultsDirectory="02f9cb14-c084-4a74-b667-ba9bce505d97" />
    <UnitTestResult executionId="3c19ed2c-7958-4f8b-95c6-1c2a33b51eb3" testId="fdcfdd08-e7ac-a1f9-5ac4-b193cd2e55be" testName="Parser Tests.Expression Parser Tests.Identifiers.alphanumeric identifier" computerName="dadsmbp" startTime="2025-08-22T08:10:56.7610390-04:00" endTime="2025-08-22T08:10:56.7617080-04:00" testType="13cdc9d9-ddb5-4fa4-a97d-d965ccfc6d4b" outcome="Passed" testListId="8c84fa94-04c1-424b-9868-57a2d4851a1d" relativeResultsDirectory="3c19ed2c-7958-4f8b-95c6-1c2a33b51eb3" />
    <UnitTestResult executionId="9d569779-d3fc-42f7-8a66-0282bbbc8bd8" testId="4cb6405b-7bb5-3db8-6617-a196a7bd9324" testName="Parser Tests.Expression Parser Tests.Literals.hex integer" computerName="dadsmbp" duration="00:00:00.0210000" startTime="2025-08-22T08:10:56.6923850-04:00" endTime="2025-08-22T08:10:56.7278690-04:00" testType="13cdc9d9-ddb5-4fa4-a97d-d965ccfc6d4b" outcome="Passed" testListId="8c84fa94-04c1-424b-9868-57a2d4851a1d" relativeResultsDirectory="9d569779-d3fc-42f7-8a66-0282bbbc8bd8" />
    <UnitTestResult executionId="431b5004-511f-4f6d-984d-1c11b759a815" testId="572906bd-cd69-d3d4-c0be-6d2b51eb223e" testName="Parser Tests.Expression Parser Tests.Method Calls.method call with long string with equals" computerName="dadsmbp" startTime="2025-08-22T08:10:56.8157740-04:00" endTime="2025-08-22T08:10:56.8159760-04:00" testType="13cdc9d9-ddb5-4fa4-a97d-d965ccfc6d4b" outcome="Passed" testListId="8c84fa94-04c1-424b-9868-57a2d4851a1d" relativeResultsDirectory="431b5004-511f-4f6d-984d-1c11b759a815" />
    <UnitTestResult executionId="73c540f5-a678-46bb-9966-b5b2a2edba0a" testId="b54fbc8b-aa09-8101-26eb-6b944ceeffe0" testName="Parser Tests.Expression Parser Tests.Literals.float" computerName="dadsmbp" duration="00:00:00.0320000" startTime="2025-08-22T08:10:56.6917870-04:00" endTime="2025-08-22T08:10:56.7279270-04:00" testType="13cdc9d9-ddb5-4fa4-a97d-d965ccfc6d4b" outcome="Passed" testListId="8c84fa94-04c1-424b-9868-57a2d4851a1d" relativeResultsDirectory="73c540f5-a678-46bb-9966-b5b2a2edba0a" />
    <UnitTestResult executionId="14a58cac-d427-49aa-83b3-db353c72edfe" testId="8ca401d4-73e8-2216-59da-4cc641e70c7c" testName="Parser Tests.Statement Parser Tests.Basic Statements.return empty" computerName="dadsmbp" startTime="2025-08-22T08:10:56.8380440-04:00" endTime="2025-08-22T08:10:56.8380940-04:00" testType="13cdc9d9-ddb5-4fa4-a97d-d965ccfc6d4b" outcome="Passed" testListId="8c84fa94-04c1-424b-9868-57a2d4851a1d" relativeResultsDirectory="14a58cac-d427-49aa-83b3-db353c72edfe" />
    <UnitTestResult executionId="d60366fc-c165-4e55-8cad-e6c912416817" testId="c6c69823-0e8f-a585-91ca-73273148719d" testName="Parser Tests.Expression Parser Tests.Table Constructors.Key Fields.key field with expression" computerName="dadsmbp" startTime="2025-08-22T08:10:56.8158620-04:00" endTime="2025-08-22T08:10:56.8166000-04:00" testType="13cdc9d9-ddb5-4fa4-a97d-d965ccfc6d4b" outcome="Passed" testListId="8c84fa94-04c1-424b-9868-57a2d4851a1d" relativeResultsDirectory="d60366fc-c165-4e55-8cad-e6c912416817" />
    <UnitTestResult executionId="0357581a-71b5-4a4e-9cbf-2a344b2649ae" testId="db7077dd-4ef5-8d20-6540-9087a3bc4696" testName="Variable attributes (Lua 5.4).Const attribute" computerName="dadsmbp" startTime="2025-08-22T08:10:56.9035390-04:00" endTime="2025-08-22T08:10:56.9037830-04:00" testType="13cdc9d9-ddb5-4fa4-a97d-d965ccfc6d4b" outcome="Passed" testListId="8c84fa94-04c1-424b-9868-57a2d4851a1d" relativeResultsDirectory="0357581a-71b5-4a4e-9cbf-2a344b2649ae" />
    <UnitTestResult executionId="126e3285-b5fc-4298-b370-1aa4a7a68103" testId="95ca2f10-0840-0229-390b-f87fb8626041" testName="Parser Tests.Expression Parser Tests.Parentheses.parentheses with spaces" computerName="dadsmbp" startTime="2025-08-22T08:10:56.7611060-04:00" endTime="2025-08-22T08:10:56.7615950-04:00" testType="13cdc9d9-ddb5-4fa4-a97d-d965ccfc6d4b" outcome="Passed" testListId="8c84fa94-04c1-424b-9868-57a2d4851a1d" relativeResultsDirectory="126e3285-b5fc-4298-b370-1aa4a7a68103" />
    <UnitTestResult executionId="6acab3ea-2bb6-4a1e-a856-3b92ec3f236d" testId="7bc1d170-f1b7-3e2b-5aa9-100d068bc770" testName="Parser Tests.Expression Parser Tests.Whitespace Handling.no spaces" computerName="dadsmbp" startTime="2025-08-22T08:10:56.7935820-04:00" endTime="2025-08-22T08:10:56.7936860-04:00" testType="13cdc9d9-ddb5-4fa4-a97d-d965ccfc6d4b" outcome="Passed" testListId="8c84fa94-04c1-424b-9868-57a2d4851a1d" relativeResultsDirectory="6acab3ea-2bb6-4a1e-a856-3b92ec3f236d" />
    <UnitTestResult executionId="c259e601-59af-4927-a633-aa405a365093" testId="db53c524-8356-fa82-3d0f-6ff9dca12bff" testName="Parser Tests.Expression Parser Tests.Literals.multiple escapes" computerName="dadsmbp" startTime="2025-08-22T08:10:56.7499560-04:00" endTime="2025-08-22T08:10:56.7502230-04:00" testType="13cdc9d9-ddb5-4fa4-a97d-d965ccfc6d4b" outcome="Passed" testListId="8c84fa94-04c1-424b-9868-57a2d4851a1d" relativeResultsDirectory="c259e601-59af-4927-a633-aa405a365093" />
    <UnitTestResult executionId="0272ec2e-3fd6-453a-953f-7b72a9830ab4" testId="fdd1ff42-4124-956c-0518-65da789ad001" testName="Parser Tests.Statement Parser Tests.Parser Fixes.Complex Assignment Patterns.assignment with parenthesized lvalue" computerName="dadsmbp" startTime="2025-08-22T08:10:56.8822320-04:00" endTime="2025-08-22T08:10:56.8825100-04:00" testType="13cdc9d9-ddb5-4fa4-a97d-d965ccfc6d4b" outcome="Passed" testListId="8c84fa94-04c1-424b-9868-57a2d4851a1d" relativeResultsDirectory="0272ec2e-3fd6-453a-953f-7b72a9830ab4" />
    <UnitTestResult executionId="9c36c58d-42a1-4369-9b49-49a4adc3ebdc" testId="31b647c0-1b1b-231b-0aa9-4845822edf5a" testName="Parser Tests.Statement Parser Tests.Control Flow Statements.Function Definitions.method definition" computerName="dadsmbp" startTime="2025-08-22T08:10:56.8602700-04:00" endTime="2025-08-22T08:10:56.8606440-04:00" testType="13cdc9d9-ddb5-4fa4-a97d-d965ccfc6d4b" outcome="Passed" testListId="8c84fa94-04c1-424b-9868-57a2d4851a1d" relativeResultsDirectory="9c36c58d-42a1-4369-9b49-49a4adc3ebdc" />
    <UnitTestResult executionId="625b776e-9b3a-47d7-90ba-223c5d349db8" testId="d70ea16a-84c0-2dfe-d4d6-916e2a4eee9d" testName="Parser Tests.Expression Parser Tests.Complex Expressions.logical and comparison" computerName="dadsmbp" startTime="2025-08-22T08:10:56.7935590-04:00" endTime="2025-08-22T08:10:56.7936390-04:00" testType="13cdc9d9-ddb5-4fa4-a97d-d965ccfc6d4b" outcome="Passed" testListId="8c84fa94-04c1-424b-9868-57a2d4851a1d" relativeResultsDirectory="625b776e-9b3a-47d7-90ba-223c5d349db8" />
    <UnitTestResult executionId="e426640e-3770-440b-b4ef-550d8f00c5b1" testId="6bcb40f4-cf24-de68-ebe9-a8a7e6ab39fc" testName="Parser Tests.Expression Parser Tests.Literals.hex escape A" computerName="dadsmbp" startTime="2025-08-22T08:10:56.7498710-04:00" endTime="2025-08-22T08:10:56.7502120-04:00" testType="13cdc9d9-ddb5-4fa4-a97d-d965ccfc6d4b" outcome="Passed" testListId="8c84fa94-04c1-424b-9868-57a2d4851a1d" relativeResultsDirectory="e426640e-3770-440b-b4ef-550d8f00c5b1" />
    <UnitTestResult executionId="58aad5e5-aa3e-47fd-885b-ebe1a7da4a58" testId="f29bdae9-c01a-7137-ad74-65c73cf932a0" testName="Parser Tests.Expression Parser Tests.Literals.negative hex integer" computerName="dadsmbp" duration="00:00:00.0210000" startTime="2025-08-22T08:10:56.6925230-04:00" endTime="2025-08-22T08:10:56.7278610-04:00" testType="13cdc9d9-ddb5-4fa4-a97d-d965ccfc6d4b" outcome="Passed" testListId="8c84fa94-04c1-424b-9868-57a2d4851a1d" relativeResultsDirectory="58aad5e5-aa3e-47fd-885b-ebe1a7da4a58" />
    <UnitTestResult executionId="17b6a53f-6d6f-4aa8-b85b-fdb21adaf5ab" testId="e5c063e2-57d2-6d48-c35f-7e8e3d6332c0" testName="Hex literal parsing.Standard hex values" computerName="dadsmbp" startTime="2025-08-22T08:10:56.8822860-04:00" endTime="2025-08-22T08:10:56.8830630-04:00" testType="13cdc9d9-ddb5-4fa4-a97d-d965ccfc6d4b" outcome="Passed" testListId="8c84fa94-04c1-424b-9868-57a2d4851a1d" relativeResultsDirectory="17b6a53f-6d6f-4aa8-b85b-fdb21adaf5ab" />
    <UnitTestResult executionId="f6938eca-06fc-4462-9ebe-79e71a39adfc" testId="51ca660f-46f5-4f0b-f9eb-b6d216c6a4a2" testName="Parser Tests.Expression Parser Tests.Multiplicative Operators.left associative" computerName="dadsmbp" startTime="2025-08-22T08:10:56.7722190-04:00" endTime="2025-08-22T08:10:56.7728250-04:00" testType="13cdc9d9-ddb5-4fa4-a97d-d965ccfc6d4b" outcome="Passed" testListId="8c84fa94-04c1-424b-9868-57a2d4851a1d" relativeResultsDirectory="f6938eca-06fc-4462-9ebe-79e71a39adfc" />
    <UnitTestResult executionId="04c0c3aa-bb8f-4c8b-90c3-b3c51fae0201" testId="d3c442eb-a0af-517d-1486-3bae2dbdb273" testName="String escape sequences.Hex escape" computerName="dadsmbp" duration="00:00:00.0050000" startTime="2025-08-22T08:10:56.8924160-04:00" endTime="2025-08-22T08:10:56.8979750-04:00" testType="13cdc9d9-ddb5-4fa4-a97d-d965ccfc6d4b" outcome="Passed" testListId="8c84fa94-04c1-424b-9868-57a2d4851a1d" relativeResultsDirectory="04c0c3aa-bb8f-4c8b-90c3-b3c51fae0201" />
    <UnitTestResult executionId="ee10e4fc-e6a1-4c07-b1fc-4957fc00080b" testId="9aff055a-1ad6-d302-1b8e-67c3f447edb9" testName="Parser Tests.Expression Parser Tests.Bitwise Operators.precedence" computerName="dadsmbp" startTime="2025-08-22T08:10:56.7833010-04:00" endTime="2025-08-22T08:10:56.7834900-04:00" testType="13cdc9d9-ddb5-4fa4-a97d-d965ccfc6d4b" outcome="Passed" testListId="8c84fa94-04c1-424b-9868-57a2d4851a1d" relativeResultsDirectory="ee10e4fc-e6a1-4c07-b1fc-4957fc00080b" />
    <UnitTestResult executionId="d4e73550-420a-4bb9-911b-1b56d118dbca" testId="f362749b-c766-edfa-beed-a4a7ae724ae8" testName="Parser Tests.Expression Parser Tests.Table Constructors.Mixed Fields.values and named" computerName="dadsmbp" startTime="2025-08-22T08:10:56.8158660-04:00" endTime="2025-08-22T08:10:56.8166210-04:00" testType="13cdc9d9-ddb5-4fa4-a97d-d965ccfc6d4b" outcome="Passed" testListId="8c84fa94-04c1-424b-9868-57a2d4851a1d" relativeResultsDirectory="d4e73550-420a-4bb9-911b-1b56d118dbca" />
    <UnitTestResult executionId="7f797721-bf97-4b88-b669-e57dd30ec9bf" testId="8dfd896c-4a4b-dcc4-c53c-56fdcd545dd6" testName="Parser Tests.Expression Parser Tests.Complex Expressions.mixed operators" computerName="dadsmbp" startTime="2025-08-22T08:10:56.7834080-04:00" endTime="2025-08-22T08:10:56.7837840-04:00" testType="13cdc9d9-ddb5-4fa4-a97d-d965ccfc6d4b" outcome="Passed" testListId="8c84fa94-04c1-424b-9868-57a2d4851a1d" relativeResultsDirectory="7f797721-bf97-4b88-b669-e57dd30ec9bf" />
    <UnitTestResult executionId="d02c6373-cabd-43d9-85f5-ab5c5666685e" testId="f9b1b562-700c-308d-bc66-002581032a2e" testName="Parser Tests.Statement Parser Tests.Basic Statements.simple assignment" computerName="dadsmbp" duration="00:00:00.0010000" startTime="2025-08-22T08:10:56.8269590-04:00" endTime="2025-08-22T08:10:56.8287180-04:00" testType="13cdc9d9-ddb5-4fa4-a97d-d965ccfc6d4b" outcome="Passed" testListId="8c84fa94-04c1-424b-9868-57a2d4851a1d" relativeResultsDirectory="d02c6373-cabd-43d9-85f5-ab5c5666685e" />
    <UnitTestResult executionId="e32c244e-fb9c-45d9-ae8a-fd7a3145ae99" testId="d6ad8503-abcd-d671-2bc8-4af4c4c0ff76" testName="Parser Tests.Expression Parser Tests.Parentheses.triple nested" computerName="dadsmbp" startTime="2025-08-22T08:10:56.7610910-04:00" endTime="2025-08-22T08:10:56.7616020-04:00" testType="13cdc9d9-ddb5-4fa4-a97d-d965ccfc6d4b" outcome="Passed" testListId="8c84fa94-04c1-424b-9868-57a2d4851a1d" relativeResultsDirectory="e32c244e-fb9c-45d9-ae8a-fd7a3145ae99" />
    <UnitTestResult executionId="197681bd-663c-4ae2-a047-58697c258286" testId="abcd273c-5fb8-2e18-1f45-cd1c0a4ca70a" testName="Parser Tests.Expression Parser Tests.Table Access.chained bracket access" computerName="dadsmbp" startTime="2025-08-22T08:10:56.8047300-04:00" endTime="2025-08-22T08:10:56.8052950-04:00" testType="13cdc9d9-ddb5-4fa4-a97d-d965ccfc6d4b" outcome="Passed" testListId="8c84fa94-04c1-424b-9868-57a2d4851a1d" relativeResultsDirectory="197681bd-663c-4ae2-a047-58697c258286" />
    <UnitTestResult executionId="443407db-be8c-45bb-a6d6-f315e5b93c79" testId="04ba60a7-0794-c732-2213-aafcbc4ed08e" testName="Parser Tests.Expression Parser Tests.Literals.escape newline" computerName="dadsmbp" startTime="2025-08-22T08:10:56.7261890-04:00" endTime="2025-08-22T08:10:56.7302110-04:00" testType="13cdc9d9-ddb5-4fa4-a97d-d965ccfc6d4b" outcome="Passed" testListId="8c84fa94-04c1-424b-9868-57a2d4851a1d" relativeResultsDirectory="443407db-be8c-45bb-a6d6-f315e5b93c79" />
    <UnitTestResult executionId="99ef6063-89d4-4b3e-9065-4258ee65e36f" testId="5e57c659-2db4-b8ce-a9d9-50e1e7b7b842" testName="Parser Tests.Expression Parser Tests.Shift Operators.right shift" computerName="dadsmbp" startTime="2025-08-22T08:10:56.7724810-04:00" endTime="2025-08-22T08:10:56.7728400-04:00" testType="13cdc9d9-ddb5-4fa4-a97d-d965ccfc6d4b" outcome="Passed" testListId="8c84fa94-04c1-424b-9868-57a2d4851a1d" relativeResultsDirectory="99ef6063-89d4-4b3e-9065-4258ee65e36f" />
    <UnitTestResult executionId="298843de-7c0f-4693-b436-bae6229e6e69" testId="44d94748-57c3-dbaf-aee8-a341a854133e" testName="Parser Tests.Expression Parser Tests.Comparison Operators.less equal" computerName="dadsmbp" startTime="2025-08-22T08:10:56.7833440-04:00" endTime="2025-08-22T08:10:56.7836130-04:00" testType="13cdc9d9-ddb5-4fa4-a97d-d965ccfc6d4b" outcome="Passed" testListId="8c84fa94-04c1-424b-9868-57a2d4851a1d" relativeResultsDirectory="298843de-7c0f-4693-b436-bae6229e6e69" />
    <UnitTestResult executionId="895f17f8-9759-4f29-83c7-b3d761436f1b" testId="556ee242-82d6-10d0-ca79-6cc9ec701327" testName="Parser Tests.Expression Parser Tests.Literals.line continuation empty" computerName="dadsmbp" startTime="2025-08-22T08:10:56.7499490-04:00" endTime="2025-08-22T08:10:56.7504610-04:00" testType="13cdc9d9-ddb5-4fa4-a97d-d965ccfc6d4b" outcome="Passed" testListId="8c84fa94-04c1-424b-9868-57a2d4851a1d" relativeResultsDirectory="895f17f8-9759-4f29-83c7-b3d761436f1b" />
    <UnitTestResult executionId="9e21c583-ea12-40f8-ac8b-366bd2615168" testId="0ee73c2d-1ffb-ddf9-4e07-1b1702a6be39" testName="Parser Tests.Expression Parser Tests.Unary Operators.negate" computerName="dadsmbp" startTime="2025-08-22T08:10:56.7612940-04:00" endTime="2025-08-22T08:10:56.7613480-04:00" testType="13cdc9d9-ddb5-4fa4-a97d-d965ccfc6d4b" outcome="Passed" testListId="8c84fa94-04c1-424b-9868-57a2d4851a1d" relativeResultsDirectory="9e21c583-ea12-40f8-ac8b-366bd2615168" />
    <UnitTestResult executionId="acc26c6a-2e9e-467d-9266-4cf1bb694be0" testId="f1daec19-81ab-0a86-67a4-55383baf385f" testName="Parser Tests.Expression Parser Tests.Literals.decimal escape two digits" computerName="dadsmbp" startTime="2025-08-22T08:10:56.7389600-04:00" endTime="2025-08-22T08:10:56.7400310-04:00" testType="13cdc9d9-ddb5-4fa4-a97d-d965ccfc6d4b" outcome="Passed" testListId="8c84fa94-04c1-424b-9868-57a2d4851a1d" relativeResultsDirectory="acc26c6a-2e9e-467d-9266-4cf1bb694be0" />
    <UnitTestResult executionId="6f14978f-4d0c-46e1-b5ed-4582e28e8f89" testId="b91df055-d81f-13a2-3b2a-adce7e1ce561" testName="Parser Tests.Statement Parser Tests.Basic Statements.assignment with table access" computerName="dadsmbp" startTime="2025-08-22T08:10:56.8379890-04:00" endTime="2025-08-22T08:10:56.8380910-04:00" testType="13cdc9d9-ddb5-4fa4-a97d-d965ccfc6d4b" outcome="Passed" testListId="8c84fa94-04c1-424b-9868-57a2d4851a1d" relativeResultsDirectory="6f14978f-4d0c-46e1-b5ed-4582e28e8f89" />
    <UnitTestResult executionId="b1e09a65-4d84-4d12-a2b1-6070f1ca9b32" testId="4a9b90f7-2118-e89c-bf1b-7ef1296b8510" testName="Parser Tests.Expression Parser Tests.Multiplicative Operators.modulo" computerName="dadsmbp" startTime="2025-08-22T08:10:56.7722150-04:00" endTime="2025-08-22T08:10:56.7728720-04:00" testType="13cdc9d9-ddb5-4fa4-a97d-d965ccfc6d4b" outcome="Passed" testListId="8c84fa94-04c1-424b-9868-57a2d4851a1d" relativeResultsDirectory="b1e09a65-4d84-4d12-a2b1-6070f1ca9b32" />
    <UnitTestResult executionId="fc7dd7cd-715e-40b6-9229-9a26689b3984" testId="f821754b-36b1-623e-2d29-fe80c1cce32e" testName="Parser Tests.Expression Parser Tests.Additive Operators.add" computerName="dadsmbp" startTime="2025-08-22T08:10:56.7722380-04:00" endTime="2025-08-22T08:10:56.7728140-04:00" testType="13cdc9d9-ddb5-4fa4-a97d-d965ccfc6d4b" outcome="Passed" testListId="8c84fa94-04c1-424b-9868-57a2d4851a1d" relativeResultsDirectory="fc7dd7cd-715e-40b6-9229-9a26689b3984" />
    <UnitTestResult executionId="c571ceb7-1b1a-4d63-9926-a9bf245b4b9d" testId="5033ea7f-6424-ac9d-62c6-f7211e73cb60" testName="Parser Tests.Statement Parser Tests.Basic Statements.return multiple" computerName="dadsmbp" startTime="2025-08-22T08:10:56.8380550-04:00" endTime="2025-08-22T08:10:56.8381860-04:00" testType="13cdc9d9-ddb5-4fa4-a97d-d965ccfc6d4b" outcome="Passed" testListId="8c84fa94-04c1-424b-9868-57a2d4851a1d" relativeResultsDirectory="c571ceb7-1b1a-4d63-9926-a9bf245b4b9d" />
    <UnitTestResult executionId="2feb984d-859b-45ba-b2db-b06d63f0317a" testId="a207ed3e-8aa1-e579-40f1-2c4582cae8f7" testName="Parser Tests.Expression Parser Tests.Identifiers.simple identifier" computerName="dadsmbp" startTime="2025-08-22T08:10:56.7610230-04:00" endTime="2025-08-22T08:10:56.7617170-04:00" testType="13cdc9d9-ddb5-4fa4-a97d-d965ccfc6d4b" outcome="Passed" testListId="8c84fa94-04c1-424b-9868-57a2d4851a1d" relativeResultsDirectory="2feb984d-859b-45ba-b2db-b06d63f0317a" />
    <UnitTestResult executionId="466306c3-3925-4666-999e-3e09ba457d60" testId="79a32c9d-4915-abcb-12b1-98842e995302" testName="Parser Tests.Statement Parser Tests.Parser Fixes.Table Access in Binary Expressions (Fixed).table dot access addition" computerName="dadsmbp" startTime="2025-08-22T08:10:56.8822660-04:00" endTime="2025-08-22T08:10:56.8826150-04:00" testType="13cdc9d9-ddb5-4fa4-a97d-d965ccfc6d4b" outcome="Passed" testListId="8c84fa94-04c1-424b-9868-57a2d4851a1d" relativeResultsDirectory="466306c3-3925-4666-999e-3e09ba457d60" />
    <UnitTestResult executionId="f2165b57-09c7-4ea6-943f-1c3cde9dfe67" testId="28ddcac7-99bc-77c0-4dc8-ebd403fecbf6" testName="Parser Tests.Expression Parser Tests.Method Calls.chained method calls" computerName="dadsmbp" startTime="2025-08-22T08:10:56.8047770-04:00" endTime="2025-08-22T08:10:56.8055120-04:00" testType="13cdc9d9-ddb5-4fa4-a97d-d965ccfc6d4b" outcome="Passed" testListId="8c84fa94-04c1-424b-9868-57a2d4851a1d" relativeResultsDirectory="f2165b57-09c7-4ea6-943f-1c3cde9dfe67" />
    <UnitTestResult executionId="2f7936e5-9977-474a-91ed-a59fe55eb853" testId="9941d091-0d12-9ab4-3186-9c070f874a75" testName="Parser Tests.Statement Parser Tests.Control Flow Statements.Labels and Goto.goto with underscore" computerName="dadsmbp" startTime="2025-08-22T08:10:56.8492550-04:00" endTime="2025-08-22T08:10:56.8493890-04:00" testType="13cdc9d9-ddb5-4fa4-a97d-d965ccfc6d4b" outcome="Passed" testListId="8c84fa94-04c1-424b-9868-57a2d4851a1d" relativeResultsDirectory="2f7936e5-9977-474a-91ed-a59fe55eb853" />
    <UnitTestResult executionId="53c034cb-4ccf-4570-8a07-803eca5fc4e7" testId="6412ce07-78c8-4c98-b55c-92f2fe3f0b2c" testName="Parser Tests.Expression Parser Tests.Method Calls.method with multiple args" computerName="dadsmbp" startTime="2025-08-22T08:10:56.8047710-04:00" endTime="2025-08-22T08:10:56.8054760-04:00" testType="13cdc9d9-ddb5-4fa4-a97d-d965ccfc6d4b" outcome="Passed" testListId="8c84fa94-04c1-424b-9868-57a2d4851a1d" relativeResultsDirectory="53c034cb-4ccf-4570-8a07-803eca5fc4e7" />
    <UnitTestResult executionId="f34cfbdb-df6e-454f-ae81-5e4adec4a72e" testId="50787197-3318-8798-72b6-de8685990f85" testName="Parser Tests.Statement Parser Tests.Parser Fixes.Table Assignment at Statement Level (Fixed).chained table assignment" computerName="dadsmbp" startTime="2025-08-22T08:10:56.8711370-04:00" endTime="2025-08-22T08:10:56.8713530-04:00" testType="13cdc9d9-ddb5-4fa4-a97d-d965ccfc6d4b" outcome="Passed" testListId="8c84fa94-04c1-424b-9868-57a2d4851a1d" relativeResultsDirectory="f34cfbdb-df6e-454f-ae81-5e4adec4a72e" />
    <UnitTestResult executionId="ae279511-3049-44e7-95bd-e59f254afa27" testId="04e7d918-25da-0f85-ac00-ebd526c020fb" testName="Parser Tests.Statement Parser Tests.Control Flow Statements.For Loops.numeric for basic" computerName="dadsmbp" startTime="2025-08-22T08:10:56.8491550-04:00" endTime="2025-08-22T08:10:56.8493580-04:00" testType="13cdc9d9-ddb5-4fa4-a97d-d965ccfc6d4b" outcome="Passed" testListId="8c84fa94-04c1-424b-9868-57a2d4851a1d" relativeResultsDirectory="ae279511-3049-44e7-95bd-e59f254afa27" />
    <UnitTestResult executionId="f28559c1-af9c-4c9e-b54a-cc26ef64c24c" testId="fb2f3300-9207-53e8-1b8c-3c0b3c97dd35" testName="Parser Tests.Statement Parser Tests.Basic Statements.return with method call" computerName="dadsmbp" startTime="2025-08-22T08:10:56.8380630-04:00" endTime="2025-08-22T08:10:56.8381890-04:00" testType="13cdc9d9-ddb5-4fa4-a97d-d965ccfc6d4b" outcome="Passed" testListId="8c84fa94-04c1-424b-9868-57a2d4851a1d" relativeResultsDirectory="f28559c1-af9c-4c9e-b54a-cc26ef64c24c" />
    <UnitTestResult executionId="9a0f2b70-8103-4cbe-b5fd-aaeecc3318a9" testId="8172ea32-9774-17c0-293a-0ca21dc5cce3" testName="Parser Tests.Expression Parser Tests.Edge Cases.mixed data types" computerName="dadsmbp" startTime="2025-08-22T08:10:56.7936310-04:00" endTime="2025-08-22T08:10:56.7939360-04:00" testType="13cdc9d9-ddb5-4fa4-a97d-d965ccfc6d4b" outcome="Passed" testListId="8c84fa94-04c1-424b-9868-57a2d4851a1d" relativeResultsDirectory="9a0f2b70-8103-4cbe-b5fd-aaeecc3318a9" />
    <UnitTestResult executionId="1c53d095-877f-4809-a133-1d7d406b48d7" testId="2c397f14-cc89-a8af-7de5-b6c9486ecf65" testName="Operator precedence.Power is right associative" computerName="dadsmbp" startTime="2025-08-22T08:10:56.9034900-04:00" endTime="2025-08-22T08:10:56.9036580-04:00" testType="13cdc9d9-ddb5-4fa4-a97d-d965ccfc6d4b" outcome="Passed" testListId="8c84fa94-04c1-424b-9868-57a2d4851a1d" relativeResultsDirectory="1c53d095-877f-4809-a133-1d7d406b48d7" />
    <UnitTestResult executionId="df7ae1df-ab04-4978-9230-33dcc913d272" testId="5f395eb8-218b-3fe3-c75a-6bcd29c3c784" testName="Parser Tests.Statement Parser Tests.Variable Attributes.Local Variable Attributes.local variables without values" computerName="dadsmbp" startTime="2025-08-22T08:10:56.8603880-04:00" endTime="2025-08-22T08:10:56.8607270-04:00" testType="13cdc9d9-ddb5-4fa4-a97d-d965ccfc6d4b" outcome="Passed" testListId="8c84fa94-04c1-424b-9868-57a2d4851a1d" relativeResultsDirectory="df7ae1df-ab04-4978-9230-33dcc913d272" />
    <UnitTestResult executionId="4bc9a63c-e1f5-4d7c-b3da-a30f88c2b1c4" testId="f3bed39f-48ad-33ee-e5db-7f7f6353e59e" testName="Function call parsing.Call with table constructor (no parens)" computerName="dadsmbp" startTime="2025-08-22T08:10:56.9035100-04:00" endTime="2025-08-22T08:10:56.9042650-04:00" testType="13cdc9d9-ddb5-4fa4-a97d-d965ccfc6d4b" outcome="Passed" testListId="8c84fa94-04c1-424b-9868-57a2d4851a1d" relativeResultsDirectory="4bc9a63c-e1f5-4d7c-b3da-a30f88c2b1c4" />
    <UnitTestResult executionId="064ffb26-09c7-422b-a788-ff974680e387" testId="a7d43b45-68fb-6563-aff9-012574dcbd84" testName="Parser Tests.Expression Parser Tests.Table Constructors.Simple Values.mixed types" computerName="dadsmbp" duration="00:00:00.0010000" startTime="2025-08-22T08:10:56.8158210-04:00" endTime="2025-08-22T08:10:56.8171250-04:00" testType="13cdc9d9-ddb5-4fa4-a97d-d965ccfc6d4b" outcome="Passed" testListId="8c84fa94-04c1-424b-9868-57a2d4851a1d" relativeResultsDirectory="064ffb26-09c7-422b-a788-ff974680e387" />
    <UnitTestResult executionId="ea20e8da-4fab-4588-8086-89fd2d710c6d" testId="b51db8bf-d36e-0aa7-8a8f-f4a9946301ba" testName="Parser Tests.Expression Parser Tests.Additive Operators.subtract" computerName="dadsmbp" startTime="2025-08-22T08:10:56.7722480-04:00" endTime="2025-08-22T08:10:56.7728420-04:00" testType="13cdc9d9-ddb5-4fa4-a97d-d965ccfc6d4b" outcome="Passed" testListId="8c84fa94-04c1-424b-9868-57a2d4851a1d" relativeResultsDirectory="ea20e8da-4fab-4588-8086-89fd2d710c6d" />
    <UnitTestResult executionId="07fa8930-54a1-4960-b271-3a9fc6d8ceea" testId="a48197e7-34b6-2816-16e7-425e0038f95b" testName="Parser Tests.Expression Parser Tests.Complex Expressions.bitwise and arithmetic" computerName="dadsmbp" startTime="2025-08-22T08:10:56.7935680-04:00" endTime="2025-08-22T08:10:56.7936490-04:00" testType="13cdc9d9-ddb5-4fa4-a97d-d965ccfc6d4b" outcome="Passed" testListId="8c84fa94-04c1-424b-9868-57a2d4851a1d" relativeResultsDirectory="07fa8930-54a1-4960-b271-3a9fc6d8ceea" />
    <UnitTestResult executionId="a83128f4-1389-4a64-b984-0e1e1665caf2" testId="37da12f7-31a3-327d-1172-79e133b6c0c6" testName="String escape sequences.Unicode escape" computerName="dadsmbp" duration="00:00:00.0050000" startTime="2025-08-22T08:10:56.8926030-04:00" endTime="2025-08-22T08:10:56.8979570-04:00" testType="13cdc9d9-ddb5-4fa4-a97d-d965ccfc6d4b" outcome="Passed" testListId="8c84fa94-04c1-424b-9868-57a2d4851a1d" relativeResultsDirectory="a83128f4-1389-4a64-b984-0e1e1665caf2" />
    <UnitTestResult executionId="8f68958c-925e-427d-8052-415c8b408ba1" testId="93743fcd-e2c6-fcf8-1983-d6902911611b" testName="Parser Tests.Statement Parser Tests.Control Flow Statements.Labels and Goto.goto statement" computerName="dadsmbp" startTime="2025-08-22T08:10:56.8492470-04:00" endTime="2025-08-22T08:10:56.8493860-04:00" testType="13cdc9d9-ddb5-4fa4-a97d-d965ccfc6d4b" outcome="Passed" testListId="8c84fa94-04c1-424b-9868-57a2d4851a1d" relativeResultsDirectory="8f68958c-925e-427d-8052-415c8b408ba1" />
    <UnitTestResult executionId="995a3394-3d0e-4523-99c8-4f24608880df" testId="7a121384-ad33-5a50-aa20-0dd3188d181a" testName="Parser Tests.Statement Parser Tests.Parser Fixes.Table Assignment at Statement Level (Fixed).table assignment from function call" computerName="dadsmbp" startTime="2025-08-22T08:10:56.8711400-04:00" endTime="2025-08-22T08:10:56.8714600-04:00" testType="13cdc9d9-ddb5-4fa4-a97d-d965ccfc6d4b" outcome="Passed" testListId="8c84fa94-04c1-424b-9868-57a2d4851a1d" relativeResultsDirectory="995a3394-3d0e-4523-99c8-4f24608880df" />
[...]
    <TestEntry testId="5f395eb8-218b-3fe3-c75a-6bcd29c3c784" executionId="df7ae1df-ab04-4978-9230-33dcc913d272" testListId="8c84fa94-04c1-424b-9868-57a2d4851a1d" />
    <TestEntry testId="f3bed39f-48ad-33ee-e5db-7f7f6353e59e" executionId="4bc9a63c-e1f5-4d7c-b3da-a30f88c2b1c4" testListId="8c84fa94-04c1-424b-9868-57a2d4851a1d" />
    <TestEntry testId="a7d43b45-68fb-6563-aff9-012574dcbd84" executionId="064ffb26-09c7-422b-a788-ff974680e387" testListId="8c84fa94-04c1-424b-9868-57a2d4851a1d" />
    <TestEntry testId="b51db8bf-d36e-0aa7-8a8f-f4a9946301ba" executionId="ea20e8da-4fab-4588-8086-89fd2d710c6d" testListId="8c84fa94-04c1-424b-9868-57a2d4851a1d" />
    <TestEntry testId="a48197e7-34b6-2816-16e7-425e0038f95b" executionId="07fa8930-54a1-4960-b271-3a9fc6d8ceea" testListId="8c84fa94-04c1-424b-9868-57a2d4851a1d" />
    <TestEntry testId="37da12f7-31a3-327d-1172-79e133b6c0c6" executionId="a83128f4-1389-4a64-b984-0e1e1665caf2" testListId="8c84fa94-04c1-424b-9868-57a2d4851a1d" />
    <TestEntry testId="93743fcd-e2c6-fcf8-1983-d6902911611b" executionId="8f68958c-925e-427d-8052-415c8b408ba1" testListId="8c84fa94-04c1-424b-9868-57a2d4851a1d" />
    <TestEntry testId="7a121384-ad33-5a50-aa20-0dd3188d181a" executionId="995a3394-3d0e-4523-99c8-4f24608880df" testListId="8c84fa94-04c1-424b-9868-57a2d4851a1d" />
    <TestEntry testId="a5c15af2-bd63-9071-a28b-992426b66362" executionId="83c4c8be-4b07-48b7-b192-efb593138b13" testListId="8c84fa94-04c1-424b-9868-57a2d4851a1d" />
    <TestEntry testId="bdf003e6-5e31-3757-8de6-b259949e60c6" executionId="c227497a-38af-4ebc-a0af-c025c196d498" testListId="8c84fa94-04c1-424b-9868-57a2d4851a1d" />
    <TestEntry testId="862c78bf-ab7b-7516-2ebe-a03d490a5635" executionId="f621cc1c-bd96-45ad-93af-d48ee84798c8" testListId="8c84fa94-04c1-424b-9868-57a2d4851a1d" />
    <TestEntry testId="4ea9d3ff-8424-0fad-33d4-4da20e6be977" executionId="0689e1b4-9837-48f7-901d-80afe2c1e49d" testListId="8c84fa94-04c1-424b-9868-57a2d4851a1d" />
    <TestEntry testId="9ead8476-3505-ae20-9014-95ec40346eb5" executionId="4002faf1-6411-498c-ba92-caa632544f38" testListId="8c84fa94-04c1-424b-9868-57a2d4851a1d" />
    <TestEntry testId="f77409eb-245e-e588-990d-732ccf35b9b9" executionId="03e13db6-2d84-4f79-b0f7-b0a2c9687303" testListId="8c84fa94-04c1-424b-9868-57a2d4851a1d" />
    <TestEntry testId="d1a34dd5-f580-23eb-b44e-ee2c966b1def" executionId="5df26e5e-4014-4903-a7dc-e249e89c3a95" testListId="8c84fa94-04c1-424b-9868-57a2d4851a1d" />
    <TestEntry testId="adbea6d5-a912-6bd3-599d-7bd4f6b0b166" executionId="a7bb1f0a-7f95-455a-abc1-2acbeb7b93bd" testListId="8c84fa94-04c1-424b-9868-57a2d4851a1d" />
    <TestEntry testId="2f3f10ea-dadb-86ef-4da9-f3e8ca2875bf" executionId="fb360292-0238-44b1-a32b-376b1b334bc9" testListId="8c84fa94-04c1-424b-9868-57a2d4851a1d" />
    <TestEntry testId="5cb5360f-8333-646e-ca46-79420386605a" executionId="f3ab6f20-7be6-4f88-842c-fe84e1d74fb2" testListId="8c84fa94-04c1-424b-9868-57a2d4851a1d" />
    <TestEntry testId="d3ebb7cf-f9ec-9b3e-35a1-23e19c538cfa" executionId="49baefb8-7a3d-482f-a31a-a8c9f2b6e1ba" testListId="8c84fa94-04c1-424b-9868-57a2d4851a1d" />
    <TestEntry testId="afe2b68b-714d-f139-8dd0-06272512af6b" executionId="be4e289a-c6cb-4865-9d43-4b1f58c93563" testListId="8c84fa94-04c1-424b-9868-57a2d4851a1d" />
    <TestEntry testId="3b11aa8b-1906-ff2b-88bb-e6031120b9a4" executionId="4ff410c2-f174-4a6b-9f99-e5fe01d62bd5" testListId="8c84fa94-04c1-424b-9868-57a2d4851a1d" />
    <TestEntry testId="bccd6e78-8c25-27a8-f677-63c64669d165" executionId="881fcaa9-1048-4e54-9f6a-9fd5bb2752b2" testListId="8c84fa94-04c1-424b-9868-57a2d4851a1d" />
    <TestEntry testId="bc676c70-bff1-771e-2805-b78bf099cdaf" executionId="12a9c0f9-ceab-4dc5-8988-20804084ab27" testListId="8c84fa94-04c1-424b-9868-57a2d4851a1d" />
    <TestEntry testId="3d0a5188-5277-1639-d400-b007191338ee" executionId="05fe8568-e929-4214-a97c-4487e8bba695" testListId="8c84fa94-04c1-424b-9868-57a2d4851a1d" />
    <TestEntry testId="28956f83-5909-2465-c921-e81fa45af59d" executionId="e754ba6a-63c2-4ab9-bf4a-b410bb2c46c7" testListId="8c84fa94-04c1-424b-9868-57a2d4851a1d" />
    <TestEntry testId="237acf57-c5fc-ca6c-3440-3d76add45b48" executionId="4c1a8dcd-9ccc-4f19-850b-ad52beb9b137" testListId="8c84fa94-04c1-424b-9868-57a2d4851a1d" />
    <TestEntry testId="c2b658e0-4b22-738c-bebe-cd41ac9fe9da" executionId="e3e5211f-926a-487d-827b-a3f2f83ea9eb" testListId="8c84fa94-04c1-424b-9868-57a2d4851a1d" />
    <TestEntry testId="ffc50473-1728-3b39-765c-2603db6d395a" executionId="d19b74fe-1f75-4c31-ad94-d791c7022022" testListId="8c84fa94-04c1-424b-9868-57a2d4851a1d" />
    <TestEntry testId="ef88aec7-46d3-dd30-ec64-a51e14f8fab1" executionId="a37a907b-4c45-403a-94be-7e6fdebe072f" testListId="8c84fa94-04c1-424b-9868-57a2d4851a1d" />
    <TestEntry testId="56bc034c-870c-2029-f5c0-ce7cb67ea11d" executionId="e8033763-b661-43f0-ba50-9654abc4ae53" testListId="8c84fa94-04c1-424b-9868-57a2d4851a1d" />
    <TestEntry testId="25722854-c2f4-5f12-2a6e-611e5536b3f9" executionId="e0364158-cdd5-4fa4-85fc-64651b02f34e" testListId="8c84fa94-04c1-424b-9868-57a2d4851a1d" />
    <TestEntry testId="9c232a12-9174-3ded-7f7f-f119a1bec44c" executionId="5196021e-93ad-4f65-ae23-7066e9bd22ee" testListId="8c84fa94-04c1-424b-9868-57a2d4851a1d" />
    <TestEntry testId="48240e2c-a4d9-2594-4296-f471c14fc6a7" executionId="9535a9ed-bae4-4ece-ac1b-79b16b0bdc86" testListId="8c84fa94-04c1-424b-9868-57a2d4851a1d" />
    <TestEntry testId="fe7b4783-5658-87e1-ca2c-6b15dc662819" executionId="c3b86e7e-8c1e-4fb7-a9bb-65e6ad4a8957" testListId="8c84fa94-04c1-424b-9868-57a2d4851a1d" />
    <TestEntry testId="e75832d6-d2ab-78bd-b121-c76c19fe297c" executionId="f6cae8ea-b8aa-46e6-acb0-b655e3696b98" testListId="8c84fa94-04c1-424b-9868-57a2d4851a1d" />
    <TestEntry testId="31f49240-24a2-0e5e-c8c3-739b4d81c6d7" executionId="9f4b0665-9543-46f8-a82a-a39e8cb0f132" testListId="8c84fa94-04c1-424b-9868-57a2d4851a1d" />
    <TestEntry testId="83655a65-6632-03cc-e5e9-95762f9d8428" executionId="ca99de65-b952-4696-890a-4a3e4843b120" testListId="8c84fa94-04c1-424b-9868-57a2d4851a1d" />
    <TestEntry testId="21209d58-9833-62ae-f6ea-f4976a9ae006" executionId="8381067c-b86f-4a6e-b44a-71c5376bdbd4" testListId="8c84fa94-04c1-424b-9868-57a2d4851a1d" />
    <TestEntry testId="23936ca9-cb04-0d9a-ca60-67e86f26450c" executionId="98a75447-31e6-4d32-83a4-a6aca775da80" testListId="8c84fa94-04c1-424b-9868-57a2d4851a1d" />
    <TestEntry testId="e0198dfc-3381-5a04-2210-16421478411b" executionId="b9f4a9af-4982-4276-9497-3ad7e7392254" testListId="8c84fa94-04c1-424b-9868-57a2d4851a1d" />
    <TestEntry testId="a65bf685-fa17-2ecf-1f83-09acfe0e037c" executionId="2d3741f6-bcdd-40bd-a16f-c57fda2438b2" testListId="8c84fa94-04c1-424b-9868-57a2d4851a1d" />
    <TestEntry testId="33acbcbc-981c-563d-91c0-da679c0851c2" executionId="83b65b62-7ddc-4026-aa23-0d78402f5eb8" testListId="8c84fa94-04c1-424b-9868-57a2d4851a1d" />
    <TestEntry testId="c9eb1b17-3b99-5890-d0cf-5a0275a0e128" executionId="2f1665cb-1d67-4e8f-8719-4019846580ed" testListId="8c84fa94-04c1-424b-9868-57a2d4851a1d" />
    <TestEntry testId="f198c2f2-d97d-2ebd-6b38-42f64079cc49" executionId="5e9283fe-2293-4172-a7fe-f047a467901f" testListId="8c84fa94-04c1-424b-9868-57a2d4851a1d" />
    <TestEntry testId="b4887e73-89aa-9e82-9b02-5368d0b98e0e" executionId="ed69d84c-a791-47e8-910c-3802be3f681a" testListId="8c84fa94-04c1-424b-9868-57a2d4851a1d" />
    <TestEntry testId="f8e7b8a6-9a5d-992c-06a6-7db03c0015d3" executionId="e4bf27cb-8288-474f-8a1f-1516f1bae1e5" testListId="8c84fa94-04c1-424b-9868-57a2d4851a1d" />
    <TestEntry testId="23e43918-ba21-82a6-ae6e-1717b947fa41" executionId="91470b96-6683-4963-925a-9027dc9f4451" testListId="8c84fa94-04c1-424b-9868-57a2d4851a1d" />
    <TestEntry testId="436116f5-bf6c-9584-a37a-ff3cdf214fe2" executionId="5f33e229-84cb-42b9-ab7b-c164ac49ac54" testListId="8c84fa94-04c1-424b-9868-57a2d4851a1d" />
    <TestEntry testId="832d5440-de3d-6f1a-08b7-c647cf8b2957" executionId="2d53dbc9-0175-424a-bb27-88f7c5751bed" testListId="8c84fa94-04c1-424b-9868-57a2d4851a1d" />
    <TestEntry testId="8ceac842-0694-da26-8741-33c171517815" executionId="b5093552-393a-46f2-a128-c82ce34f92a1" testListId="8c84fa94-04c1-424b-9868-57a2d4851a1d" />
    <TestEntry testId="79d5918b-926d-0485-ef83-d1e8dd4fbb4d" executionId="738cad17-3836-4058-b008-bf544cd97fa4" testListId="8c84fa94-04c1-424b-9868-57a2d4851a1d" />
    <TestEntry testId="ab5c8b26-ceaf-e0b0-101d-d5f2cd6d0842" executionId="5c69bcee-98dd-4494-b528-ff0635ca54a2" testListId="8c84fa94-04c1-424b-9868-57a2d4851a1d" />
    <TestEntry testId="7254bc38-d0ef-97ce-6b01-c2b0df4e1184" executionId="4b41bbf7-8092-4eb6-a472-e09dfd91464b" testListId="8c84fa94-04c1-424b-9868-57a2d4851a1d" />
    <TestEntry testId="a2ad77d5-a223-490a-1277-8c00d5248cb1" executionId="eb59dfc6-e2b4-4c03-86dc-ab1257a38229" testListId="8c84fa94-04c1-424b-9868-57a2d4851a1d" />
    <TestEntry testId="63187717-8e00-caba-40f9-a91ffcda26a1" executionId="c38d8552-0fd2-4b15-af66-ac595042981f" testListId="8c84fa94-04c1-424b-9868-57a2d4851a1d" />
    <TestEntry testId="6ae09f4d-7fb0-f7a6-a0bc-f2e9d59235e4" executionId="73b7ac8f-1857-4e10-aadb-860387ebbed5" testListId="8c84fa94-04c1-424b-9868-57a2d4851a1d" />
    <TestEntry testId="9c786e3a-f036-49d6-6407-0d5acd7c1f61" executionId="fc6c99d1-06af-444c-9472-0d7826852b9b" testListId="8c84fa94-04c1-424b-9868-57a2d4851a1d" />
    <TestEntry testId="7de23b8f-ae41-29e1-9984-ffa5121128b2" executionId="e5685f1a-d264-44de-84c1-b87b7a15ded6" testListId="8c84fa94-04c1-424b-9868-57a2d4851a1d" />
    <TestEntry testId="f3f9712d-8345-c669-0fbc-cbc9158ba417" executionId="4dd5a5d6-a0bb-4017-85e2-46f38739da79" testListId="8c84fa94-04c1-424b-9868-57a2d4851a1d" />
    <TestEntry testId="c3b1ea7b-ede6-c7b9-1230-73a5ed747da0" executionId="0c72e439-ee92-4977-bd0e-6dbb2ce7a6b6" testListId="8c84fa94-04c1-424b-9868-57a2d4851a1d" />
    <TestEntry testId="b7cfb307-96eb-9fb6-4f2c-0693389085a8" executionId="507f472b-9bd1-48b8-8fa1-a01cfd547af1" testListId="8c84fa94-04c1-424b-9868-57a2d4851a1d" />
    <TestEntry testId="a7981e95-1323-105c-d83e-9d57dec6b2d8" executionId="7fff0c8f-1dc1-4190-aa3c-1d759f4cf9fa" testListId="8c84fa94-04c1-424b-9868-57a2d4851a1d" />
    <TestEntry testId="86fb7a5a-8cf2-4c36-a489-26ff73f20850" executionId="7a232aaf-26de-4f7c-a02b-90a462994fc1" testListId="8c84fa94-04c1-424b-9868-57a2d4851a1d" />
    <TestEntry testId="4aa0c269-359a-c858-e90f-1fae4b1d119c" executionId="a8cc506d-4b24-43d7-9fbb-eb5292e4ac14" testListId="8c84fa94-04c1-424b-9868-57a2d4851a1d" />
    <TestEntry testId="91cc1712-5c7e-8346-f0fe-787746e3c609" executionId="91505cf4-571b-46a2-897e-668391b4886f" testListId="8c84fa94-04c1-424b-9868-57a2d4851a1d" />
    <TestEntry testId="9c220c5d-d3c2-7f8d-3655-60791670893c" executionId="dd0fe4f2-2f52-4d6b-b761-23db4277a790" testListId="8c84fa94-04c1-424b-9868-57a2d4851a1d" />
    <TestEntry testId="ac1786a2-dddf-f8c1-879b-8f2df0918d4f" executionId="24e2c492-fc27-4fa8-8acc-df6f4f22ea7f" testListId="8c84fa94-04c1-424b-9868-57a2d4851a1d" />
    <TestEntry testId="41759be0-8d28-fc24-8f8d-4b3695413d75" executionId="03628d3d-58f5-49b4-bbab-f3e610e8c6bb" testListId="8c84fa94-04c1-424b-9868-57a2d4851a1d" />
    <TestEntry testId="23f6c827-5298-1b85-4116-a388ac096ef2" executionId="b86c132c-74a4-4704-8b30-4cf01b2c1eb1" testListId="8c84fa94-04c1-424b-9868-57a2d4851a1d" />
    <TestEntry testId="8ac86056-e85a-652a-d482-fa4bdb7792cb" executionId="865c0053-b92d-438e-b02f-34513fa831b9" testListId="8c84fa94-04c1-424b-9868-57a2d4851a1d" />
    <TestEntry testId="65098e0b-d31f-493f-f5c7-89b21212d75c" executionId="48cb7eac-5a60-4e39-8fab-bd7d8c1c76d3" testListId="8c84fa94-04c1-424b-9868-57a2d4851a1d" />
    <TestEntry testId="107fd52a-d610-16f7-d2b4-50729b7deaad" executionId="124e9380-6cff-426b-99b6-b42f2486d5a1" testListId="8c84fa94-04c1-424b-9868-57a2d4851a1d" />
    <TestEntry testId="1a7858ec-7b00-19e3-8d93-b0573ac54671" executionId="318456a6-91ea-4b84-89bb-1473de2d8661" testListId="8c84fa94-04c1-424b-9868-57a2d4851a1d" />
    <TestEntry testId="c98a6040-df85-4dcf-82be-4564f2a354ed" executionId="77ed4cea-ce13-4472-ba2e-8ebb22567004" testListId="8c84fa94-04c1-424b-9868-57a2d4851a1d" />
    <TestEntry testId="e4910e24-1d21-cc0f-b00b-383030d4728e" executionId="6f103a7c-c1c1-438a-8c2a-7ed5d0070a70" testListId="8c84fa94-04c1-424b-9868-57a2d4851a1d" />
    <TestEntry testId="ee6bd5ed-b0fa-e4dd-f322-54c174b3d129" executionId="86bc65a2-1bca-4763-8259-9d58bd7ef4d4" testListId="8c84fa94-04c1-424b-9868-57a2d4851a1d" />
    <TestEntry testId="42e215c3-5d2e-bd5d-b7d0-2ce1a036b738" executionId="d544206b-57cb-4c3a-ba0f-a95646ebd576" testListId="8c84fa94-04c1-424b-9868-57a2d4851a1d" />
    <TestEntry testId="e084a9b3-905c-32f0-81f5-67ee354b61c3" executionId="f7660500-4b06-4a3f-b53a-5dd0603ab9af" testListId="8c84fa94-04c1-424b-9868-57a2d4851a1d" />
    <TestEntry testId="906536ef-e98f-d22a-f50e-edb13761511c" executionId="b20fe9a8-661b-4903-9ff2-9fbb9f40b532" testListId="8c84fa94-04c1-424b-9868-57a2d4851a1d" />
    <TestEntry testId="3b276006-ded9-3e33-7cce-35cbf2995e25" executionId="df3489f6-30c9-4a45-be04-905941504711" testListId="8c84fa94-04c1-424b-9868-57a2d4851a1d" />
    <TestEntry testId="7e85cdf8-1845-3a87-ed06-04c18958f263" executionId="62b56918-7b0e-43c4-9240-156c7dace9b0" testListId="8c84fa94-04c1-424b-9868-57a2d4851a1d" />
    <TestEntry testId="5dff5f0c-32ad-0c05-14a6-b79d6a364636" executionId="d6f789d7-6d6f-4c47-b088-c999657aa48d" testListId="8c84fa94-04c1-424b-9868-57a2d4851a1d" />
    <TestEntry testId="73624354-1cd8-cfa9-9307-0f5e85db415f" executionId="313b2587-3797-4d54-8fd0-db6993c20647" testListId="8c84fa94-04c1-424b-9868-57a2d4851a1d" />
    <TestEntry testId="4ae4fa9c-3625-f28b-db54-5c87485005f7" executionId="fc17c330-be57-4404-ba03-20acd34ddb6c" testListId="8c84fa94-04c1-424b-9868-57a2d4851a1d" />
    <TestEntry testId="c8317e5f-ac87-ad9f-f963-f49170b308f5" executionId="aba3a183-ac75-4b5c-ab44-8d9931b52407" testListId="8c84fa94-04c1-424b-9868-57a2d4851a1d" />
    <TestEntry testId="61bcbfaa-09a8-e49b-1e09-85c4de69467d" executionId="286dff5b-2c4f-416f-9893-f8f61c1e83b4" testListId="8c84fa94-04c1-424b-9868-57a2d4851a1d" />
    <TestEntry testId="1445a436-f34a-a70f-5047-8283ef73049c" executionId="5eeb3004-8b24-4ef0-af62-f421682cba90" testListId="8c84fa94-04c1-424b-9868-57a2d4851a1d" />
    <TestEntry testId="a70297cb-b828-e320-a622-e744839b447c" executionId="82e816a3-78af-43a8-a2f7-03e8f1e0bd55" testListId="8c84fa94-04c1-424b-9868-57a2d4851a1d" />
    <TestEntry testId="2954afc1-d821-d9ae-f321-0aef5158aafe" executionId="2e0e6f12-9430-4a89-9a52-66525ca560fe" testListId="8c84fa94-04c1-424b-9868-57a2d4851a1d" />
    <TestEntry testId="c1a072c2-ee01-a7ae-6887-46b271e84c2b" executionId="d5bd196f-d256-439d-bdd3-b9cf450a34fc" testListId="8c84fa94-04c1-424b-9868-57a2d4851a1d" />
    <TestEntry testId="7b8d351e-949a-a562-6c8a-b72a61dc4e22" executionId="6e9cd35d-46c7-41a6-9d9a-4292eabdf2ef" testListId="8c84fa94-04c1-424b-9868-57a2d4851a1d" />
    <TestEntry testId="2235aeb2-d9db-b858-9ee9-ee90338ff81a" executionId="fdad07d5-20a5-402e-bfe1-6f13d59498ff" testListId="8c84fa94-04c1-424b-9868-57a2d4851a1d" />
    <TestEntry testId="54696586-86f2-8469-5df1-683c5f3e3dfd" executionId="c0a5d9a6-2927-4185-bc8d-ba401319b132" testListId="8c84fa94-04c1-424b-9868-57a2d4851a1d" />
    <TestEntry testId="2b872452-2694-911a-53e8-7326d451f370" executionId="924d6807-e9c5-42da-b96e-15842dac5eb6" testListId="8c84fa94-04c1-424b-9868-57a2d4851a1d" />
    <TestEntry testId="551f761e-e349-7a4d-824e-ba9635e4feb9" executionId="27790bd4-746e-4441-8613-e4a25c86829d" testListId="8c84fa94-04c1-424b-9868-57a2d4851a1d" />
    <TestEntry testId="f7c7c155-dacf-8b29-9ffb-7a4a19c5a5dd" executionId="e261ebdb-0f37-4a58-b74c-7c1b977a1dde" testListId="8c84fa94-04c1-424b-9868-57a2d4851a1d" />
    <TestEntry testId="1e217421-7ab3-102f-da0e-17a8335329d4" executionId="0b626f7a-7c08-465d-94d5-147e7c04dd98" testListId="8c84fa94-04c1-424b-9868-57a2d4851a1d" />
    <TestEntry testId="ce42fe75-2d5f-24a5-7c82-31959a01f53f" executionId="ae6f1ca4-374c-43ad-b878-2cd798e91558" testListId="8c84fa94-04c1-424b-9868-57a2d4851a1d" />
    <TestEntry testId="908ca77d-10e0-7e63-e6d9-3ca0b72d983b" executionId="a0a7df46-ba20-4851-98ee-49c062a55591" testListId="8c84fa94-04c1-424b-9868-57a2d4851a1d" />
    <TestEntry testId="5f017da4-ef6a-5f78-e492-2001cbd1f689" executionId="465e3eac-2894-4168-bcd9-db34cf2e2152" testListId="8c84fa94-04c1-424b-9868-57a2d4851a1d" />
    <TestEntry testId="74d64d57-23b6-db5a-27b8-8384e8cfe593" executionId="ef0a4b76-0503-48e8-9489-5b552bf850cd" testListId="8c84fa94-04c1-424b-9868-57a2d4851a1d" />
    <TestEntry testId="ca2684eb-4d89-488c-7145-809d378571ad" executionId="c70c6488-817f-4d8b-9126-b10fef6ea1dd" testListId="8c84fa94-04c1-424b-9868-57a2d4851a1d" />
    <TestEntry testId="0d60d1ec-e2ff-2472-8bf2-2c217ffcebab" executionId="f77dba3c-cddc-4fb1-92c5-f087cd89f432" testListId="8c84fa94-04c1-424b-9868-57a2d4851a1d" />
    <TestEntry testId="abb00982-0096-661e-4e2d-bf082834ac59" executionId="b6ee67e9-4d55-4de9-94c5-3e8866792bf3" testListId="8c84fa94-04c1-424b-9868-57a2d4851a1d" />
    <TestEntry testId="bc8aacaf-5f55-4f78-74de-8b2898429afa" executionId="59308852-ee78-4c7e-8a7b-b6eded756177" testListId="8c84fa94-04c1-424b-9868-57a2d4851a1d" />
    <TestEntry testId="92c6010b-42e6-d615-8711-7979fc341358" executionId="933a1fad-f18c-404a-9c6d-0a8181479666" testListId="8c84fa94-04c1-424b-9868-57a2d4851a1d" />
    <TestEntry testId="e99f9d4b-5305-939e-bdec-d1eb40673157" executionId="2383dcf9-7cca-45c6-bb35-7497d3fc382a" testListId="8c84fa94-04c1-424b-9868-57a2d4851a1d" />
    <TestEntry testId="df9d586a-70f3-fbab-79ce-75289b292830" executionId="24a5ca83-e65f-448c-8a83-20043b703c58" testListId="8c84fa94-04c1-424b-9868-57a2d4851a1d" />
    <TestEntry testId="8a23c638-9a92-0466-2449-0a7778ea7ab5" executionId="d636180c-fc72-4712-82c5-9b8cc89865d2" testListId="8c84fa94-04c1-424b-9868-57a2d4851a1d" />
    <TestEntry testId="1c229850-235f-5d22-0ad9-1b5eab113d0f" executionId="e9b88d0b-e1be-43df-8b8f-183d2a3ebcad" testListId="8c84fa94-04c1-424b-9868-57a2d4851a1d" />
    <TestEntry testId="af6ab75d-3a77-f5b8-a91e-e7b06ac4dc02" executionId="52ca9152-dae2-42ad-a8ec-969508a2581e" testListId="8c84fa94-04c1-424b-9868-57a2d4851a1d" />
    <TestEntry testId="e914e3fe-73be-d3f9-019e-573e777a6b58" executionId="1aa96512-e07b-49a2-889e-a8f9651db10f" testListId="8c84fa94-04c1-424b-9868-57a2d4851a1d" />
    <TestEntry testId="3c513f3b-1271-3f9c-ccd2-60479767cb29" executionId="d813a9a2-c1bc-469b-b335-c2f55a3a0287" testListId="8c84fa94-04c1-424b-9868-57a2d4851a1d" />
    <TestEntry testId="ab278c63-bff2-f9db-860f-8f2ccbfd3000" executionId="b1fedcf7-69bc-4a0e-b22a-cbdddc18ff2d" testListId="8c84fa94-04c1-424b-9868-57a2d4851a1d" />
    <TestEntry testId="1709b4f3-8a8f-5c39-8a35-941bd3a74a13" executionId="06eefafb-7a08-4258-8e4f-5ae59201dacf" testListId="8c84fa94-04c1-424b-9868-57a2d4851a1d" />
    <TestEntry testId="697f4dc9-7b2c-f900-0b6d-c768a091bc66" executionId="6431c53e-951c-48a3-b0d3-30ab7893f673" testListId="8c84fa94-04c1-424b-9868-57a2d4851a1d" />
    <TestEntry testId="c7be5443-b868-5116-e84d-9ffcacf6dab8" executionId="226a1e47-a53c-4481-902b-968aa944d42e" testListId="8c84fa94-04c1-424b-9868-57a2d4851a1d" />
  </TestEntries>
  <TestLists>
    <TestList name="Results Not in a List" id="8c84fa94-04c1-424b-9868-57a2d4851a1d" />
    <TestList name="All Loaded Results" id="19431567-8539-422a-85d7-44ee4e166bda" />
  </TestLists>
  <ResultSummary outcome="Completed">
    <Counters total="266" executed="266" passed="266" failed="0" error="0" timeout="0" aborted="0" inconclusive="0" passedButRunAborted="0" notRunnable="0" notExecuted="0" disconnected="0" warning="0" completed="0" inProgress="0" pending="0" />
  </ResultSummary>
</TestRun>