<?xml version="1.0" encoding="utf-8"?>
<TestRun id="db430d63-d74c-4b9e-9bf3-6db0633bbfb3" name="@dadsmbp 2025-08-22 08:18:24" xmlns="http://microsoft.com/schemas/VisualStudio/TeamTest/2010">
  <Times creation="2025-08-22T08:18:24.3934890-04:00" queuing="2025-08-22T08:18:24.3934890-04:00" start="2025-08-22T08:18:23.8417600-04:00" finish="2025-08-22T08:18:24.5984480-04:00" />
  <TestSettings name="default" id="14ae93f1-3b60-4d2d-8057-412649502634">
    <Deployment runDeploymentRoot="_dadsmbp_2025-08-22_08_18_24" />
  </TestSettings>
  <Results>
    <UnitTestResult executionId="6358082e-4ec9-4954-ac87-d9940840bfcb" testId="28956f83-5909-2465-c921-e81fa45af59d" testName="Parser Tests.Statement Parser Tests.Basic Statements.multiple assignment" computerName="dadsmbp" duration="00:00:00.0010000" startTime="2025-08-22T08:18:24.4755170-04:00" endTime="2025-08-22T08:18:24.4775830-04:00" testType="13cdc9d9-ddb5-4fa4-a97d-d965ccfc6d4b" outcome="Passed" testListId="8c84fa94-04c1-424b-9868-57a2d4851a1d" relativeResultsDirectory="6358082e-4ec9-4954-ac87-d9940840bfcb" />
    <UnitTestResult executionId="f5836d5b-21f2-4637-a4bb-cb57edb9e168" testId="37da12f7-31a3-327d-1172-79e133b6c0c6" testName="String escape sequences.Unicode escape" computerName="dadsmbp" duration="00:00:00.0040000" startTime="2025-08-22T08:18:24.5411800-04:00" endTime="2025-08-22T08:18:24.5462230-04:00" testType="13cdc9d9-ddb5-4fa4-a97d-d965ccfc6d4b" outcome="Passed" testListId="8c84fa94-04c1-424b-9868-57a2d4851a1d" relativeResultsDirectory="f5836d5b-21f2-4637-a4bb-cb57edb9e168" />
    <UnitTestResult executionId="5e4d4cf7-c339-40c4-a5ab-23b4ebb0414b" testId="9941d091-0d12-9ab4-3186-9c070f874a75" testName="Parser Tests.Statement Parser Tests.Control Flow Statements.Labels and Goto.goto with underscore" computerName="dadsmbp" startTime="2025-08-22T08:18:24.4973650-04:00" endTime="2025-08-22T08:18:24.4974700-04:00" testType="13cdc9d9-ddb5-4fa4-a97d-d965ccfc6d4b" outcome="Passed" testListId="8c84fa94-04c1-424b-9868-57a2d4851a1d" relativeResultsDirectory="5e4d4cf7-c339-40c4-a5ab-23b4ebb0414b" />
    <UnitTestResult executionId="8a3647c6-2673-4cdb-b833-a164b41ddcc1" testId="ffc50473-1728-3b39-765c-2603db6d395a" testName="Parser Tests.Statement Parser Tests.Basic Statements.assignment with expressions" computerName="dadsmbp" duration="00:00:00.0010000" startTime="2025-08-22T08:18:24.4755270-04:00" endTime="2025-08-22T08:18:24.4775780-04:00" testType="13cdc9d9-ddb5-4fa4-a97d-d965ccfc6d4b" outcome="Passed" testListId="8c84fa94-04c1-424b-9868-57a2d4851a1d" relativeResultsDirectory="8a3647c6-2673-4cdb-b833-a164b41ddcc1" />
    <UnitTestResult executionId="dbd108a3-1b8a-49ba-bb2d-f6020a6cb091" testId="2f3f10ea-dadb-86ef-4da9-f3e8ca2875bf" testName="Parser Tests.Expression Parser Tests.Comparison Operators.equal" computerName="dadsmbp" startTime="2025-08-22T08:18:24.4313350-04:00" endTime="2025-08-22T08:18:24.4317780-04:00" testType="13cdc9d9-ddb5-4fa4-a97d-d965ccfc6d4b" outcome="Passed" testListId="8c84fa94-04c1-424b-9868-57a2d4851a1d" relativeResultsDirectory="dbd108a3-1b8a-49ba-bb2d-f6020a6cb091" />
    <UnitTestResult executionId="167e2d34-5f1d-4f6a-80d4-abcf37178fb9" testId="436116f5-bf6c-9584-a37a-ff3cdf214fe2" testName="Parser Tests.Statement Parser Tests.Variable Attributes.Local Variable Attributes.multiple variables with mixed attributes" computerName="dadsmbp" startTime="2025-08-22T08:18:24.5081140-04:00" endTime="2025-08-22T08:18:24.5084640-04:00" testType="13cdc9d9-ddb5-4fa4-a97d-d965ccfc6d4b" outcome="Passed" testListId="8c84fa94-04c1-424b-9868-57a2d4851a1d" relativeResultsDirectory="167e2d34-5f1d-4f6a-80d4-abcf37178fb9" />
    <UnitTestResult executionId="c87de7e7-5123-4a14-9bde-b011578c8557" testId="7629efc5-22c4-69dc-f7ed-95c284f64f2c" testName="Parser Tests.Expression Parser Tests.Literals.escape carriage return" computerName="dadsmbp" startTime="2025-08-22T08:18:24.3876280-04:00" endTime="2025-08-22T08:18:24.3883060-04:00" testType="13cdc9d9-ddb5-4fa4-a97d-d965ccfc6d4b" outcome="Passed" testListId="8c84fa94-04c1-424b-9868-57a2d4851a1d" relativeResultsDirectory="c87de7e7-5123-4a14-9bde-b011578c8557" />
    <UnitTestResult executionId="f77da348-63fc-48f2-823f-144e74867c06" testId="8dfd896c-4a4b-dcc4-c53c-56fdcd545dd6" testName="Parser Tests.Expression Parser Tests.Complex Expressions.mixed operators" computerName="dadsmbp" startTime="2025-08-22T08:18:24.4313980-04:00" endTime="2025-08-22T08:18:24.4320860-04:00" testType="13cdc9d9-ddb5-4fa4-a97d-d965ccfc6d4b" outcome="Passed" testListId="8c84fa94-04c1-424b-9868-57a2d4851a1d" relativeResultsDirectory="f77da348-63fc-48f2-823f-144e74867c06" />
    <UnitTestResult executionId="427dc202-3c52-4ba3-b325-64a96433f980" testId="c1a072c2-ee01-a7ae-6887-46b271e84c2b" testName="Parser Tests.Expression Parser Tests.Method Calls.method call with long string multiline" computerName="dadsmbp" startTime="2025-08-22T08:18:24.4640470-04:00" endTime="2025-08-22T08:18:24.4641500-04:00" testType="13cdc9d9-ddb5-4fa4-a97d-d965ccfc6d4b" outcome="Passed" testListId="8c84fa94-04c1-424b-9868-57a2d4851a1d" relativeResultsDirectory="427dc202-3c52-4ba3-b325-64a96433f980" />
    <UnitTestResult executionId="0a333407-566d-4018-859c-29b62776864e" testId="a5c15af2-bd63-9071-a28b-992426b66362" testName="Parser Tests.Expression Parser Tests.Literals.negative hex float" computerName="dadsmbp" startTime="2025-08-22T08:18:24.3636650-04:00" endTime="2025-08-22T08:18:24.3778830-04:00" testType="13cdc9d9-ddb5-4fa4-a97d-d965ccfc6d4b" outcome="Passed" testListId="8c84fa94-04c1-424b-9868-57a2d4851a1d" relativeResultsDirectory="0a333407-566d-4018-859c-29b62776864e" />
    <UnitTestResult executionId="528a1a8d-d220-42e9-9d18-01b219783404" testId="f1daec19-81ab-0a86-67a4-55383baf385f" testName="Parser Tests.Expression Parser Tests.Literals.decimal escape two digits" computerName="dadsmbp" startTime="2025-08-22T08:18:24.3878320-04:00" endTime="2025-08-22T08:18:24.3884010-04:00" testType="13cdc9d9-ddb5-4fa4-a97d-d965ccfc6d4b" outcome="Passed" testListId="8c84fa94-04c1-424b-9868-57a2d4851a1d" relativeResultsDirectory="528a1a8d-d220-42e9-9d18-01b219783404" />
    <UnitTestResult executionId="946dbd3c-cfc1-45cf-89cb-49c71e4b2e76" testId="a14baa81-afe4-ffee-4549-d9c74ec6ed97" testName="Parser Tests.Statement Parser Tests.Variable Attributes.Generic For Attributes.generic for with mixed attributes" computerName="dadsmbp" startTime="2025-08-22T08:18:24.5191140-04:00" endTime="2025-08-22T08:18:24.5193860-04:00" testType="13cdc9d9-ddb5-4fa4-a97d-d965ccfc6d4b" outcome="Passed" testListId="8c84fa94-04c1-424b-9868-57a2d4851a1d" relativeResultsDirectory="946dbd3c-cfc1-45cf-89cb-49c71e4b2e76" />
    <UnitTestResult executionId="9d72000b-bbca-4dee-9814-58dd09c005bc" testId="ee6bd5ed-b0fa-e4dd-f322-54c174b3d129" testName="Parser Tests.Expression Parser Tests.Function Expressions.empty function" computerName="dadsmbp" duration="00:00:00.0010000" startTime="2025-08-22T08:18:24.4753960-04:00" endTime="2025-08-22T08:18:24.4769760-04:00" testType="13cdc9d9-ddb5-4fa4-a97d-d965ccfc6d4b" outcome="Passed" testListId="8c84fa94-04c1-424b-9868-57a2d4851a1d" relativeResultsDirectory="9d72000b-bbca-4dee-9814-58dd09c005bc" />
    <UnitTestResult executionId="cc30fb7c-1fd4-4fdc-ba25-41f975bfd93b" testId="c6c69823-0e8f-a585-91ca-73273148719d" testName="Parser Tests.Expression Parser Tests.Table Constructors.Key Fields.key field with expression" computerName="dadsmbp" startTime="2025-08-22T08:18:24.4642110-04:00" endTime="2025-08-22T08:18:24.4649060-04:00" testType="13cdc9d9-ddb5-4fa4-a97d-d965ccfc6d4b" outcome="Passed" testListId="8c84fa94-04c1-424b-9868-57a2d4851a1d" relativeResultsDirectory="cc30fb7c-1fd4-4fdc-ba25-41f975bfd93b" />
    <UnitTestResult executionId="0382f06a-3c9b-4822-8509-65ccb56557e1" testId="f720ad31-ae74-79e7-22fb-fd540fe1e410" testName="Parser Tests.Statement Parser Tests.Variable Attributes.Generic For Attributes.generic for with const variable" computerName="dadsmbp" startTime="2025-08-22T08:18:24.5191000-04:00" endTime="2025-08-22T08:18:24.5191750-04:00" testType="13cdc9d9-ddb5-4fa4-a97d-d965ccfc6d4b" outcome="Passed" testListId="8c84fa94-04c1-424b-9868-57a2d4851a1d" relativeResultsDirectory="0382f06a-3c9b-4822-8509-65ccb56557e1" />
    <UnitTestResult executionId="3a029f00-fefa-42f2-90f0-52bdecaf2203" testId="bc8aacaf-5f55-4f78-74de-8b2898429afa" testName="Parser Tests.Statement Parser Tests.Parser Fixes.Table Assignment at Statement Level (Fixed).multiple table assignment" computerName="dadsmbp" startTime="2025-08-22T08:18:24.5191670-04:00" endTime="2025-08-22T08:18:24.5195060-04:00" testType="13cdc9d9-ddb5-4fa4-a97d-d965ccfc6d4b" outcome="Passed" testListId="8c84fa94-04c1-424b-9868-57a2d4851a1d" relativeResultsDirectory="3a029f00-fefa-42f2-90f0-52bdecaf2203" />
    <UnitTestResult executionId="c41e88f2-63ff-427e-8e20-d62be60b9e00" testId="21209d58-9833-62ae-f6ea-f4976a9ae006" testName="Parser Tests.Expression Parser Tests.Table Constructors.Complex Examples.deeply nested tables" computerName="dadsmbp" startTime="2025-08-22T08:18:24.4753780-04:00" endTime="2025-08-22T08:18:24.4756520-04:00" testType="13cdc9d9-ddb5-4fa4-a97d-d965ccfc6d4b" outcome="Passed" testListId="8c84fa94-04c1-424b-9868-57a2d4851a1d" relativeResultsDirectory="c41e88f2-63ff-427e-8e20-d62be60b9e00" />
    <UnitTestResult executionId="0f301502-7fad-4bab-95b4-1ad8f44ab0c6" testId="bf42d420-5348-a17d-f0f1-75c223705f03" testName="Parser Tests.Expression Parser Tests.Unary Operators.not" computerName="dadsmbp" startTime="2025-08-22T08:18:24.4099020-04:00" endTime="2025-08-22T08:18:24.4103240-04:00" testType="13cdc9d9-ddb5-4fa4-a97d-d965ccfc6d4b" outcome="Passed" testListId="8c84fa94-04c1-424b-9868-57a2d4851a1d" relativeResultsDirectory="0f301502-7fad-4bab-95b4-1ad8f44ab0c6" />
    <UnitTestResult executionId="459dff17-c1d7-4aa7-9cde-7c4299446bc9" testId="7254bc38-d0ef-97ce-6b01-c2b0df4e1184" testName="Operator precedence.Arithmetic precedence" computerName="dadsmbp" duration="00:00:00.0020000" startTime="2025-08-22T08:18:24.5518230-04:00" endTime="2025-08-22T08:18:24.5538620-04:00" testType="13cdc9d9-ddb5-4fa4-a97d-d965ccfc6d4b" outcome="Passed" testListId="8c84fa94-04c1-424b-9868-57a2d4851a1d" relativeResultsDirectory="459dff17-c1d7-4aa7-9cde-7c4299446bc9" />
    <UnitTestResult executionId="9892460a-9fa3-4f2b-8392-ecff133eb7d4" testId="879bc477-5080-4fcf-e639-e827fa9c2556" testName="Parser Tests.Expression Parser Tests.Literals.escape form feed" computerName="dadsmbp" startTime="2025-08-22T08:18:24.3876240-04:00" endTime="2025-08-22T08:18:24.3882890-04:00" testType="13cdc9d9-ddb5-4fa4-a97d-d965ccfc6d4b" outcome="Passed" testListId="8c84fa94-04c1-424b-9868-57a2d4851a1d" relativeResultsDirectory="9892460a-9fa3-4f2b-8392-ecff133eb7d4" />
    <UnitTestResult executionId="f76efbf2-9079-42e0-ba75-0f0c3d134482" testId="74d64d57-23b6-db5a-27b8-8384e8cfe593" testName="Decimal number parsing.Numbers starting with dot" computerName="dadsmbp" startTime="2025-08-22T08:18:24.5404710-04:00" endTime="2025-08-22T08:18:24.5413680-04:00" testType="13cdc9d9-ddb5-4fa4-a97d-d965ccfc6d4b" outcome="Passed" testListId="8c84fa94-04c1-424b-9868-57a2d4851a1d" relativeResultsDirectory="f76efbf2-9079-42e0-ba75-0f0c3d134482" />
    <UnitTestResult executionId="682b80fc-f88c-4189-8d93-fe46e178d9b4" testId="f8e7b8a6-9a5d-992c-06a6-7db03c0015d3" testName="Parser Tests.Expression Parser Tests.Power Operator.simple power" computerName="dadsmbp" startTime="2025-08-22T08:18:24.4206140-04:00" endTime="2025-08-22T08:18:24.4213680-04:00" testType="13cdc9d9-ddb5-4fa4-a97d-d965ccfc6d4b" outcome="Passed" testListId="8c84fa94-04c1-424b-9868-57a2d4851a1d" relativeResultsDirectory="682b80fc-f88c-4189-8d93-fe46e178d9b4" />
    <UnitTestResult executionId="15527972-e6ec-48fc-a059-e9f12695f4e0" testId="45db1f03-5434-2f8a-352f-bbb37bed0c95" testName="Parser Tests.Expression Parser Tests.Literals.escape tab" computerName="dadsmbp" startTime="2025-08-22T08:18:24.3873870-04:00" endTime="2025-08-22T08:18:24.3874960-04:00" testType="13cdc9d9-ddb5-4fa4-a97d-d965ccfc6d4b" outcome="Passed" testListId="8c84fa94-04c1-424b-9868-57a2d4851a1d" relativeResultsDirectory="15527972-e6ec-48fc-a059-e9f12695f4e0" />
    <UnitTestResult executionId="171cf174-07e3-408c-a97d-7ab6916b61aa" testId="65098e0b-d31f-493f-f5c7-89b21212d75c" testName="Parser Tests.Statement Parser Tests.Basic Statements.multiple local" computerName="dadsmbp" startTime="2025-08-22T08:18:24.4858840-04:00" endTime="2025-08-22T08:18:24.4861110-04:00" testType="13cdc9d9-ddb5-4fa4-a97d-d965ccfc6d4b" outcome="Passed" testListId="8c84fa94-04c1-424b-9868-57a2d4851a1d" relativeResultsDirectory="171cf174-07e3-408c-a97d-7ab6916b61aa" />
    <UnitTestResult executionId="d6b3b60e-76c5-4980-843b-27df894ed702" testId="e49a374f-44a9-aa9d-355d-21ac7439d26a" testName="Function call parsing.Call with string literal (no parens)" computerName="dadsmbp" duration="00:00:00.0010000" startTime="2025-08-22T08:18:24.5525280-04:00" endTime="2025-08-22T08:18:24.5538990-04:00" testType="13cdc9d9-ddb5-4fa4-a97d-d965ccfc6d4b" outcome="Passed" testListId="8c84fa94-04c1-424b-9868-57a2d4851a1d" relativeResultsDirectory="d6b3b60e-76c5-4980-843b-27df894ed702" />
    <UnitTestResult executionId="0638ce87-3b29-4321-b5b3-96f51456bbbc" testId="3b276006-ded9-3e33-7cce-35cbf2995e25" testName="Parser Tests.Statement Parser Tests.Control Flow Statements.if with else" computerName="dadsmbp" startTime="2025-08-22T08:18:24.4860290-04:00" endTime="2025-08-22T08:18:24.4872850-04:00" testType="13cdc9d9-ddb5-4fa4-a97d-d965ccfc6d4b" outcome="Passed" testListId="8c84fa94-04c1-424b-9868-57a2d4851a1d" relativeResultsDirectory="0638ce87-3b29-4321-b5b3-96f51456bbbc" />
    <UnitTestResult executionId="3468236c-9ed4-4ff2-ab95-e94b3c6393ff" testId="b91df055-d81f-13a2-3b2a-adce7e1ce561" testName="Parser Tests.Statement Parser Tests.Basic Statements.assignment with table access" computerName="dadsmbp" startTime="2025-08-22T08:18:24.4857940-04:00" endTime="2025-08-22T08:18:24.4859600-04:00" testType="13cdc9d9-ddb5-4fa4-a97d-d965ccfc6d4b" outcome="Passed" testListId="8c84fa94-04c1-424b-9868-57a2d4851a1d" relativeResultsDirectory="3468236c-9ed4-4ff2-ab95-e94b3c6393ff" />
    <UnitTestResult executionId="ce009c32-3845-4dda-9084-2ee712b6cb96" testId="176664cd-e332-31a2-9d05-82d737b12220" testName="Parser Tests.Expression Parser Tests.Function Calls.no arguments" computerName="dadsmbp" startTime="2025-08-22T08:18:24.4418960-04:00" endTime="2025-08-22T08:18:24.4428530-04:00" testType="13cdc9d9-ddb5-4fa4-a97d-d965ccfc6d4b" outcome="Passed" testListId="8c84fa94-04c1-424b-9868-57a2d4851a1d" relativeResultsDirectory="ce009c32-3845-4dda-9084-2ee712b6cb96" />
    <UnitTestResult executionId="5c7a2ec0-251b-49f8-a9da-5c7e711308e9" testId="fdcfdd08-e7ac-a1f9-5ac4-b193cd2e55be" testName="Parser Tests.Expression Parser Tests.Identifiers.alphanumeric identifier" computerName="dadsmbp" startTime="2025-08-22T08:18:24.4097950-04:00" endTime="2025-08-22T08:18:24.4104440-04:00" testType="13cdc9d9-ddb5-4fa4-a97d-d965ccfc6d4b" outcome="Passed" testListId="8c84fa94-04c1-424b-9868-57a2d4851a1d" relativeResultsDirectory="5c7a2ec0-251b-49f8-a9da-5c7e711308e9" />
    <UnitTestResult executionId="f1f8d466-25af-495e-a525-2c194af4e934" testId="e5c063e2-57d2-6d48-c35f-7e8e3d6332c0" testName="Hex literal parsing.Standard hex values" computerName="dadsmbp" startTime="2025-08-22T08:18:24.5303200-04:00" endTime="2025-08-22T08:18:24.5315090-04:00" testType="13cdc9d9-ddb5-4fa4-a97d-d965ccfc6d4b" outcome="Passed" testListId="8c84fa94-04c1-424b-9868-57a2d4851a1d" relativeResultsDirectory="f1f8d466-25af-495e-a525-2c194af4e934" />
    <UnitTestResult executionId="569afc5c-913c-4ed0-9ae7-3c62474666e2" testId="657128c5-a00a-417a-0398-225465022baf" testName="Parser Tests.Expression Parser Tests.Table Constructors.Named Fields.named field with expression" computerName="dadsmbp" startTime="2025-08-22T08:18:24.4641610-04:00" endTime="2025-08-22T08:18:24.4649120-04:00" testType="13cdc9d9-ddb5-4fa4-a97d-d965ccfc6d4b" outcome="Passed" testListId="8c84fa94-04c1-424b-9868-57a2d4851a1d" relativeResultsDirectory="569afc5c-913c-4ed0-9ae7-3c62474666e2" />
    <UnitTestResult executionId="ad76b166-a62c-493b-82b5-19472409c598" testId="48b68161-6a77-c4ee-cbc6-b600ca4b2b7f" testName="Parser Tests.Statement Parser Tests.Parser Fixes.Table Assignment at Statement Level (Fixed).table string key assignment" computerName="dadsmbp" startTime="2025-08-22T08:18:24.5191320-04:00" endTime="2025-08-22T08:18:24.5194200-04:00" testType="13cdc9d9-ddb5-4fa4-a97d-d965ccfc6d4b" outcome="Passed" testListId="8c84fa94-04c1-424b-9868-57a2d4851a1d" relativeResultsDirectory="ad76b166-a62c-493b-82b5-19472409c598" />
    <UnitTestResult executionId="e31209e7-eeb2-4c4c-b9ea-e683198b5dca" testId="0ba7aa40-6834-6408-0135-49e448773151" testName="Parser Tests.Expression Parser Tests.Identifiers.underscore identifier" computerName="dadsmbp" startTime="2025-08-22T08:18:24.4097860-04:00" endTime="2025-08-22T08:18:24.4104510-04:00" testType="13cdc9d9-ddb5-4fa4-a97d-d965ccfc6d4b" outcome="Passed" testListId="8c84fa94-04c1-424b-9868-57a2d4851a1d" relativeResultsDirectory="e31209e7-eeb2-4c4c-b9ea-e683198b5dca" />
    <UnitTestResult executionId="44e90ad3-e206-40d5-a351-55a6af17741b" testId="4aa0c269-359a-c858-e90f-1fae4b1d119c" testName="Parser Tests.Expression Parser Tests.Table Constructors.Key Fields.key field with variable" computerName="dadsmbp" startTime="2025-08-22T08:18:24.4641980-04:00" endTime="2025-08-22T08:18:24.4648980-04:00" testType="13cdc9d9-ddb5-4fa4-a97d-d965ccfc6d4b" outcome="Passed" testListId="8c84fa94-04c1-424b-9868-57a2d4851a1d" relativeResultsDirectory="44e90ad3-e206-40d5-a351-55a6af17741b" />
    <UnitTestResult executionId="f6300bfc-8132-4562-8a48-1f48d3b77be6" testId="f362749b-c766-edfa-beed-a4a7ae724ae8" testName="Parser Tests.Expression Parser Tests.Table Constructors.Mixed Fields.values and named" computerName="dadsmbp" startTime="2025-08-22T08:18:24.4642280-04:00" endTime="2025-08-22T08:18:24.4649250-04:00" testType="13cdc9d9-ddb5-4fa4-a97d-d965ccfc6d4b" outcome="Passed" testListId="8c84fa94-04c1-424b-9868-57a2d4851a1d" relativeResultsDirectory="f6300bfc-8132-4562-8a48-1f48d3b77be6" />
    <UnitTestResult executionId="a3ced859-66c6-4c97-85a4-99d55dacd103" testId="7ab74693-7ec4-60ea-51c2-12f33101f335" testName="Parser Tests.Statement Parser Tests.Parser Fixes.Table Assignment at Statement Level (Fixed).table dot assignment" computerName="dadsmbp" startTime="2025-08-22T08:18:24.5191320-04:00" endTime="2025-08-22T08:18:24.5194840-04:00" testType="13cdc9d9-ddb5-4fa4-a97d-d965ccfc6d4b" outcome="Passed" testListId="8c84fa94-04c1-424b-9868-57a2d4851a1d" relativeResultsDirectory="a3ced859-66c6-4c97-85a4-99d55dacd103" />
    <UnitTestResult executionId="ce077fb6-fd74-48aa-9199-c2fcece391cc" testId="5dff5f0c-32ad-0c05-14a6-b79d6a364636" testName="Parser Tests.Expression Parser Tests.Table Constructors.Simple Values.multiple values" computerName="dadsmbp" startTime="2025-08-22T08:18:24.4641020-04:00" endTime="2025-08-22T08:18:24.4648930-04:00" testType="13cdc9d9-ddb5-4fa4-a97d-d965ccfc6d4b" outcome="Passed" testListId="8c84fa94-04c1-424b-9868-57a2d4851a1d" relativeResultsDirectory="ce077fb6-fd74-48aa-9199-c2fcece391cc" />
    <UnitTestResult executionId="81507d6c-795c-4afe-b9a0-9494d3e6a59f" testId="23f84a4d-bc21-b97f-e115-11bf0b33db04" testName="Parser Tests.Statement Parser Tests.Integration Tests - Multiple Features.table with method calls and functions" computerName="dadsmbp" startTime="2025-08-22T08:18:24.5080010-04:00" endTime="2025-08-22T08:18:24.5084720-04:00" testType="13cdc9d9-ddb5-4fa4-a97d-d965ccfc6d4b" outcome="Passed" testListId="8c84fa94-04c1-424b-9868-57a2d4851a1d" relativeResultsDirectory="81507d6c-795c-4afe-b9a0-9494d3e6a59f" />
    <UnitTestResult executionId="2a23c724-7add-43a1-8d79-9fb2d520c8ce" testId="1a716a10-d641-d602-72f7-3f93f8cd0402" testName="Parser Tests.Expression Parser Tests.Table Constructors.Complex Examples.mixed complex expressions" computerName="dadsmbp" duration="00:00:00.0010000" startTime="2025-08-22T08:18:24.4753930-04:00" endTime="2025-08-22T08:18:24.4768920-04:00" testType="13cdc9d9-ddb5-4fa4-a97d-d965ccfc6d4b" outcome="Passed" testListId="8c84fa94-04c1-424b-9868-57a2d4851a1d" relativeResultsDirectory="2a23c724-7add-43a1-8d79-9fb2d520c8ce" />
    <UnitTestResult executionId="593c02e7-e10b-46f6-b581-ed5c6d782a68" testId="4ea9d3ff-8424-0fad-33d4-4da20e6be977" testName="Parser Tests.Expression Parser Tests.Identifiers.single character" computerName="dadsmbp" startTime="2025-08-22T08:18:24.4098320-04:00" endTime="2025-08-22T08:18:24.4104420-04:00" testType="13cdc9d9-ddb5-4fa4-a97d-d965ccfc6d4b" outcome="Passed" testListId="8c84fa94-04c1-424b-9868-57a2d4851a1d" relativeResultsDirectory="593c02e7-e10b-46f6-b581-ed5c6d782a68" />
    <UnitTestResult executionId="751ef6b2-822a-4875-b593-55be0c2c3b43" testId="f55754ec-072d-a532-5fd1-647f087fa389" testName="Parser Tests.Expression Parser Tests.Table Constructors.Complex Examples.table with function definition" computerName="dadsmbp" duration="00:00:00.0010000" startTime="2025-08-22T08:18:24.4753250-04:00" endTime="2025-08-22T08:18:24.4769000-04:00" testType="13cdc9d9-ddb5-4fa4-a97d-d965ccfc6d4b" outcome="Passed" testListId="8c84fa94-04c1-424b-9868-57a2d4851a1d" relativeResultsDirectory="751ef6b2-822a-4875-b593-55be0c2c3b43" />
    <UnitTestResult executionId="bae98c69-d482-4a93-be68-5a7ec3fca8ce" testId="1445a436-f34a-a70f-5047-8283ef73049c" testName="Function call parsing.Standard call" computerName="dadsmbp" startTime="2025-08-22T08:18:24.5518550-04:00" endTime="2025-08-22T08:18:24.5530260-04:00" testType="13cdc9d9-ddb5-4fa4-a97d-d965ccfc6d4b" outcome="Passed" testListId="8c84fa94-04c1-424b-9868-57a2d4851a1d" relativeResultsDirectory="bae98c69-d482-4a93-be68-5a7ec3fca8ce" />
    <UnitTestResult executionId="7003368d-3c6b-4bbc-9b01-e92313ce852d" testId="413dc1a3-0eee-2fa8-da62-4788e8635f66" testName="Parser Tests.Statement Parser Tests.Variable Attributes.Function Parameter Attributes.local function with attributes" computerName="dadsmbp" startTime="2025-08-22T08:18:24.5190920-04:00" endTime="2025-08-22T08:18:24.5191600-04:00" testType="13cdc9d9-ddb5-4fa4-a97d-d965ccfc6d4b" outcome="Passed" testListId="8c84fa94-04c1-424b-9868-57a2d4851a1d" relativeResultsDirectory="7003368d-3c6b-4bbc-9b01-e92313ce852d" />
    <UnitTestResult executionId="0241d8f0-0d8e-46ea-bded-d37186f2d390" testId="f0647535-9b53-2b97-a592-0347a36420eb" testName="Generic for loop parsing.Multiple iterator values" computerName="dadsmbp" duration="00:00:00.0010000" startTime="2025-08-22T08:18:24.5517890-04:00" endTime="2025-08-22T08:18:24.5530180-04:00" testType="13cdc9d9-ddb5-4fa4-a97d-d965ccfc6d4b" outcome="Passed" testListId="8c84fa94-04c1-424b-9868-57a2d4851a1d" relativeResultsDirectory="0241d8f0-0d8e-46ea-bded-d37186f2d390" />
    <UnitTestResult executionId="4dcfff42-0f68-4001-a2ec-11e8493c6b6f" testId="f5a75e3b-7a61-b51c-fbbf-ba6389078cf8" testName="Parser Tests.Statement Parser Tests.Parser Fixes.Table Assignment at Statement Level (Fixed).table assignment with expression key" computerName="dadsmbp" startTime="2025-08-22T08:18:24.5191840-04:00" endTime="2025-08-22T08:18:24.5196750-04:00" testType="13cdc9d9-ddb5-4fa4-a97d-d965ccfc6d4b" outcome="Passed" testListId="8c84fa94-04c1-424b-9868-57a2d4851a1d" relativeResultsDirectory="4dcfff42-0f68-4001-a2ec-11e8493c6b6f" />
    <UnitTestResult executionId="cef94b7b-6ca6-46a8-ab3c-729afcc25f38" testId="b4887e73-89aa-9e82-9b02-5368d0b98e0e" testName="Parser Tests.Expression Parser Tests.Table Constructors.Simple Values.single value" computerName="dadsmbp" startTime="2025-08-22T08:18:24.4640990-04:00" endTime="2025-08-22T08:18:24.4649440-04:00" testType="13cdc9d9-ddb5-4fa4-a97d-d965ccfc6d4b" outcome="Passed" testListId="8c84fa94-04c1-424b-9868-57a2d4851a1d" relativeResultsDirectory="cef94b7b-6ca6-46a8-ab3c-729afcc25f38" />
    <UnitTestResult executionId="4293fcaa-9450-4a5a-a574-44ff8d1858f9" testId="c9bdd070-3a4d-f33d-8633-0f0ada3f44b8" testName="Parser Tests.Expression Parser Tests.Function Calls.single argument" computerName="dadsmbp" startTime="2025-08-22T08:18:24.4419060-04:00" endTime="2025-08-22T08:18:24.4430370-04:00" testType="13cdc9d9-ddb5-4fa4-a97d-d965ccfc6d4b" outcome="Passed" testListId="8c84fa94-04c1-424b-9868-57a2d4851a1d" relativeResultsDirectory="4293fcaa-9450-4a5a-a574-44ff8d1858f9" />
    <UnitTestResult executionId="06b126a2-9151-46fd-94a3-0226896ae695" testId="ac74d753-3ccd-5e13-c5be-1ad7a4aad554" testName="Long string parsing.Nested brackets" computerName="dadsmbp" duration="00:00:00.0050000" startTime="2025-08-22T08:18:24.5405700-04:00" endTime="2025-08-22T08:18:24.5461610-04:00" testType="13cdc9d9-ddb5-4fa4-a97d-d965ccfc6d4b" outcome="Passed" testListId="8c84fa94-04c1-424b-9868-57a2d4851a1d" relativeResultsDirectory="06b126a2-9151-46fd-94a3-0226896ae695" />
    <UnitTestResult executionId="01e276ad-251e-43a7-b8cd-d8161c0d5955" testId="e514b4b5-ff0e-0503-c03f-cd130b642260" testName="Parser Tests.Statement Parser Tests.Variable Attributes.Function Parameter Attributes.function with close parameter" computerName="dadsmbp" startTime="2025-08-22T08:18:24.5190710-04:00" endTime="2025-08-22T08:18:24.5191340-04:00" testType="13cdc9d9-ddb5-4fa4-a97d-d965ccfc6d4b" outcome="Passed" testListId="8c84fa94-04c1-424b-9868-57a2d4851a1d" relativeResultsDirectory="01e276ad-251e-43a7-b8cd-d8161c0d5955" />
    <UnitTestResult executionId="134a020b-cfdb-46a2-a7cc-340f323e70d0" testId="13e04fc6-8833-a314-b97b-622e7e4d78bc" testName="Parser Tests.Expression Parser Tests.Method Calls.method with single arg" computerName="dadsmbp" startTime="2025-08-22T08:18:24.4529870-04:00" endTime="2025-08-22T08:18:24.4537700-04:00" testType="13cdc9d9-ddb5-4fa4-a97d-d965ccfc6d4b" outcome="Passed" testListId="8c84fa94-04c1-424b-9868-57a2d4851a1d" relativeResultsDirectory="134a020b-cfdb-46a2-a7cc-340f323e70d0" />
    <UnitTestResult executionId="629439cd-05de-4612-aaa8-cf73056b2778" testId="61b22050-97ad-20ac-89ce-f3b72a5a8e5a" testName="Parser Tests.Statement Parser Tests.Parser Fixes.Complex Assignment Patterns.assignment with table constructor key" computerName="dadsmbp" startTime="2025-08-22T08:18:24.5302160-04:00" endTime="2025-08-22T08:18:24.5305590-04:00" testType="13cdc9d9-ddb5-4fa4-a97d-d965ccfc6d4b" outcome="Passed" testListId="8c84fa94-04c1-424b-9868-57a2d4851a1d" relativeResultsDirectory="629439cd-05de-4612-aaa8-cf73056b2778" />
    <UnitTestResult executionId="544fa9b0-cbcd-471d-ad0f-21775c0ad242" testId="2954afc1-d821-d9ae-f321-0aef5158aafe" testName="Parser Tests.Expression Parser Tests.Method Calls.chained method with long string" computerName="dadsmbp" startTime="2025-08-22T08:18:24.4640640-04:00" endTime="2025-08-22T08:18:24.4642060-04:00" testType="13cdc9d9-ddb5-4fa4-a97d-d965ccfc6d4b" outcome="Passed" testListId="8c84fa94-04c1-424b-9868-57a2d4851a1d" relativeResultsDirectory="544fa9b0-cbcd-471d-ad0f-21775c0ad242" />
    <UnitTestResult executionId="cc265d05-d169-4795-b1a6-bf31701d3553" testId="dd87e8f5-47dd-63a5-b069-c24fab3a48d5" testName="Parser Tests.Expression Parser Tests.Literals.escape backspace" computerName="dadsmbp" startTime="2025-08-22T08:18:24.3876020-04:00" endTime="2025-08-22T08:18:24.3882680-04:00" testType="13cdc9d9-ddb5-4fa4-a97d-d965ccfc6d4b" outcome="Passed" testListId="8c84fa94-04c1-424b-9868-57a2d4851a1d" relativeResultsDirectory="cc265d05-d169-4795-b1a6-bf31701d3553" />
    <UnitTestResult executionId="e952aa36-740e-4cb5-9936-3d88ce4560b3" testId="7b8d351e-949a-a562-6c8a-b72a61dc4e22" testName="Parser Tests.Statement Parser Tests.Parser Fixes.Assignment vs Function Call Disambiguation.table access function call" computerName="dadsmbp" startTime="2025-08-22T08:18:24.5301350-04:00" endTime="2025-08-22T08:18:24.5302340-04:00" testType="13cdc9d9-ddb5-4fa4-a97d-d965ccfc6d4b" outcome="Passed" testListId="8c84fa94-04c1-424b-9868-57a2d4851a1d" relativeResultsDirectory="e952aa36-740e-4cb5-9936-3d88ce4560b3" />
    <UnitTestResult executionId="56ae99c4-0371-41d2-a288-96447582f488" testId="95ca2f10-0840-0229-390b-f87fb8626041" testName="Parser Tests.Expression Parser Tests.Parentheses.parentheses with spaces" computerName="dadsmbp" startTime="2025-08-22T08:18:24.4098910-04:00" endTime="2025-08-22T08:18:24.4102780-04:00" testType="13cdc9d9-ddb5-4fa4-a97d-d965ccfc6d4b" outcome="Passed" testListId="8c84fa94-04c1-424b-9868-57a2d4851a1d" relativeResultsDirectory="56ae99c4-0371-41d2-a288-96447582f488" />
    <UnitTestResult executionId="6d5dbfed-1605-4f07-9ec6-ae167e94100d" testId="862c78bf-ab7b-7516-2ebe-a03d490a5635" testName="Parser Tests.Expression Parser Tests.Method Calls.mixed access and method" computerName="dadsmbp" startTime="2025-08-22T08:18:24.4530910-04:00" endTime="2025-08-22T08:18:24.4537700-04:00" testType="13cdc9d9-ddb5-4fa4-a97d-d965ccfc6d4b" outcome="Passed" testListId="8c84fa94-04c1-424b-9868-57a2d4851a1d" relativeResultsDirectory="6d5dbfed-1605-4f07-9ec6-ae167e94100d" />
    <UnitTestResult executionId="51b71367-7407-424b-9ec5-df510d82b2dd" testId="affcd0cb-5609-83cd-3160-dc9ebb422db5" testName="Parser Tests.Expression Parser Tests.Edge Cases.deeply nested precedence" computerName="dadsmbp" startTime="2025-08-22T08:18:24.4418780-04:00" endTime="2025-08-22T08:18:24.4421540-04:00" testType="13cdc9d9-ddb5-4fa4-a97d-d965ccfc6d4b" outcome="Passed" testListId="8c84fa94-04c1-424b-9868-57a2d4851a1d" relativeResultsDirectory="51b71367-7407-424b-9ec5-df510d82b2dd" />
    <UnitTestResult executionId="25141c51-f309-4a02-8588-07c311888659" testId="f9b1b562-700c-308d-bc66-002581032a2e" testName="Parser Tests.Statement Parser Tests.Basic Statements.simple assignment" computerName="dadsmbp" duration="00:00:00.0010000" startTime="2025-08-22T08:18:24.4754960-04:00" endTime="2025-08-22T08:18:24.4775740-04:00" testType="13cdc9d9-ddb5-4fa4-a97d-d965ccfc6d4b" outcome="Passed" testListId="8c84fa94-04c1-424b-9868-57a2d4851a1d" relativeResultsDirectory="25141c51-f309-4a02-8588-07c311888659" />
    <UnitTestResult executionId="7c0dd529-6b62-4429-9865-c58cd8e569ec" testId="6bcb40f4-cf24-de68-ebe9-a8a7e6ab39fc" testName="Parser Tests.Expression Parser Tests.Literals.hex escape A" computerName="dadsmbp" startTime="2025-08-22T08:18:24.3989980-04:00" endTime="2025-08-22T08:18:24.4004810-04:00" testType="13cdc9d9-ddb5-4fa4-a97d-d965ccfc6d4b" outcome="Passed" testListId="8c84fa94-04c1-424b-9868-57a2d4851a1d" relativeResultsDirectory="7c0dd529-6b62-4429-9865-c58cd8e569ec" />
    <UnitTestResult executionId="953da825-34fc-403a-b74d-13e561b2e04f" testId="56bc034c-870c-2029-f5c0-ce7cb67ea11d" testName="Parser Tests.Expression Parser Tests.Literals.zero float" computerName="dadsmbp" duration="00:00:00.0180000" startTime="2025-08-22T08:18:24.3487520-04:00" endTime="2025-08-22T08:18:24.3740940-04:00" testType="13cdc9d9-ddb5-4fa4-a97d-d965ccfc6d4b" outcome="Passed" testListId="8c84fa94-04c1-424b-9868-57a2d4851a1d" relativeResultsDirectory="953da825-34fc-403a-b74d-13e561b2e04f" />
    <UnitTestResult executionId="4ad8801a-f2db-47db-b56c-8d69016cf385" testId="d3ebb7cf-f9ec-9b3e-35a1-23e19c538cfa" testName="Scientific notation parsing.Explicit positive exponent" computerName="dadsmbp" startTime="2025-08-22T08:18:24.5405370-04:00" endTime="2025-08-22T08:18:24.5413840-04:00" testType="13cdc9d9-ddb5-4fa4-a97d-d965ccfc6d4b" outcome="Passed" testListId="8c84fa94-04c1-424b-9868-57a2d4851a1d" relativeResultsDirectory="4ad8801a-f2db-47db-b56c-8d69016cf385" />
    <UnitTestResult executionId="926945a1-dba3-47d4-aea8-840361f22833" testId="c98a6040-df85-4dcf-82be-4564f2a354ed" testName="Parser Tests.Statement Parser Tests.Basic Statements.return value" computerName="dadsmbp" startTime="2025-08-22T08:18:24.4859550-04:00" endTime="2025-08-22T08:18:24.4862570-04:00" testType="13cdc9d9-ddb5-4fa4-a97d-d965ccfc6d4b" outcome="Passed" testListId="8c84fa94-04c1-424b-9868-57a2d4851a1d" relativeResultsDirectory="926945a1-dba3-47d4-aea8-840361f22833" />
    <UnitTestResult executionId="ccaf4f75-863a-4e32-b83d-258f85fc1489" testId="a7981e95-1323-105c-d83e-9d57dec6b2d8" testName="Parser Tests.Expression Parser Tests.Comparison Operators.less" computerName="dadsmbp" startTime="2025-08-22T08:18:24.4312650-04:00" endTime="2025-08-22T08:18:24.4315390-04:00" testType="13cdc9d9-ddb5-4fa4-a97d-d965ccfc6d4b" outcome="Passed" testListId="8c84fa94-04c1-424b-9868-57a2d4851a1d" relativeResultsDirectory="ccaf4f75-863a-4e32-b83d-258f85fc1489" />
    <UnitTestResult executionId="825346ea-f24e-4cb5-9af3-49476d6bc203" testId="a48197e7-34b6-2816-16e7-425e0038f95b" testName="Parser Tests.Expression Parser Tests.Complex Expressions.bitwise and arithmetic" computerName="dadsmbp" startTime="2025-08-22T08:18:24.4418040-04:00" endTime="2025-08-22T08:18:24.4419740-04:00" testType="13cdc9d9-ddb5-4fa4-a97d-d965ccfc6d4b" outcome="Passed" testListId="8c84fa94-04c1-424b-9868-57a2d4851a1d" relativeResultsDirectory="825346ea-f24e-4cb5-9af3-49476d6bc203" />
    <UnitTestResult executionId="8c620bd3-2289-460a-a375-4dabcf9c7aa1" testId="1a7858ec-7b00-19e3-8d93-b0573ac54671" testName="Parser Tests.Expression Parser Tests.Table Access.mixed access" computerName="dadsmbp" startTime="2025-08-22T08:18:24.4529550-04:00" endTime="2025-08-22T08:18:24.4531770-04:00" testType="13cdc9d9-ddb5-4fa4-a97d-d965ccfc6d4b" outcome="Passed" testListId="8c84fa94-04c1-424b-9868-57a2d4851a1d" relativeResultsDirectory="8c620bd3-2289-460a-a375-4dabcf9c7aa1" />
    <UnitTestResult executionId="00675e2b-b412-4f71-b890-90c8c421d19c" testId="fe7b4783-5658-87e1-ca2c-6b15dc662819" testName="Parser Tests.Expression Parser Tests.Literals.complex string" computerName="dadsmbp" startTime="2025-08-22T08:18:24.4004260-04:00" endTime="2025-08-22T08:18:24.4005910-04:00" testType="13cdc9d9-ddb5-4fa4-a97d-d965ccfc6d4b" outcome="Passed" testListId="8c84fa94-04c1-424b-9868-57a2d4851a1d" relativeResultsDirectory="00675e2b-b412-4f71-b890-90c8c421d19c" />
    <UnitTestResult executionId="5899d4bf-c144-456b-8d6a-cc3ee7c9d5d9" testId="c7be5443-b868-5116-e84d-9ffcacf6dab8" testName="Parser Tests.Expression Parser Tests.Identifiers.long identifier" computerName="dadsmbp" startTime="2025-08-22T08:18:24.4098360-04:00" endTime="2025-08-22T08:18:24.4104720-04:00" testType="13cdc9d9-ddb5-4fa4-a97d-d965ccfc6d4b" outcome="Passed" testListId="8c84fa94-04c1-424b-9868-57a2d4851a1d" relativeResultsDirectory="5899d4bf-c144-456b-8d6a-cc3ee7c9d5d9" />
    <UnitTestResult executionId="8ed0842e-75ed-4d2a-8e8a-26035250f17d" testId="b720d5ae-34d4-7f69-eb3b-9e67edcaa5b6" testName="Parser Tests.Expression Parser Tests.Whitespace Handling.tabs and spaces" computerName="dadsmbp" startTime="2025-08-22T08:18:24.4418570-04:00" endTime="2025-08-22T08:18:24.4419850-04:00" testType="13cdc9d9-ddb5-4fa4-a97d-d965ccfc6d4b" outcome="Passed" testListId="8c84fa94-04c1-424b-9868-57a2d4851a1d" relativeResultsDirectory="8ed0842e-75ed-4d2a-8e8a-26035250f17d" />
    <UnitTestResult executionId="31cebbb2-1cc9-41f8-96b0-57ee18509b20" testId="ee64b813-f0cb-cb72-0323-df3a54bc0a5e" testName="Parser Tests.Statement Parser Tests.Control Flow Statements.Labels and Goto.goto with numbers" computerName="dadsmbp" startTime="2025-08-22T08:18:24.4973620-04:00" endTime="2025-08-22T08:18:24.4976530-04:00" testType="13cdc9d9-ddb5-4fa4-a97d-d965ccfc6d4b" outcome="Passed" testListId="8c84fa94-04c1-424b-9868-57a2d4851a1d" relativeResultsDirectory="31cebbb2-1cc9-41f8-96b0-57ee18509b20" />
    <UnitTestResult executionId="ceabc731-347b-418a-b78f-f5b8221e6cd5" testId="d62fdd4e-c660-b54e-8965-95156526d6c3" testName="Parser Tests.Statement Parser Tests.Control Flow Statements.Function Definitions.nested method" computerName="dadsmbp" startTime="2025-08-22T08:18:24.5078990-04:00" endTime="2025-08-22T08:18:24.5086120-04:00" testType="13cdc9d9-ddb5-4fa4-a97d-d965ccfc6d4b" outcome="Passed" testListId="8c84fa94-04c1-424b-9868-57a2d4851a1d" relativeResultsDirectory="ceabc731-347b-418a-b78f-f5b8221e6cd5" />
    <UnitTestResult executionId="7c04c908-88ba-440a-a6bb-823da1da763c" testId="bc676c70-bff1-771e-2805-b78bf099cdaf" testName="Parser Tests.Statement Parser Tests.Integration Tests - Multiple Features.multiple assignment with method calls" computerName="dadsmbp" startTime="2025-08-22T08:18:24.5080340-04:00" endTime="2025-08-22T08:18:24.5082060-04:00" testType="13cdc9d9-ddb5-4fa4-a97d-d965ccfc6d4b" outcome="Passed" testListId="8c84fa94-04c1-424b-9868-57a2d4851a1d" relativeResultsDirectory="7c04c908-88ba-440a-a6bb-823da1da763c" />
    <UnitTestResult executionId="d4b8aba9-9181-4276-906e-3a75c797dbdb" testId="42e215c3-5d2e-bd5d-b7d0-2ce1a036b738" testName="Parser Tests.Expression Parser Tests.Edge Cases.all unary operators" computerName="dadsmbp" startTime="2025-08-22T08:18:24.4418760-04:00" endTime="2025-08-22T08:18:24.4421360-04:00" testType="13cdc9d9-ddb5-4fa4-a97d-d965ccfc6d4b" outcome="Passed" testListId="8c84fa94-04c1-424b-9868-57a2d4851a1d" relativeResultsDirectory="d4b8aba9-9181-4276-906e-3a75c797dbdb" />
    <UnitTestResult executionId="b71529d0-e8fd-43fb-840f-9e9690aa69c1" testId="23f6c827-5298-1b85-4116-a388ac096ef2" testName="Parser Tests.Expression Parser Tests.Literals.mixed escape types" computerName="dadsmbp" startTime="2025-08-22T08:18:24.4004110-04:00" endTime="2025-08-22T08:18:24.4005820-04:00" testType="13cdc9d9-ddb5-4fa4-a97d-d965ccfc6d4b" outcome="Passed" testListId="8c84fa94-04c1-424b-9868-57a2d4851a1d" relativeResultsDirectory="b71529d0-e8fd-43fb-840f-9e9690aa69c1" />
    <UnitTestResult executionId="4d1c8d79-a718-4816-8133-4175adcebf2f" testId="50787197-3318-8798-72b6-de8685990f85" testName="Parser Tests.Statement Parser Tests.Parser Fixes.Table Assignment at Statement Level (Fixed).chained table assignment" computerName="dadsmbp" startTime="2025-08-22T08:18:24.5192050-04:00" endTime="2025-08-22T08:18:24.5198020-04:00" testType="13cdc9d9-ddb5-4fa4-a97d-d965ccfc6d4b" outcome="Passed" testListId="8c84fa94-04c1-424b-9868-57a2d4851a1d" relativeResultsDirectory="4d1c8d79-a718-4816-8133-4175adcebf2f" />
    <UnitTestResult executionId="1a8259c1-fcfd-4978-a734-f84591880c2a" testId="31b647c0-1b1b-231b-0aa9-4845822edf5a" testName="Parser Tests.Statement Parser Tests.Control Flow Statements.Function Definitions.method definition" computerName="dadsmbp" startTime="2025-08-22T08:18:24.5078730-04:00" endTime="2025-08-22T08:18:24.5083380-04:00" testType="13cdc9d9-ddb5-4fa4-a97d-d965ccfc6d4b" outcome="Passed" testListId="8c84fa94-04c1-424b-9868-57a2d4851a1d" relativeResultsDirectory="1a8259c1-fcfd-4978-a734-f84591880c2a" />
    <UnitTestResult executionId="7332c163-c510-4768-9502-f6456430e4c4" testId="9c232a12-9174-3ded-7f7f-f119a1bec44c" testName="Parser Tests.Expression Parser Tests.Literals.decimal escape with following digit" computerName="dadsmbp" startTime="2025-08-22T08:18:24.3880310-04:00" endTime="2025-08-22T08:18:24.3888280-04:00" testType="13cdc9d9-ddb5-4fa4-a97d-d965ccfc6d4b" outcome="Passed" testListId="8c84fa94-04c1-424b-9868-57a2d4851a1d" relativeResultsDirectory="7332c163-c510-4768-9502-f6456430e4c4" />
    <UnitTestResult executionId="2b62129e-6661-4313-ac19-fada36564601" testId="ac1786a2-dddf-f8c1-879b-8f2df0918d4f" testName="Parser Tests.Statement Parser Tests.Parser Fixes.Table Assignment at Statement Level (Fixed).nested table assignment" computerName="dadsmbp" startTime="2025-08-22T08:18:24.5191430-04:00" endTime="2025-08-22T08:18:24.5194390-04:00" testType="13cdc9d9-ddb5-4fa4-a97d-d965ccfc6d4b" outcome="Passed" testListId="8c84fa94-04c1-424b-9868-57a2d4851a1d" relativeResultsDirectory="2b62129e-6661-4313-ac19-fada36564601" />
    <UnitTestResult executionId="ebe02fe0-46ea-4c60-a7e9-36aaa2fc60e4" testId="9aff055a-1ad6-d302-1b8e-67c3f447edb9" testName="Parser Tests.Expression Parser Tests.Bitwise Operators.precedence" computerName="dadsmbp" startTime="2025-08-22T08:18:24.4312610-04:00" endTime="2025-08-22T08:18:24.4314840-04:00" testType="13cdc9d9-ddb5-4fa4-a97d-d965ccfc6d4b" outcome="Passed" testListId="8c84fa94-04c1-424b-9868-57a2d4851a1d" relativeResultsDirectory="ebe02fe0-46ea-4c60-a7e9-36aaa2fc60e4" />
    <UnitTestResult executionId="d0964498-198a-4a74-aba4-7a6a00fd4d48" testId="f77409eb-245e-e588-990d-732ccf35b9b9" testName="Parser Tests.Statement Parser Tests.Control Flow Statements.For Loops.numeric for with step" computerName="dadsmbp" startTime="2025-08-22T08:18:24.4970030-04:00" endTime="2025-08-22T08:18:24.4973880-04:00" testType="13cdc9d9-ddb5-4fa4-a97d-d965ccfc6d4b" outcome="Passed" testListId="8c84fa94-04c1-424b-9868-57a2d4851a1d" relativeResultsDirectory="d0964498-198a-4a74-aba4-7a6a00fd4d48" />
    <UnitTestResult executionId="3c256dbc-8728-4107-815c-614744f0b60d" testId="e1168bf7-fb11-75ad-9550-9989387a8ebe" testName="Parser Tests.Statement Parser Tests.Integration Tests - Multiple Features.return with method calls and table constructor" computerName="dadsmbp" startTime="2025-08-22T08:18:24.5080350-04:00" endTime="2025-08-22T08:18:24.5081860-04:00" testType="13cdc9d9-ddb5-4fa4-a97d-d965ccfc6d4b" outcome="Passed" testListId="8c84fa94-04c1-424b-9868-57a2d4851a1d" relativeResultsDirectory="3c256dbc-8728-4107-815c-614744f0b60d" />
    <UnitTestResult executionId="f4a7745a-6028-4508-94d8-93d3017bad30" testId="c8317e5f-ac87-ad9f-f963-f49170b308f5" testName="Parser Tests.Statement Parser Tests.Control Flow Statements.Function Definitions.function with parameters" computerName="dadsmbp" startTime="2025-08-22T08:18:24.4973800-04:00" endTime="2025-08-22T08:18:24.4977480-04:00" testType="13cdc9d9-ddb5-4fa4-a97d-d965ccfc6d4b" outcome="Passed" testListId="8c84fa94-04c1-424b-9868-57a2d4851a1d" relativeResultsDirectory="f4a7745a-6028-4508-94d8-93d3017bad30" />
    <UnitTestResult executionId="9268f7a4-273a-41f7-9f1c-fb7c4ab0b777" testId="8b13a765-8c99-aabc-b19d-11c9ca6f1b68" testName="Parser Tests.Expression Parser Tests.Table Access.dot access" computerName="dadsmbp" startTime="2025-08-22T08:18:24.4528820-04:00" endTime="2025-08-22T08:18:24.4530190-04:00" testType="13cdc9d9-ddb5-4fa4-a97d-d965ccfc6d4b" outcome="Passed" testListId="8c84fa94-04c1-424b-9868-57a2d4851a1d" relativeResultsDirectory="9268f7a4-273a-41f7-9f1c-fb7c4ab0b777" />
    <UnitTestResult executionId="69abb04d-e57b-4282-8459-07086b17dd82" testId="a4206639-8551-015b-9278-1c1f53a52704" testName="Parser Tests.Expression Parser Tests.Power Operator.right associative" computerName="dadsmbp" startTime="2025-08-22T08:18:24.4206260-04:00" endTime="2025-08-22T08:18:24.4213680-04:00" testType="13cdc9d9-ddb5-4fa4-a97d-d965ccfc6d4b" outcome="Passed" testListId="8c84fa94-04c1-424b-9868-57a2d4851a1d" relativeResultsDirectory="69abb04d-e57b-4282-8459-07086b17dd82" />
    <UnitTestResult executionId="cb7ba019-15b0-4788-a81e-b8ab69661cbb" testId="31f49240-24a2-0e5e-c8c3-739b4d81c6d7" testName="Parser Tests.Statement Parser Tests.Parser Fixes.Table Access in Binary Expressions (Fixed).table access addition" computerName="dadsmbp" startTime="2025-08-22T08:18:24.5302540-04:00" endTime="2025-08-22T08:18:24.5308210-04:00" testType="13cdc9d9-ddb5-4fa4-a97d-d965ccfc6d4b" outcome="Passed" testListId="8c84fa94-04c1-424b-9868-57a2d4851a1d" relativeResultsDirectory="cb7ba019-15b0-4788-a81e-b8ab69661cbb" />
    <UnitTestResult executionId="094504bf-99c9-4527-b510-349945d3513e" testId="0be8d713-e704-74fa-c8fe-5901f43db625" testName="Parser Tests.Expression Parser Tests.Literals.hex escape newline" computerName="dadsmbp" startTime="2025-08-22T08:18:24.3990350-04:00" endTime="2025-08-22T08:18:24.4005550-04:00" testType="13cdc9d9-ddb5-4fa4-a97d-d965ccfc6d4b" outcome="Passed" testListId="8c84fa94-04c1-424b-9868-57a2d4851a1d" relativeResultsDirectory="094504bf-99c9-4527-b510-349945d3513e" />
    <UnitTestResult executionId="3f333315-7731-44ab-aee3-01baecdbbc24" testId="23e43918-ba21-82a6-ae6e-1717b947fa41" testName="Parser Tests.Expression Parser Tests.Literals.decimal escape single digit" computerName="dadsmbp" startTime="2025-08-22T08:18:24.3877340-04:00" endTime="2025-08-22T08:18:24.3887720-04:00" testType="13cdc9d9-ddb5-4fa4-a97d-d965ccfc6d4b" outcome="Passed" testListId="8c84fa94-04c1-424b-9868-57a2d4851a1d" relativeResultsDirectory="3f333315-7731-44ab-aee3-01baecdbbc24" />
    <UnitTestResult executionId="76bdad97-5844-4ffa-ab8a-c5d4bc824e71" testId="35d02efc-7874-8194-c839-10cd28db0d9e" testName="Parser Tests.Expression Parser Tests.Multiplicative Operators.multiply" computerName="dadsmbp" startTime="2025-08-22T08:18:24.4206810-04:00" endTime="2025-08-22T08:18:24.4215690-04:00" testType="13cdc9d9-ddb5-4fa4-a97d-d965ccfc6d4b" outcome="Passed" testListId="8c84fa94-04c1-424b-9868-57a2d4851a1d" relativeResultsDirectory="76bdad97-5844-4ffa-ab8a-c5d4bc824e71" />
    <UnitTestResult executionId="aac60dae-44c9-4db7-b3cd-6a3b35400603" testId="61a7a37d-f46f-ed42-bd70-9b1373a3ced4" testName="Parser Tests.Expression Parser Tests.Function Expressions.function with body" computerName="dadsmbp" duration="00:00:00.0020000" startTime="2025-08-22T08:18:24.4754710-04:00" endTime="2025-08-22T08:18:24.4780010-04:00" testType="13cdc9d9-ddb5-4fa4-a97d-d965ccfc6d4b" outcome="Passed" testListId="8c84fa94-04c1-424b-9868-57a2d4851a1d" relativeResultsDirectory="aac60dae-44c9-4db7-b3cd-6a3b35400603" />
    <UnitTestResult executionId="3307d315-5b61-4db7-88e1-0db94451beae" testId="86fb7a5a-8cf2-4c36-a489-26ff73f20850" testName="Parser Tests.Expression Parser Tests.vararg" computerName="dadsmbp" startTime="2025-08-22T08:18:24.4098510-04:00" endTime="2025-08-22T08:18:24.4101790-04:00" testType="13cdc9d9-ddb5-4fa4-a97d-d965ccfc6d4b" outcome="Passed" testListId="8c84fa94-04c1-424b-9868-57a2d4851a1d" relativeResultsDirectory="3307d315-5b61-4db7-88e1-0db94451beae" />
    <UnitTestResult executionId="fc6eaf15-79b2-4dd2-b5a3-ba5cd595ba39" testId="e0198dfc-3381-5a04-2210-16421478411b" testName="Hex literal parsing.Min Int64 value (was causing overflow)" computerName="dadsmbp" startTime="2025-08-22T08:18:24.5404540-04:00" endTime="2025-08-22T08:18:24.5407120-04:00" testType="13cdc9d9-ddb5-4fa4-a97d-d965ccfc6d4b" outcome="Passed" testListId="8c84fa94-04c1-424b-9868-57a2d4851a1d" relativeResultsDirectory="fc6eaf15-79b2-4dd2-b5a3-ba5cd595ba39" />
    <UnitTestResult executionId="143c88bf-4a64-489e-b4d2-0234de967198" testId="2c397f14-cc89-a8af-7de5-b6c9486ecf65" testName="Operator precedence.Power is right associative" computerName="dadsmbp" startTime="2025-08-22T08:18:24.5518420-04:00" endTime="2025-08-22T08:18:24.5531690-04:00" testType="13cdc9d9-ddb5-4fa4-a97d-d965ccfc6d4b" outcome="Passed" testListId="8c84fa94-04c1-424b-9868-57a2d4851a1d" relativeResultsDirectory="143c88bf-4a64-489e-b4d2-0234de967198" />
    <UnitTestResult executionId="fdd81a6f-c762-4df3-9d19-8351d9cbd174" testId="5e57c659-2db4-b8ce-a9d9-50e1e7b7b842" testName="Parser Tests.Expression Parser Tests.Shift Operators.right shift" computerName="dadsmbp" startTime="2025-08-22T08:18:24.4208200-04:00" endTime="2025-08-22T08:18:24.4217920-04:00" testType="13cdc9d9-ddb5-4fa4-a97d-d965ccfc6d4b" outcome="Passed" testListId="8c84fa94-04c1-424b-9868-57a2d4851a1d" relativeResultsDirectory="fdd81a6f-c762-4df3-9d19-8351d9cbd174" />
    <UnitTestResult executionId="ad435c21-2564-4e65-85c4-45b43998f126" testId="17166041-3a52-168f-5319-cb48ea781845" testName="Parser Tests.Expression Parser Tests.Literals.decimal escape max value" computerName="dadsmbp" startTime="2025-08-22T08:18:24.3880080-04:00" endTime="2025-08-22T08:18:24.3884500-04:00" testType="13cdc9d9-ddb5-4fa4-a97d-d965ccfc6d4b" outcome="Passed" testListId="8c84fa94-04c1-424b-9868-57a2d4851a1d" relativeResultsDirectory="ad435c21-2564-4e65-85c4-45b43998f126" />
    <UnitTestResult executionId="46f37902-b267-4af6-9bb7-c50dac70b0d4" testId="9c786e3a-f036-49d6-6407-0d5acd7c1f61" testName="Scientific notation parsing.Positive exponent" computerName="dadsmbp" startTime="2025-08-22T08:18:24.5404880-04:00" endTime="2025-08-22T08:18:24.5413200-04:00" testType="13cdc9d9-ddb5-4fa4-a97d-d965ccfc6d4b" outcome="Passed" testListId="8c84fa94-04c1-424b-9868-57a2d4851a1d" relativeResultsDirectory="46f37902-b267-4af6-9bb7-c50dac70b0d4" />
    <UnitTestResult executionId="c45c17bf-e179-4cda-ac06-d1572c0d0eab" testId="d1fdf263-c1e9-9de3-2358-6aa706b01c30" testName="Parser Tests.Expression Parser Tests.Logical Operators.precedence" computerName="dadsmbp" startTime="2025-08-22T08:18:24.4313890-04:00" endTime="2025-08-22T08:18:24.4321460-04:00" testType="13cdc9d9-ddb5-4fa4-a97d-d965ccfc6d4b" outcome="Passed" testListId="8c84fa94-04c1-424b-9868-57a2d4851a1d" relativeResultsDirectory="c45c17bf-e179-4cda-ac06-d1572c0d0eab" />
    <UnitTestResult executionId="2958bbf6-e543-4a0d-b15d-e4b9edb70644" testId="73624354-1cd8-cfa9-9307-0f5e85db415f" testName="Parser Tests.Expression Parser Tests.Table Constructors.Key Fields.single key field" computerName="dadsmbp" startTime="2025-08-22T08:18:24.4641890-04:00" endTime="2025-08-22T08:18:24.4649310-04:00" testType="13cdc9d9-ddb5-4fa4-a97d-d965ccfc6d4b" outcome="Passed" testListId="8c84fa94-04c1-424b-9868-57a2d4851a1d" relativeResultsDirectory="2958bbf6-e543-4a0d-b15d-e4b9edb70644" />
    <UnitTestResult executionId="698ded62-e0da-4d52-9394-eaf7845a3d1e" testId="e4910e24-1d21-cc0f-b00b-383030d4728e" testName="Parser Tests.Expression Parser Tests.Table Access.chained dot access" computerName="dadsmbp" startTime="2025-08-22T08:18:24.4529300-04:00" endTime="2025-08-22T08:18:24.4531090-04:00" testType="13cdc9d9-ddb5-4fa4-a97d-d965ccfc6d4b" outcome="Passed" testListId="8c84fa94-04c1-424b-9868-57a2d4851a1d" relativeResultsDirectory="698ded62-e0da-4d52-9394-eaf7845a3d1e" />
    <UnitTestResult executionId="929db9a6-7d04-4676-a2c2-1ead305f3fdc" testId="83655a65-6632-03cc-e5e9-95762f9d8428" testName="Parser Tests.Expression Parser Tests.Literals.literals.lua case 2" computerName="dadsmbp" startTime="2025-08-22T08:18:24.4097610-04:00" endTime="2025-08-22T08:18:24.4100490-04:00" testType="13cdc9d9-ddb5-4fa4-a97d-d965ccfc6d4b" outcome="Passed" testListId="8c84fa94-04c1-424b-9868-57a2d4851a1d" relativeResultsDirectory="929db9a6-7d04-4676-a2c2-1ead305f3fdc" />
    <UnitTestResult executionId="3b8dd96d-50f5-43a2-a29f-788350470a5a" testId="a81fb642-5efa-96c7-9da8-620d14375041" testName="Parser Tests.Expression Parser Tests.Unary Operators.bitwise not" computerName="dadsmbp" startTime="2025-08-22T08:18:24.4205830-04:00" endTime="2025-08-22T08:18:24.4210010-04:00" testType="13cdc9d9-ddb5-4fa4-a97d-d965ccfc6d4b" outcome="Passed" testListId="8c84fa94-04c1-424b-9868-57a2d4851a1d" relativeResultsDirectory="3b8dd96d-50f5-43a2-a29f-788350470a5a" />
    <UnitTestResult executionId="85f397d7-dc33-4d1d-b67d-ad8e6d218e90" testId="a4cab702-ac88-7d1a-c836-d98380cd86ed" testName="Parser Tests.Expression Parser Tests.Literals.unicode escape A" computerName="dadsmbp" startTime="2025-08-22T08:18:24.3990500-04:00" endTime="2025-08-22T08:18:24.4005610-04:00" testType="13cdc9d9-ddb5-4fa4-a97d-d965ccfc6d4b" outcome="Passed" testListId="8c84fa94-04c1-424b-9868-57a2d4851a1d" relativeResultsDirectory="85f397d7-dc33-4d1d-b67d-ad8e6d218e90" />
    <UnitTestResult executionId="2245e622-0558-4f90-b1ea-7621203c5393" testId="0d60d1ec-e2ff-2472-8bf2-2c217ffcebab" testName="Parser Tests.Statement Parser Tests.Control Flow Statements.For Loops.numeric for with function call" computerName="dadsmbp" startTime="2025-08-22T08:18:24.4971330-04:00" endTime="2025-08-22T08:18:24.4974350-04:00" testType="13cdc9d9-ddb5-4fa4-a97d-d965ccfc6d4b" outcome="Passed" testListId="8c84fa94-04c1-424b-9868-57a2d4851a1d" relativeResultsDirectory="2245e622-0558-4f90-b1ea-7621203c5393" />
    <UnitTestResult executionId="d687141d-8041-43ad-997b-a509e76b4a8f" testId="db7077dd-4ef5-8d20-6540-9087a3bc4696" testName="Variable attributes (Lua 5.4).Const attribute" computerName="dadsmbp" startTime="2025-08-22T08:18:24.5526430-04:00" endTime="2025-08-22T08:18:24.5531430-04:00" testType="13cdc9d9-ddb5-4fa4-a97d-d965ccfc6d4b" outcome="Passed" testListId="8c84fa94-04c1-424b-9868-57a2d4851a1d" relativeResultsDirectory="d687141d-8041-43ad-997b-a509e76b4a8f" />
    <UnitTestResult executionId="b5ebf2e9-8aba-4d9a-af18-f512b7327765" testId="50da10f7-26a6-5189-a981-de50fa2ada1b" testName="Parser Tests.Expression Parser Tests.Edge Cases.boolean logic chain" computerName="dadsmbp" startTime="2025-08-22T08:18:24.4418900-04:00" endTime="2025-08-22T08:18:24.4422150-04:00" testType="13cdc9d9-ddb5-4fa4-a97d-d965ccfc6d4b" outcome="Passed" testListId="8c84fa94-04c1-424b-9868-57a2d4851a1d" relativeResultsDirectory="b5ebf2e9-8aba-4d9a-af18-f512b7327765" />
    <UnitTestResult executionId="38b11078-9e2e-4555-932c-1c58d7d699fd" testId="8ceac842-0694-da26-8741-33c171517815" testName="Parser Tests.Expression Parser Tests.Literals.hex escape null" computerName="dadsmbp" startTime="2025-08-22T08:18:24.3986830-04:00" endTime="2025-08-22T08:18:24.4004570-04:00" testType="13cdc9d9-ddb5-4fa4-a97d-d965ccfc6d4b" outcome="Passed" testListId="8c84fa94-04c1-424b-9868-57a2d4851a1d" relativeResultsDirectory="38b11078-9e2e-4555-932c-1c58d7d699fd" />
    <UnitTestResult executionId="34a24076-ea3d-4361-9748-db6de77b132f" testId="107fd52a-d610-16f7-d2b4-50729b7deaad" testName="Scientific notation parsing.Negative exponent" computerName="dadsmbp" startTime="2025-08-22T08:18:24.5405010-04:00" endTime="2025-08-22T08:18:24.5413330-04:00" testType="13cdc9d9-ddb5-4fa4-a97d-d965ccfc6d4b" outcome="Passed" testListId="8c84fa94-04c1-424b-9868-57a2d4851a1d" relativeResultsDirectory="34a24076-ea3d-4361-9748-db6de77b132f" />
    <UnitTestResult executionId="9d0d565b-9cd8-4565-949f-74c2f904862b" testId="7a121384-ad33-5a50-aa20-0dd3188d181a" testName="Parser Tests.Statement Parser Tests.Parser Fixes.Table Assignment at Statement Level (Fixed).table assignment from function call" computerName="dadsmbp" startTime="2025-08-22T08:18:24.5192000-04:00" endTime="2025-08-22T08:18:24.5196660-04:00" testType="13cdc9d9-ddb5-4fa4-a97d-d965ccfc6d4b" outcome="Passed" testListId="8c84fa94-04c1-424b-9868-57a2d4851a1d" relativeResultsDirectory="9d0d565b-9cd8-4565-949f-74c2f904862b" />
    <UnitTestResult executionId="a4c93223-2710-4824-adea-f93f6c7a8a61" testId="d1220d6b-41d1-f6d0-a837-b5893fc68d06" testName="Parser Tests.Expression Parser Tests.Literals.hex escape mixed case" computerName="dadsmbp" startTime="2025-08-22T08:18:24.3990270-04:00" endTime="2025-08-22T08:18:24.4005200-04:00" testType="13cdc9d9-ddb5-4fa4-a97d-d965ccfc6d4b" outcome="Passed" testListId="8c84fa94-04c1-424b-9868-57a2d4851a1d" relativeResultsDirectory="a4c93223-2710-4824-adea-f93f6c7a8a61" />
    <UnitTestResult executionId="bb24209d-8e1e-4c09-ac7e-c8555f96dc58" testId="ab03aeee-2a55-ff2d-2d4f-6583c6d3f265" testName="Parser Tests.Expression Parser Tests.Comparison Operators.not equal" computerName="dadsmbp" startTime="2025-08-22T08:18:24.4313320-04:00" endTime="2025-08-22T08:18:24.4317430-04:00" testType="13cdc9d9-ddb5-4fa4-a97d-d965ccfc6d4b" outcome="Passed" testListId="8c84fa94-04c1-424b-9868-57a2d4851a1d" relativeResultsDirectory="bb24209d-8e1e-4c09-ac7e-c8555f96dc58" />
    <UnitTestResult executionId="aa483dfb-8c4c-45cf-9470-a5ba3feb024f" testId="16e83989-f14b-2617-4a53-58c2828f533b" testName="Parser Tests.Statement Parser Tests.Parser Fixes.Assignment vs Function Call Disambiguation.assignment with newline" computerName="dadsmbp" startTime="2025-08-22T08:18:24.5301870-04:00" endTime="2025-08-22T08:18:24.5303570-04:00" testType="13cdc9d9-ddb5-4fa4-a97d-d965ccfc6d4b" outcome="Passed" testListId="8c84fa94-04c1-424b-9868-57a2d4851a1d" relativeResultsDirectory="aa483dfb-8c4c-45cf-9470-a5ba3feb024f" />
    <UnitTestResult executionId="b6e27fac-30a6-4ae7-8acb-7bba63e23380" testId="63187717-8e00-caba-40f9-a91ffcda26a1" testName="Parser Tests.Statement Parser Tests.Control Flow Statements.simple if" computerName="dadsmbp" startTime="2025-08-22T08:18:24.4860120-04:00" endTime="2025-08-22T08:18:24.4872360-04:00" testType="13cdc9d9-ddb5-4fa4-a97d-d965ccfc6d4b" outcome="Passed" testListId="8c84fa94-04c1-424b-9868-57a2d4851a1d" relativeResultsDirectory="b6e27fac-30a6-4ae7-8acb-7bba63e23380" />
    <UnitTestResult executionId="64777768-93f8-42b5-97b0-d3881d15f5e2" testId="d3c442eb-a0af-517d-1486-3bae2dbdb273" testName="String escape sequences.Hex escape" computerName="dadsmbp" duration="00:00:00.0050000" startTime="2025-08-22T08:18:24.5407630-04:00" endTime="2025-08-22T08:18:24.5461550-04:00" testType="13cdc9d9-ddb5-4fa4-a97d-d965ccfc6d4b" outcome="Passed" testListId="8c84fa94-04c1-424b-9868-57a2d4851a1d" relativeResultsDirectory="64777768-93f8-42b5-97b0-d3881d15f5e2" />
    <UnitTestResult executionId="ff32b65e-5acf-4faf-b78b-c433235d8da5" testId="51ca660f-46f5-4f0b-f9eb-b6d216c6a4a2" testName="Parser Tests.Expression Parser Tests.Multiplicative Operators.left associative" computerName="dadsmbp" startTime="2025-08-22T08:18:24.4207000-04:00" endTime="2025-08-22T08:18:24.4215610-04:00" testType="13cdc9d9-ddb5-4fa4-a97d-d965ccfc6d4b" outcome="Passed" testListId="8c84fa94-04c1-424b-9868-57a2d4851a1d" relativeResultsDirectory="ff32b65e-5acf-4faf-b78b-c433235d8da5" />
    <UnitTestResult executionId="4a4e4144-2c66-41e0-aeb3-94d3a3eb1005" testId="f3bed39f-48ad-33ee-e5db-7f7f6353e59e" testName="Function call parsing.Call with table constructor (no parens)" computerName="dadsmbp" duration="00:00:00.0010000" startTime="2025-08-22T08:18:24.5523990-04:00" endTime="2025-08-22T08:18:24.5535390-04:00" testType="13cdc9d9-ddb5-4fa4-a97d-d965ccfc6d4b" outcome="Passed" testListId="8c84fa94-04c1-424b-9868-57a2d4851a1d" relativeResultsDirectory="4a4e4144-2c66-41e0-aeb3-94d3a3eb1005" />
    <UnitTestResult executionId="a0dfd823-fc2f-49be-ac9e-e84d673d171f" testId="d42cbb2a-9c1a-4f4b-4584-5987904f9667" testName="Parser Tests.Expression Parser Tests.Table Constructors.Complex Examples.table with method calls" computerName="dadsmbp" startTime="2025-08-22T08:18:24.4753240-04:00" endTime="2025-08-22T08:18:24.4755370-04:00" testType="13cdc9d9-ddb5-4fa4-a97d-d965ccfc6d4b" outcome="Passed" testListId="8c84fa94-04c1-424b-9868-57a2d4851a1d" relativeResultsDirectory="a0dfd823-fc2f-49be-ac9e-e84d673d171f" />
    <UnitTestResult executionId="81d241b2-d332-41ff-bd84-a0eeb6aa9bb7" testId="b51db8bf-d36e-0aa7-8a8f-f4a9946301ba" testName="Parser Tests.Expression Parser Tests.Additive Operators.subtract" computerName="dadsmbp" startTime="2025-08-22T08:18:24.4207230-04:00" endTime="2025-08-22T08:18:24.4214940-04:00" testType="13cdc9d9-ddb5-4fa4-a97d-d965ccfc6d4b" outcome="Passed" testListId="8c84fa94-04c1-424b-9868-57a2d4851a1d" relativeResultsDirectory="81d241b2-d332-41ff-bd84-a0eeb6aa9bb7" />
    <UnitTestResult executionId="ec1d6863-610d-4eb4-aded-578d8a5dbae7" testId="e9dbbd1d-bdb4-59d4-eeba-825afa778cbf" testName="Parser Tests.Statement Parser Tests.Basic Statements.multiple local with function call" computerName="dadsmbp" startTime="2025-08-22T08:18:24.4858950-04:00" endTime="2025-08-22T08:18:24.4861120-04:00" testType="13cdc9d9-ddb5-4fa4-a97d-d965ccfc6d4b" outcome="Passed" testListId="8c84fa94-04c1-424b-9868-57a2d4851a1d" relativeResultsDirectory="ec1d6863-610d-4eb4-aded-578d8a5dbae7" />
    <UnitTestResult executionId="c174ccf4-b866-4c28-9dfd-28f9326d7d52" testId="cbf11f0c-9efd-21c8-0344-f5e3de7c50b7" testName="Parser Tests.Expression Parser Tests.Literals.escape backslash" computerName="dadsmbp" startTime="2025-08-22T08:18:24.3874690-04:00" endTime="2025-08-22T08:18:24.3875400-04:00" testType="13cdc9d9-ddb5-4fa4-a97d-d965ccfc6d4b" outcome="Passed" testListId="8c84fa94-04c1-424b-9868-57a2d4851a1d" relativeResultsDirectory="c174ccf4-b866-4c28-9dfd-28f9326d7d52" />
    <UnitTestResult executionId="c634796a-b916-4543-af39-af230ce1f4a5" testId="25722854-c2f4-5f12-2a6e-611e5536b3f9" testName="Parser Tests.Statement Parser Tests.Control Flow Statements.repeat until loop" computerName="dadsmbp" startTime="2025-08-22T08:18:24.4969570-04:00" endTime="2025-08-22T08:18:24.4975480-04:00" testType="13cdc9d9-ddb5-4fa4-a97d-d965ccfc6d4b" outcome="Passed" testListId="8c84fa94-04c1-424b-9868-57a2d4851a1d" relativeResultsDirectory="c634796a-b916-4543-af39-af230ce1f4a5" />
    <UnitTestResult executionId="a98bc821-c7ad-4d45-9eb3-4fa3ef404ae5" testId="908ca77d-10e0-7e63-e6d9-3ca0b72d983b" testName="Parser Tests.Expression Parser Tests.Bitwise Operators.bitwise and" computerName="dadsmbp" startTime="2025-08-22T08:18:24.4312220-04:00" endTime="2025-08-22T08:18:24.4314230-04:00" testType="13cdc9d9-ddb5-4fa4-a97d-d965ccfc6d4b" outcome="Passed" testListId="8c84fa94-04c1-424b-9868-57a2d4851a1d" relativeResultsDirectory="a98bc821-c7ad-4d45-9eb3-4fa3ef404ae5" />
    <UnitTestResult executionId="89d86981-4bdd-4440-8111-b39d2fa0d3ce" testId="ab278c63-bff2-f9db-860f-8f2ccbfd3000" testName="Parser Tests.Expression Parser Tests.Table Constructors.Complex Examples.table with table access" computerName="dadsmbp" startTime="2025-08-22T08:18:24.4752670-04:00" endTime="2025-08-22T08:18:24.4754370-04:00" testType="13cdc9d9-ddb5-4fa4-a97d-d965ccfc6d4b" outcome="Passed" testListId="8c84fa94-04c1-424b-9868-57a2d4851a1d" relativeResultsDirectory="89d86981-4bdd-4440-8111-b39d2fa0d3ce" />
    <UnitTestResult executionId="5b80a70c-b421-4b27-b407-1fc6a7a40989" testId="df9d586a-70f3-fbab-79ce-75289b292830" testName="Parser Tests.Expression Parser Tests.Literals.zero integer" computerName="dadsmbp" duration="00:00:00.0150000" startTime="2025-08-22T08:18:24.3471920-04:00" endTime="2025-08-22T08:18:24.3674350-04:00" testType="13cdc9d9-ddb5-4fa4-a97d-d965ccfc6d4b" outcome="Passed" testListId="8c84fa94-04c1-424b-9868-57a2d4851a1d" relativeResultsDirectory="5b80a70c-b421-4b27-b407-1fc6a7a40989" />
    <UnitTestResult executionId="b638eafe-e243-4633-b1f1-dd4039c1f4fa" testId="5bb5f4cc-8a1b-1d50-5b9e-c5ad18e143dd" testName="Parser Tests.Statement Parser Tests.Control Flow Statements.For Loops.generic for single var" computerName="dadsmbp" startTime="2025-08-22T08:18:24.4971470-04:00" endTime="2025-08-22T08:18:24.4974050-04:00" testType="13cdc9d9-ddb5-4fa4-a97d-d965ccfc6d4b" outcome="Passed" testListId="8c84fa94-04c1-424b-9868-57a2d4851a1d" relativeResultsDirectory="b638eafe-e243-4633-b1f1-dd4039c1f4fa" />
    <UnitTestResult executionId="9ccd8e05-a4c1-491d-b7b7-73da48cb7f09" testId="54696586-86f2-8469-5df1-683c5f3e3dfd" testName="Parser Tests.Expression Parser Tests.Method Calls.method call with long string no space" computerName="dadsmbp" duration="00:00:00.0020000" startTime="2025-08-22T08:18:24.4531000-04:00" endTime="2025-08-22T08:18:24.4559850-04:00" testType="13cdc9d9-ddb5-4fa4-a97d-d965ccfc6d4b" outcome="Passed" testListId="8c84fa94-04c1-424b-9868-57a2d4851a1d" relativeResultsDirectory="9ccd8e05-a4c1-491d-b7b7-73da48cb7f09" />
    <UnitTestResult executionId="75ca2664-47a0-49cc-89b3-d15d5f84f289" testId="6ae09f4d-7fb0-f7a6-a0bc-f2e9d59235e4" testName="Parser Tests.Expression Parser Tests.Shift Operators.left associative" computerName="dadsmbp" startTime="2025-08-22T08:18:24.4312130-04:00" endTime="2025-08-22T08:18:24.4314220-04:00" testType="13cdc9d9-ddb5-4fa4-a97d-d965ccfc6d4b" outcome="Passed" testListId="8c84fa94-04c1-424b-9868-57a2d4851a1d" relativeResultsDirectory="75ca2664-47a0-49cc-89b3-d15d5f84f289" />
    <UnitTestResult executionId="0915540b-4176-424a-baa7-c9b13c7c9730" testId="fc7a0a39-6e21-813b-9448-b0a212a69660" testName="Parser Tests.Expression Parser Tests.Function Calls.function call in expression" computerName="dadsmbp" startTime="2025-08-22T08:18:24.4419470-04:00" endTime="2025-08-22T08:18:24.4430400-04:00" testType="13cdc9d9-ddb5-4fa4-a97d-d965ccfc6d4b" outcome="Passed" testListId="8c84fa94-04c1-424b-9868-57a2d4851a1d" relativeResultsDirectory="0915540b-4176-424a-baa7-c9b13c7c9730" />
    <UnitTestResult executionId="32cc17b0-b482-4bab-952e-5ac4194b7f77" testId="2224406e-7d17-912a-65f5-f2ed533b7d62" testName="Long string parsing.Initial newline removal" computerName="dadsmbp" duration="00:00:00.0050000" startTime="2025-08-22T08:18:24.5405390-04:00" endTime="2025-08-22T08:18:24.5461950-04:00" testType="13cdc9d9-ddb5-4fa4-a97d-d965ccfc6d4b" outcome="Passed" testListId="8c84fa94-04c1-424b-9868-57a2d4851a1d" relativeResultsDirectory="32cc17b0-b482-4bab-952e-5ac4194b7f77" />
    <UnitTestResult executionId="887c9eba-2c35-4b5d-a803-5544fd27c7c4" testId="22e4173d-cb7e-9ab3-0463-97b7ca2b1bae" testName="Parser Tests.Expression Parser Tests.Shift Operators.left shift" computerName="dadsmbp" startTime="2025-08-22T08:18:24.4208050-04:00" endTime="2025-08-22T08:18:24.4214550-04:00" testType="13cdc9d9-ddb5-4fa4-a97d-d965ccfc6d4b" outcome="Passed" testListId="8c84fa94-04c1-424b-9868-57a2d4851a1d" relativeResultsDirectory="887c9eba-2c35-4b5d-a803-5544fd27c7c4" />
    <UnitTestResult executionId="6511b132-be8e-448b-b146-9c0d94a7dcc4" testId="d196b395-f31e-f4e9-9268-5512404cf3f1" testName="Parser Tests.Statement Parser Tests.Parser Fixes.Table Access in Binary Expressions (Fixed).whitespace variations" computerName="dadsmbp" startTime="2025-08-22T08:18:24.5303150-04:00" endTime="2025-08-22T08:18:24.5308370-04:00" testType="13cdc9d9-ddb5-4fa4-a97d-d965ccfc6d4b" outcome="Passed" testListId="8c84fa94-04c1-424b-9868-57a2d4851a1d" relativeResultsDirectory="6511b132-be8e-448b-b146-9c0d94a7dcc4" />
    <UnitTestResult executionId="1e502146-566c-470f-b56e-84b8560c01d5" testId="bdad5a6a-6be3-3f5f-d1ce-c9d3ae870232" testName="Parser Tests.Expression Parser Tests.Literals.null in middle" computerName="dadsmbp" startTime="2025-08-22T08:18:24.4004350-04:00" endTime="2025-08-22T08:18:24.4006010-04:00" testType="13cdc9d9-ddb5-4fa4-a97d-d965ccfc6d4b" outcome="Passed" testListId="8c84fa94-04c1-424b-9868-57a2d4851a1d" relativeResultsDirectory="1e502146-566c-470f-b56e-84b8560c01d5" />
    <UnitTestResult executionId="0a215e62-754d-494f-8a53-e47798228ecc" testId="8ac86056-e85a-652a-d482-fa4bdb7792cb" testName="Parser Tests.Expression Parser Tests.Parentheses.simple parentheses" computerName="dadsmbp" startTime="2025-08-22T08:18:24.4098650-04:00" endTime="2025-08-22T08:18:24.4101900-04:00" testType="13cdc9d9-ddb5-4fa4-a97d-d965ccfc6d4b" outcome="Passed" testListId="8c84fa94-04c1-424b-9868-57a2d4851a1d" relativeResultsDirectory="0a215e62-754d-494f-8a53-e47798228ecc" />
    <UnitTestResult executionId="2196bab5-a2dc-4855-81b4-7abcbab23fa5" testId="afe2b68b-714d-f139-8dd0-06272512af6b" testName="Parser Tests.Statement Parser Tests.Parser Fixes.Assignment vs Function Call Disambiguation.simple function call" computerName="dadsmbp" startTime="2025-08-22T08:18:24.5193610-04:00" endTime="2025-08-22T08:18:24.5194210-04:00" testType="13cdc9d9-ddb5-4fa4-a97d-d965ccfc6d4b" outcome="Passed" testListId="8c84fa94-04c1-424b-9868-57a2d4851a1d" relativeResultsDirectory="2196bab5-a2dc-4855-81b4-7abcbab23fa5" />
    <UnitTestResult executionId="a853d9bd-1a06-4dc4-90c9-089187cddd7b" testId="92c6010b-42e6-d615-8711-7979fc341358" testName="Variable attributes (Lua 5.4).Close attribute" computerName="dadsmbp" startTime="2025-08-22T08:18:24.5526930-04:00" endTime="2025-08-22T08:18:24.5535650-04:00" testType="13cdc9d9-ddb5-4fa4-a97d-d965ccfc6d4b" outcome="Passed" testListId="8c84fa94-04c1-424b-9868-57a2d4851a1d" relativeResultsDirectory="a853d9bd-1a06-4dc4-90c9-089187cddd7b" />
    <UnitTestResult executionId="750b27ad-e565-43ae-9e77-94f012c0fa0d" testId="e914e3fe-73be-d3f9-019e-573e777a6b58" testName="Parser Tests.Statement Parser Tests.Basic Statements.local declaration" computerName="dadsmbp" startTime="2025-08-22T08:18:24.4858540-04:00" endTime="2025-08-22T08:18:24.4861000-04:00" testType="13cdc9d9-ddb5-4fa4-a97d-d965ccfc6d4b" outcome="Passed" testListId="8c84fa94-04c1-424b-9868-57a2d4851a1d" relativeResultsDirectory="750b27ad-e565-43ae-9e77-94f012c0fa0d" />
    <UnitTestResult executionId="6774b0d2-4946-4ef5-a1cd-a3c08e5dba4b" testId="e084a9b3-905c-32f0-81f5-67ee354b61c3" testName="Parser Tests.Statement Parser Tests.Parser Fixes.Table Access in Binary Expressions (Fixed).complex table expression" computerName="dadsmbp" startTime="2025-08-22T08:18:24.5302700-04:00" endTime="2025-08-22T08:18:24.5308360-04:00" testType="13cdc9d9-ddb5-4fa4-a97d-d965ccfc6d4b" outcome="Passed" testListId="8c84fa94-04c1-424b-9868-57a2d4851a1d" relativeResultsDirectory="6774b0d2-4946-4ef5-a1cd-a3c08e5dba4b" />
    <UnitTestResult executionId="f9cf59cc-9ec5-4a40-a78c-ec948df6b838" testId="1709b4f3-8a8f-5c39-8a35-941bd3a74a13" testName="Parser Tests.Expression Parser Tests.Method Calls.method with expression args" computerName="dadsmbp" startTime="2025-08-22T08:18:24.4530740-04:00" endTime="2025-08-22T08:18:24.4537350-04:00" testType="13cdc9d9-ddb5-4fa4-a97d-d965ccfc6d4b" outcome="Passed" testListId="8c84fa94-04c1-424b-9868-57a2d4851a1d" relativeResultsDirectory="f9cf59cc-9ec5-4a40-a78c-ec948df6b838" />
    <UnitTestResult executionId="fccda108-cc68-4b1b-9a5e-782253c7ee06" testId="61bcbfaa-09a8-e49b-1e09-85c4de69467d" testName="Parser Tests.Expression Parser Tests.Literals.string" computerName="dadsmbp" duration="00:00:00.0250000" startTime="2025-08-22T08:18:24.3374710-04:00" endTime="2025-08-22T08:18:24.3643070-04:00" testType="13cdc9d9-ddb5-4fa4-a97d-d965ccfc6d4b" outcome="Passed" testListId="8c84fa94-04c1-424b-9868-57a2d4851a1d" relativeResultsDirectory="fccda108-cc68-4b1b-9a5e-782253c7ee06" />
    <UnitTestResult executionId="d1571d43-9017-44fd-943f-a380380dc8cd" testId="5f017da4-ef6a-5f78-e492-2001cbd1f689" testName="Parser Tests.Expression Parser Tests.Literals.hex escape with following char" computerName="dadsmbp" startTime="2025-08-22T08:18:24.3990420-04:00" endTime="2025-08-22T08:18:24.4005570-04:00" testType="13cdc9d9-ddb5-4fa4-a97d-d965ccfc6d4b" outcome="Passed" testListId="8c84fa94-04c1-424b-9868-57a2d4851a1d" relativeResultsDirectory="d1571d43-9017-44fd-943f-a380380dc8cd" />
    <UnitTestResult executionId="0b8454da-345b-4c02-9e85-20228d9c34fc" testId="6d9ca8dd-f154-227d-84e3-afa1a8dfa77e" testName="Parser Tests.Expression Parser Tests.Table Constructors.Mixed Fields.nested tables" computerName="dadsmbp" startTime="2025-08-22T08:18:24.4752190-04:00" endTime="2025-08-22T08:18:24.4753310-04:00" testType="13cdc9d9-ddb5-4fa4-a97d-d965ccfc6d4b" outcome="Passed" testListId="8c84fa94-04c1-424b-9868-57a2d4851a1d" relativeResultsDirectory="0b8454da-345b-4c02-9e85-20228d9c34fc" />
    <UnitTestResult executionId="19f1c094-33eb-4faa-9ad4-61bf11522990" testId="41759be0-8d28-fc24-8f8d-4b3695413d75" testName="Identifier parsing.Reserved words" computerName="dadsmbp" duration="00:00:00.0040000" startTime="2025-08-22T08:18:24.5406670-04:00" endTime="2025-08-22T08:18:24.5457360-04:00" testType="13cdc9d9-ddb5-4fa4-a97d-d965ccfc6d4b" outcome="Passed" testListId="8c84fa94-04c1-424b-9868-57a2d4851a1d" relativeResultsDirectory="19f1c094-33eb-4faa-9ad4-61bf11522990" />
    <UnitTestResult executionId="5a0fec00-23ad-4332-85a2-a45f33bedde2" testId="ed26fc88-791f-1658-dbfa-7a48264cd0f8" testName="Parser Tests.Statement Parser Tests.Control Flow Statements.For Loops.numeric for with body" computerName="dadsmbp" startTime="2025-08-22T08:18:24.4970830-04:00" endTime="2025-08-22T08:18:24.4973990-04:00" testType="13cdc9d9-ddb5-4fa4-a97d-d965ccfc6d4b" outcome="Passed" testListId="8c84fa94-04c1-424b-9868-57a2d4851a1d" relativeResultsDirectory="5a0fec00-23ad-4332-85a2-a45f33bedde2" />
    <UnitTestResult executionId="1959d450-efe4-44e5-8e5c-27750578ac9c" testId="a65bf685-fa17-2ecf-1f83-09acfe0e037c" testName="Parser Tests.Statement Parser Tests.Control Flow Statements.For Loops.generic for with body" computerName="dadsmbp" startTime="2025-08-22T08:18:24.4972250-04:00" endTime="2025-08-22T08:18:24.4977120-04:00" testType="13cdc9d9-ddb5-4fa4-a97d-d965ccfc6d4b" outcome="Passed" testListId="8c84fa94-04c1-424b-9868-57a2d4851a1d" relativeResultsDirectory="1959d450-efe4-44e5-8e5c-27750578ac9c" />
    <UnitTestResult executionId="f2b34101-ac64-41f9-8ab1-f3d9c3d12c10" testId="3c30a966-5d71-f183-32cf-39fc6c1d9ded" testName="Parser Tests.Expression Parser Tests.Whitespace Handling.newlines" computerName="dadsmbp" startTime="2025-08-22T08:18:24.4418750-04:00" endTime="2025-08-22T08:18:24.4419910-04:00" testType="13cdc9d9-ddb5-4fa4-a97d-d965ccfc6d4b" outcome="Passed" testListId="8c84fa94-04c1-424b-9868-57a2d4851a1d" relativeResultsDirectory="f2b34101-ac64-41f9-8ab1-f3d9c3d12c10" />
    <UnitTestResult executionId="89464573-9d16-4e99-a6b5-f6fb57128fab" testId="4cb6405b-7bb5-3db8-6617-a196a7bd9324" testName="Parser Tests.Expression Parser Tests.Literals.hex integer" computerName="dadsmbp" startTime="2025-08-22T08:18:24.3609330-04:00" endTime="2025-08-22T08:18:24.3777010-04:00" testType="13cdc9d9-ddb5-4fa4-a97d-d965ccfc6d4b" outcome="Passed" testListId="8c84fa94-04c1-424b-9868-57a2d4851a1d" relativeResultsDirectory="89464573-9d16-4e99-a6b5-f6fb57128fab" />
    <UnitTestResult executionId="129e35ea-16fe-4ad9-9cf7-c9989bc127d6" testId="1c229850-235f-5d22-0ad9-1b5eab113d0f" testName="Parser Tests.Expression Parser Tests.Literals.decimal escape three digits" computerName="dadsmbp" startTime="2025-08-22T08:18:24.3879880-04:00" endTime="2025-08-22T08:18:24.3886350-04:00" testType="13cdc9d9-ddb5-4fa4-a97d-d965ccfc6d4b" outcome="Passed" testListId="8c84fa94-04c1-424b-9868-57a2d4851a1d" relativeResultsDirectory="129e35ea-16fe-4ad9-9cf7-c9989bc127d6" />
    <UnitTestResult executionId="ef6aed93-9448-4d5b-818e-31eb39413494" testId="572906bd-cd69-d3d4-c0be-6d2b51eb223e" testName="Parser Tests.Expression Parser Tests.Method Calls.method call with long string with equals" computerName="dadsmbp" startTime="2025-08-22T08:18:24.4640400-04:00" endTime="2025-08-22T08:18:24.4642600-04:00" testType="13cdc9d9-ddb5-4fa4-a97d-d965ccfc6d4b" outcome="Passed" testListId="8c84fa94-04c1-424b-9868-57a2d4851a1d" relativeResultsDirectory="ef6aed93-9448-4d5b-818e-31eb39413494" />
    <UnitTestResult executionId="0d07e11d-7371-40da-8c35-4a0ed3aefdbf" testId="825fd467-52f0-ebc3-102d-d554859cb5d0" testName="Parser Tests.Expression Parser Tests.Literals.literals.lua case 3" computerName="dadsmbp" startTime="2025-08-22T08:18:24.4097710-04:00" endTime="2025-08-22T08:18:24.4101530-04:00" testType="13cdc9d9-ddb5-4fa4-a97d-d965ccfc6d4b" outcome="Passed" testListId="8c84fa94-04c1-424b-9868-57a2d4851a1d" relativeResultsDirectory="0d07e11d-7371-40da-8c35-4a0ed3aefdbf" />
    <UnitTestResult executionId="b275095c-0126-4564-aade-c70149b2aee5" testId="551f761e-e349-7a4d-824e-ba9635e4feb9" testName="Parser Tests.Statement Parser Tests.Variable Attributes.Local Variable Attributes.local close variable" computerName="dadsmbp" startTime="2025-08-22T08:18:24.5081070-04:00" endTime="2025-08-22T08:18:24.5083320-04:00" testType="13cdc9d9-ddb5-4fa4-a97d-d965ccfc6d4b" outcome="Passed" testListId="8c84fa94-04c1-424b-9868-57a2d4851a1d" relativeResultsDirectory="b275095c-0126-4564-aade-c70149b2aee5" />
    <UnitTestResult executionId="6bff55e8-43dc-44f6-992b-f0be4df9f8c8" testId="f7c7c155-dacf-8b29-9ffb-7a4a19c5a5dd" testName="Parser Tests.Expression Parser Tests.Method Calls.simple method call" computerName="dadsmbp" startTime="2025-08-22T08:18:24.4529750-04:00" endTime="2025-08-22T08:18:24.4536910-04:00" testType="13cdc9d9-ddb5-4fa4-a97d-d965ccfc6d4b" outcome="Passed" testListId="8c84fa94-04c1-424b-9868-57a2d4851a1d" relativeResultsDirectory="6bff55e8-43dc-44f6-992b-f0be4df9f8c8" />
    <UnitTestResult executionId="a6fc84b4-740b-43d0-bcba-2411e0616613" testId="bccd6e78-8c25-27a8-f677-63c64669d165" testName="Parser Tests.Expression Parser Tests.Function Calls.nested function calls" computerName="dadsmbp" startTime="2025-08-22T08:18:24.4419320-04:00" endTime="2025-08-22T08:18:24.4430570-04:00" testType="13cdc9d9-ddb5-4fa4-a97d-d965ccfc6d4b" outcome="Passed" testListId="8c84fa94-04c1-424b-9868-57a2d4851a1d" relativeResultsDirectory="a6fc84b4-740b-43d0-bcba-2411e0616613" />
    <UnitTestResult executionId="fb2ae0c4-62f7-47a3-9fa2-7c8b74a2c904" testId="fb2f3300-9207-53e8-1b8c-3c0b3c97dd35" testName="Parser Tests.Statement Parser Tests.Basic Statements.return with method call" computerName="dadsmbp" startTime="2025-08-22T08:18:24.4859990-04:00" endTime="2025-08-22T08:18:24.4862230-04:00" testType="13cdc9d9-ddb5-4fa4-a97d-d965ccfc6d4b" outcome="Passed" testListId="8c84fa94-04c1-424b-9868-57a2d4851a1d" relativeResultsDirectory="fb2ae0c4-62f7-47a3-9fa2-7c8b74a2c904" />
    <UnitTestResult executionId="a4a61dfb-346d-4596-9d24-0400b6e39f86" testId="de963660-c9b7-1271-b4b4-cb536cfbd754" testName="Parser Tests.Statement Parser Tests.Parser Fixes.Table Assignment at Statement Level (Fixed).table index assignment" computerName="dadsmbp" startTime="2025-08-22T08:18:24.5191520-04:00" endTime="2025-08-22T08:18:24.5194460-04:00" testType="13cdc9d9-ddb5-4fa4-a97d-d965ccfc6d4b" outcome="Passed" testListId="8c84fa94-04c1-424b-9868-57a2d4851a1d" relativeResultsDirectory="a4a61dfb-346d-4596-9d24-0400b6e39f86" />
    <UnitTestResult executionId="b2df2419-25fe-402c-971d-69a6676f8dee" testId="763c96db-6624-3c72-6180-fc6aded732d6" testName="Identifier parsing.Underscore as identifier" computerName="dadsmbp" duration="00:00:00.0050000" startTime="2025-08-22T08:18:24.5406140-04:00" endTime="2025-08-22T08:18:24.5461830-04:00" testType="13cdc9d9-ddb5-4fa4-a97d-d965ccfc6d4b" outcome="Passed" testListId="8c84fa94-04c1-424b-9868-57a2d4851a1d" relativeResultsDirectory="b2df2419-25fe-402c-971d-69a6676f8dee" />
    <UnitTestResult executionId="6c9c78a7-ffd7-41b3-a90a-1e9d5939577b" testId="e6fd593e-8926-6b22-f12a-96430c0fbf2e" testName="Parser Tests.Expression Parser Tests.Literals.unicode escape zero" computerName="dadsmbp" startTime="2025-08-22T08:18:24.3999560-04:00" endTime="2025-08-22T08:18:24.4005630-04:00" testType="13cdc9d9-ddb5-4fa4-a97d-d965ccfc6d4b" outcome="Passed" testListId="8c84fa94-04c1-424b-9868-57a2d4851a1d" relativeResultsDirectory="6c9c78a7-ffd7-41b3-a90a-1e9d5939577b" />
    <UnitTestResult executionId="a5489d84-04f8-4c48-ac6b-b56756be5a86" testId="01230dda-dd09-14e4-5ba7-6cc5a66146fe" testName="Parser Tests.Expression Parser Tests.Function Expressions.function with parameters" computerName="dadsmbp" duration="00:00:00.0010000" startTime="2025-08-22T08:18:24.4754160-04:00" endTime="2025-08-22T08:18:24.4772220-04:00" testType="13cdc9d9-ddb5-4fa4-a97d-d965ccfc6d4b" outcome="Passed" testListId="8c84fa94-04c1-424b-9868-57a2d4851a1d" relativeResultsDirectory="a5489d84-04f8-4c48-ac6b-b56756be5a86" />
    <UnitTestResult executionId="ba8b5438-ff2f-4b98-a6fd-4b3dcbe657d5" testId="0b233c23-ae12-4c20-ed95-2f98eacd55ad" testName="Parser Tests.Expression Parser Tests.Literals.escape single quote" computerName="dadsmbp" startTime="2025-08-22T08:18:24.3875730-04:00" endTime="2025-08-22T08:18:24.3881730-04:00" testType="13cdc9d9-ddb5-4fa4-a97d-d965ccfc6d4b" outcome="Passed" testListId="8c84fa94-04c1-424b-9868-57a2d4851a1d" relativeResultsDirectory="ba8b5438-ff2f-4b98-a6fd-4b3dcbe657d5" />
    <UnitTestResult executionId="d71ebbce-a1ec-448c-8646-64144a3f3edc" testId="93743fcd-e2c6-fcf8-1983-d6902911611b" testName="Parser Tests.Statement Parser Tests.Control Flow Statements.Labels and Goto.goto statement" computerName="dadsmbp" startTime="2025-08-22T08:18:24.4973290-04:00" endTime="2025-08-22T08:18:24.4974710-04:00" testType="13cdc9d9-ddb5-4fa4-a97d-d965ccfc6d4b" outcome="Passed" testListId="8c84fa94-04c1-424b-9868-57a2d4851a1d" relativeResultsDirectory="d71ebbce-a1ec-448c-8646-64144a3f3edc" />
    <UnitTestResult executionId="73d1bd90-fb1f-4e32-a971-558fb3911052" testId="b21fa29a-c221-a436-8f17-6ab1b870468e" testName="Parser Tests.Statement Parser Tests.Parser Fixes.Complex Assignment Patterns.table assignment in sequence" computerName="dadsmbp" startTime="2025-08-22T08:18:24.5302360-04:00" endTime="2025-08-22T08:18:24.5306420-04:00" testType="13cdc9d9-ddb5-4fa4-a97d-d965ccfc6d4b" outcome="Passed" testListId="8c84fa94-04c1-424b-9868-57a2d4851a1d" relativeResultsDirectory="73d1bd90-fb1f-4e32-a971-558fb3911052" />
[...]
    <TestEntry testId="fb2f3300-9207-53e8-1b8c-3c0b3c97dd35" executionId="fb2ae0c4-62f7-47a3-9fa2-7c8b74a2c904" testListId="8c84fa94-04c1-424b-9868-57a2d4851a1d" />
    <TestEntry testId="de963660-c9b7-1271-b4b4-cb536cfbd754" executionId="a4a61dfb-346d-4596-9d24-0400b6e39f86" testListId="8c84fa94-04c1-424b-9868-57a2d4851a1d" />
    <TestEntry testId="763c96db-6624-3c72-6180-fc6aded732d6" executionId="b2df2419-25fe-402c-971d-69a6676f8dee" testListId="8c84fa94-04c1-424b-9868-57a2d4851a1d" />
    <TestEntry testId="e6fd593e-8926-6b22-f12a-96430c0fbf2e" executionId="6c9c78a7-ffd7-41b3-a90a-1e9d5939577b" testListId="8c84fa94-04c1-424b-9868-57a2d4851a1d" />
    <TestEntry testId="01230dda-dd09-14e4-5ba7-6cc5a66146fe" executionId="a5489d84-04f8-4c48-ac6b-b56756be5a86" testListId="8c84fa94-04c1-424b-9868-57a2d4851a1d" />
    <TestEntry testId="0b233c23-ae12-4c20-ed95-2f98eacd55ad" executionId="ba8b5438-ff2f-4b98-a6fd-4b3dcbe657d5" testListId="8c84fa94-04c1-424b-9868-57a2d4851a1d" />
    <TestEntry testId="93743fcd-e2c6-fcf8-1983-d6902911611b" executionId="d71ebbce-a1ec-448c-8646-64144a3f3edc" testListId="8c84fa94-04c1-424b-9868-57a2d4851a1d" />
    <TestEntry testId="b21fa29a-c221-a436-8f17-6ab1b870468e" executionId="73d1bd90-fb1f-4e32-a971-558fb3911052" testListId="8c84fa94-04c1-424b-9868-57a2d4851a1d" />
    <TestEntry testId="7e85cdf8-1845-3a87-ed06-04c18958f263" executionId="9fca47a8-a97c-40b4-b3f2-83d35dc51498" testListId="8c84fa94-04c1-424b-9868-57a2d4851a1d" />
    <TestEntry testId="61aaf27a-5745-0675-9d0e-4fbe43a5a884" executionId="bcedcd85-bb21-4bd2-9e15-25bad5d6c66e" testListId="8c84fa94-04c1-424b-9868-57a2d4851a1d" />
    <TestEntry testId="c72117c3-ab57-465e-9a92-830e8834255d" executionId="3f9225f1-c69e-412a-b7be-ec15c70eb4a1" testListId="8c84fa94-04c1-424b-9868-57a2d4851a1d" />
    <TestEntry testId="f198c2f2-d97d-2ebd-6b38-42f64079cc49" executionId="61ae699a-b116-4dc0-83ff-9fbb909e4ef8" testListId="8c84fa94-04c1-424b-9868-57a2d4851a1d" />
    <TestEntry testId="79a32c9d-4915-abcb-12b1-98842e995302" executionId="00e4b7da-b38c-4a06-a3e6-67960cb52120" testListId="8c84fa94-04c1-424b-9868-57a2d4851a1d" />
    <TestEntry testId="5033ea7f-6424-ac9d-62c6-f7211e73cb60" executionId="49b40b62-9869-4ac7-a708-9575fb7524f8" testListId="8c84fa94-04c1-424b-9868-57a2d4851a1d" />
    <TestEntry testId="5f395eb8-218b-3fe3-c75a-6bcd29c3c784" executionId="0c2bbdca-187b-4ba5-b3df-4242fe2f1619" testListId="8c84fa94-04c1-424b-9868-57a2d4851a1d" />
    <TestEntry testId="b7cfb307-96eb-9fb6-4f2c-0693389085a8" executionId="5ceb443f-3a63-47c2-9d94-817f5b43b46c" testListId="8c84fa94-04c1-424b-9868-57a2d4851a1d" />
    <TestEntry testId="abcd273c-5fb8-2e18-1f45-cd1c0a4ca70a" executionId="fef1c6d4-600e-47d8-99d5-1b585fdca8cd" testListId="8c84fa94-04c1-424b-9868-57a2d4851a1d" />
    <TestEntry testId="de71ee28-6047-7932-7ce3-b7522d43123b" executionId="6cbd510f-7c76-4c78-8d75-00dc11a166ee" testListId="8c84fa94-04c1-424b-9868-57a2d4851a1d" />
    <TestEntry testId="e5732d60-3c29-5f54-625b-18b06e1698c9" executionId="d568ce23-1784-4e6e-9432-7e0c891a73bd" testListId="8c84fa94-04c1-424b-9868-57a2d4851a1d" />
    <TestEntry testId="e99f9d4b-5305-939e-bdec-d1eb40673157" executionId="d9cabf30-aa79-482c-8b4f-27e682f30555" testListId="8c84fa94-04c1-424b-9868-57a2d4851a1d" />
    <TestEntry testId="b746141d-802a-6057-c7e9-1c6bb64fc356" executionId="64ea4c6d-1e1e-4ba8-af51-3393086a428a" testListId="8c84fa94-04c1-424b-9868-57a2d4851a1d" />
    <TestEntry testId="9c220c5d-d3c2-7f8d-3655-60791670893c" executionId="e16c869a-4db7-4a1e-aeb4-bfc113ba1faa" testListId="8c84fa94-04c1-424b-9868-57a2d4851a1d" />
    <TestEntry testId="b2106cab-7252-8e78-56a6-4549da11719c" executionId="01188f65-1d88-4ef8-99ea-7f82a1937dc0" testListId="8c84fa94-04c1-424b-9868-57a2d4851a1d" />
    <TestEntry testId="abb00982-0096-661e-4e2d-bf082834ac59" executionId="b36ba25f-2b94-493a-a408-f1ba220fbddb" testListId="8c84fa94-04c1-424b-9868-57a2d4851a1d" />
    <TestEntry testId="7bc1d170-f1b7-3e2b-5aa9-100d068bc770" executionId="4610f09a-8bec-4cbe-966a-dfaa14665733" testListId="8c84fa94-04c1-424b-9868-57a2d4851a1d" />
    <TestEntry testId="798740c7-4bcf-2860-2b4d-5db188ed8088" executionId="0d2c6ae0-d10f-424f-b9b2-491bcb7359f6" testListId="8c84fa94-04c1-424b-9868-57a2d4851a1d" />
    <TestEntry testId="28ddcac7-99bc-77c0-4dc8-ebd403fecbf6" executionId="1932c23e-a3ca-48f3-89a2-92b051587682" testListId="8c84fa94-04c1-424b-9868-57a2d4851a1d" />
    <TestEntry testId="237acf57-c5fc-ca6c-3440-3d76add45b48" executionId="d625df0e-4adb-4b78-a80d-ad0eb7cc288f" testListId="8c84fa94-04c1-424b-9868-57a2d4851a1d" />
    <TestEntry testId="77611967-c39f-23b1-340b-615b960040c1" executionId="1d7a3940-ff5a-4eb9-8386-8e6d634e600c" testListId="8c84fa94-04c1-424b-9868-57a2d4851a1d" />
    <TestEntry testId="8ca401d4-73e8-2216-59da-4cc641e70c7c" executionId="9015849d-76c4-4f82-a6b2-cc780db69ae5" testListId="8c84fa94-04c1-424b-9868-57a2d4851a1d" />
    <TestEntry testId="8a23c638-9a92-0466-2449-0a7778ea7ab5" executionId="6be0aefe-84d8-4b7c-a71f-e13ebd3f0e08" testListId="8c84fa94-04c1-424b-9868-57a2d4851a1d" />
    <TestEntry testId="37aa9393-f589-b635-2eec-42cc9cc48359" executionId="f31a7102-df13-4baa-9790-d110771c3b42" testListId="8c84fa94-04c1-424b-9868-57a2d4851a1d" />
    <TestEntry testId="3220c2ae-91b6-aff4-18b0-88557d16da4b" executionId="7dd27d1f-b1f3-43bf-a2c1-2216cf53651e" testListId="8c84fa94-04c1-424b-9868-57a2d4851a1d" />
    <TestEntry testId="a2ad77d5-a223-490a-1277-8c00d5248cb1" executionId="a21c2b12-f9a0-4af9-84b0-6c156ae68387" testListId="8c84fa94-04c1-424b-9868-57a2d4851a1d" />
    <TestEntry testId="f56c348e-07a4-4939-d517-9340c0ab873a" executionId="20fdaf02-09fb-4af6-863f-d50ec7957dd8" testListId="8c84fa94-04c1-424b-9868-57a2d4851a1d" />
    <TestEntry testId="6412ce07-78c8-4c98-b55c-92f2fe3f0b2c" executionId="05b44bc9-a087-4f48-8339-364b931173b6" testListId="8c84fa94-04c1-424b-9868-57a2d4851a1d" />
    <TestEntry testId="bdf003e6-5e31-3757-8de6-b259949e60c6" executionId="6091c9ca-484f-4045-8b52-03f1be385315" testListId="8c84fa94-04c1-424b-9868-57a2d4851a1d" />
    <TestEntry testId="0ee73c2d-1ffb-ddf9-4e07-1b1702a6be39" executionId="2494023d-e510-447b-b143-558d752917a6" testListId="8c84fa94-04c1-424b-9868-57a2d4851a1d" />
    <TestEntry testId="697f4dc9-7b2c-f900-0b6d-c768a091bc66" executionId="99ce86f2-41aa-454a-8a66-80b558c4772d" testListId="8c84fa94-04c1-424b-9868-57a2d4851a1d" />
    <TestEntry testId="c44b47ac-34e7-a034-b2d7-a56e3ecf6a11" executionId="57b20604-c644-4de2-ba82-1dc6e06b8f31" testListId="8c84fa94-04c1-424b-9868-57a2d4851a1d" />
    <TestEntry testId="5ac0815c-2cd0-83c8-4b20-9a9ca5bc58af" executionId="1a46f10c-f5a3-40c3-9e39-5024fecb535b" testListId="8c84fa94-04c1-424b-9868-57a2d4851a1d" />
    <TestEntry testId="ce42fe75-2d5f-24a5-7c82-31959a01f53f" executionId="16b47465-c838-4d32-9bc4-c1cb56124f33" testListId="8c84fa94-04c1-424b-9868-57a2d4851a1d" />
    <TestEntry testId="ab5c8b26-ceaf-e0b0-101d-d5f2cd6d0842" executionId="0e6f4270-7eba-46bd-8ab2-0602b9aa6893" testListId="8c84fa94-04c1-424b-9868-57a2d4851a1d" />
    <TestEntry testId="44d94748-57c3-dbaf-aee8-a341a854133e" executionId="1f276c0a-d6f7-40f1-ae86-f4fd19d0bae7" testListId="8c84fa94-04c1-424b-9868-57a2d4851a1d" />
    <TestEntry testId="384e7e46-2939-dfa4-d397-51eef363ea84" executionId="8fc60862-ddaa-419a-aea8-b06f9a8d153c" testListId="8c84fa94-04c1-424b-9868-57a2d4851a1d" />
    <TestEntry testId="b54fbc8b-aa09-8101-26eb-6b944ceeffe0" executionId="15de7548-56ae-480a-b995-773c14d04956" testListId="8c84fa94-04c1-424b-9868-57a2d4851a1d" />
    <TestEntry testId="3c513f3b-1271-3f9c-ccd2-60479767cb29" executionId="c0604246-e0d9-4b92-8922-2444bf7aee77" testListId="8c84fa94-04c1-424b-9868-57a2d4851a1d" />
    <TestEntry testId="df226330-7aa0-8c33-1b47-375d91200853" executionId="3d09b6cd-64b3-4abc-ab47-f2ab188fd852" testListId="8c84fa94-04c1-424b-9868-57a2d4851a1d" />
    <TestEntry testId="197d35fc-39a4-fea2-6905-93fada68d92e" executionId="5bf1c626-f5a3-4531-8325-fedb7c2e07e6" testListId="8c84fa94-04c1-424b-9868-57a2d4851a1d" />
    <TestEntry testId="33acbcbc-981c-563d-91c0-da679c0851c2" executionId="12deaca8-9ab2-47c3-83a9-3613b4621163" testListId="8c84fa94-04c1-424b-9868-57a2d4851a1d" />
    <TestEntry testId="e75832d6-d2ab-78bd-b121-c76c19fe297c" executionId="01811193-c965-487c-9c53-0117a91d31c1" testListId="8c84fa94-04c1-424b-9868-57a2d4851a1d" />
    <TestEntry testId="adbea6d5-a912-6bd3-599d-7bd4f6b0b166" executionId="60d05727-2e10-4da9-ba8d-ab62b4c69b01" testListId="8c84fa94-04c1-424b-9868-57a2d4851a1d" />
    <TestEntry testId="19a77eda-136e-3711-6b1c-4a0ca92ae853" executionId="3c444bd6-13e6-4f84-b17d-5cf1ea3afd6e" testListId="8c84fa94-04c1-424b-9868-57a2d4851a1d" />
    <TestEntry testId="842abb2a-cf12-4fa5-cea8-ba137980c871" executionId="425bd10a-2479-4d3e-a15b-60b2cb13ef87" testListId="8c84fa94-04c1-424b-9868-57a2d4851a1d" />
    <TestEntry testId="32c198b5-8ae6-5eaa-e3d6-53da2a126eff" executionId="195e03db-fe1c-4aa1-bee7-18b202316647" testListId="8c84fa94-04c1-424b-9868-57a2d4851a1d" />
    <TestEntry testId="1ab65006-1d16-c78b-9176-c6d1cbfa198a" executionId="628eaa91-59d6-4f9f-aa27-ff8657c8edaf" testListId="8c84fa94-04c1-424b-9868-57a2d4851a1d" />
    <TestEntry testId="3cd06007-638e-cadc-f706-4c9a509133f7" executionId="be32371f-3b28-46be-9103-242b51c0d582" testListId="8c84fa94-04c1-424b-9868-57a2d4851a1d" />
    <TestEntry testId="d6ad8503-abcd-d671-2bc8-4af4c4c0ff76" executionId="539146da-ff0e-4f00-8923-8ee17483240e" testListId="8c84fa94-04c1-424b-9868-57a2d4851a1d" />
    <TestEntry testId="db53c524-8356-fa82-3d0f-6ff9dca12bff" executionId="db600623-5168-4655-aa58-0ab898d65bc2" testListId="8c84fa94-04c1-424b-9868-57a2d4851a1d" />
    <TestEntry testId="cfa379e1-09d8-dba5-206b-c6e2aaf24ff1" executionId="1891a740-1a5d-475a-b682-7336b0a1a2e7" testListId="8c84fa94-04c1-424b-9868-57a2d4851a1d" />
    <TestEntry testId="6da5de44-db3e-61ee-f3a8-e77c4b84e1d8" executionId="fe16b553-4d3f-420d-9ded-bcf201d0aa86" testListId="8c84fa94-04c1-424b-9868-57a2d4851a1d" />
    <TestEntry testId="f821754b-36b1-623e-2d29-fe80c1cce32e" executionId="3036fb09-d101-4dc4-9c88-6a00bf0aedef" testListId="8c84fa94-04c1-424b-9868-57a2d4851a1d" />
    <TestEntry testId="9244f1a4-b96d-9fb0-92ad-43c8c501a1ac" executionId="0b6df266-5e60-4bb9-be9e-3b5310052c0c" testListId="8c84fa94-04c1-424b-9868-57a2d4851a1d" />
    <TestEntry testId="23936ca9-cb04-0d9a-ca60-67e86f26450c" executionId="e2b04a33-a83e-4e95-b8c8-0e0e9fef2ecf" testListId="8c84fa94-04c1-424b-9868-57a2d4851a1d" />
    <TestEntry testId="79d5918b-926d-0485-ef83-d1e8dd4fbb4d" executionId="b4f04e01-a976-4c43-a31d-5aedf06055e3" testListId="8c84fa94-04c1-424b-9868-57a2d4851a1d" />
    <TestEntry testId="3b11aa8b-1906-ff2b-88bb-e6031120b9a4" executionId="eb550da0-43ab-46fa-8c26-8eb4eb40bbd3" testListId="8c84fa94-04c1-424b-9868-57a2d4851a1d" />
    <TestEntry testId="4ae4fa9c-3625-f28b-db54-5c87485005f7" executionId="ec7d9800-38b3-413c-b87d-07d1a843b176" testListId="8c84fa94-04c1-424b-9868-57a2d4851a1d" />
    <TestEntry testId="3d0a5188-5277-1639-d400-b007191338ee" executionId="c8c3b6de-3ec2-4c26-b8ce-bb563b17f9e9" testListId="8c84fa94-04c1-424b-9868-57a2d4851a1d" />
    <TestEntry testId="254cc30b-5b1d-8fc3-09ec-d3df0b2b3af0" executionId="70afa417-94c9-4538-9b01-bc6f3d04606a" testListId="8c84fa94-04c1-424b-9868-57a2d4851a1d" />
    <TestEntry testId="a70297cb-b828-e320-a622-e744839b447c" executionId="fc07a444-1527-4a11-ba49-89a4a3f95dd1" testListId="8c84fa94-04c1-424b-9868-57a2d4851a1d" />
    <TestEntry testId="7de23b8f-ae41-29e1-9984-ffa5121128b2" executionId="4a9e9106-2b42-43a2-81f9-f4e860e4f3e7" testListId="8c84fa94-04c1-424b-9868-57a2d4851a1d" />
    <TestEntry testId="c9eb1b17-3b99-5890-d0cf-5a0275a0e128" executionId="50de987b-3ed9-4d1b-ad74-03eaad576ba2" testListId="8c84fa94-04c1-424b-9868-57a2d4851a1d" />
    <TestEntry testId="f21fef0c-1b6d-1012-7719-4d0ad013ab4a" executionId="8e28584e-6ceb-45db-a826-5e0e900340c7" testListId="8c84fa94-04c1-424b-9868-57a2d4851a1d" />
    <TestEntry testId="300f6dee-6490-83f6-adc0-de2d0fa5816e" executionId="5bd27d9e-3bd4-4f54-832a-912e6ded76cb" testListId="8c84fa94-04c1-424b-9868-57a2d4851a1d" />
    <TestEntry testId="9dd28135-464f-23ca-c59d-4fbeadbbd66f" executionId="9cfd7479-c195-49a7-a54c-e593621d247a" testListId="8c84fa94-04c1-424b-9868-57a2d4851a1d" />
    <TestEntry testId="d1a34dd5-f580-23eb-b44e-ee2c966b1def" executionId="69d2b3b5-aff5-4662-9867-c68385325f0d" testListId="8c84fa94-04c1-424b-9868-57a2d4851a1d" />
    <TestEntry testId="ca2684eb-4d89-488c-7145-809d378571ad" executionId="d9526465-803e-4980-bdaf-3f6b67a48e0e" testListId="8c84fa94-04c1-424b-9868-57a2d4851a1d" />
    <TestEntry testId="c8ec8d0b-8726-1048-5a8e-70417ccfe9cc" executionId="db951d5a-f9b9-4742-9d70-e0d5a4dc02b0" testListId="8c84fa94-04c1-424b-9868-57a2d4851a1d" />
    <TestEntry testId="df0bcd8b-7844-5b92-d01d-86530aea9c35" executionId="cd4b0af1-f503-453f-8fc6-c290751f44f4" testListId="8c84fa94-04c1-424b-9868-57a2d4851a1d" />
    <TestEntry testId="906536ef-e98f-d22a-f50e-edb13761511c" executionId="2fa07768-3a9b-4248-8987-a540b2e92e0a" testListId="8c84fa94-04c1-424b-9868-57a2d4851a1d" />
    <TestEntry testId="4d224471-c0d3-8189-5d40-1274a3458e31" executionId="e28a26e1-a003-4788-b8cb-e0c3cd4de0fe" testListId="8c84fa94-04c1-424b-9868-57a2d4851a1d" />
    <TestEntry testId="eb8a8a87-74b5-4d8f-53ef-eaad7463aa03" executionId="09934e6d-0f17-4cde-8c2d-8ac6cf108604" testListId="8c84fa94-04c1-424b-9868-57a2d4851a1d" />
    <TestEntry testId="c3b1ea7b-ede6-c7b9-1230-73a5ed747da0" executionId="261fb5e7-eac8-4076-a371-cdd4a1dbc526" testListId="8c84fa94-04c1-424b-9868-57a2d4851a1d" />
    <TestEntry testId="c2b658e0-4b22-738c-bebe-cd41ac9fe9da" executionId="7f981bf6-73f5-44b7-ab95-52c2f3a9ba6c" testListId="8c84fa94-04c1-424b-9868-57a2d4851a1d" />
    <TestEntry testId="af6ab75d-3a77-f5b8-a91e-e7b06ac4dc02" executionId="fc1243d2-9dfe-44e2-b526-cbf880ca091a" testListId="8c84fa94-04c1-424b-9868-57a2d4851a1d" />
    <TestEntry testId="3f3fa638-09ba-1011-7392-05cac169df0e" executionId="872a55b1-9b3a-4c27-9981-52ec31d11714" testListId="8c84fa94-04c1-424b-9868-57a2d4851a1d" />
    <TestEntry testId="f29bdae9-c01a-7137-ad74-65c73cf932a0" executionId="8c5e23a9-dee4-4c97-9f55-5ae10ab5367e" testListId="8c84fa94-04c1-424b-9868-57a2d4851a1d" />
    <TestEntry testId="04ba60a7-0794-c732-2213-aafcbc4ed08e" executionId="5ce5d4a9-0747-4edd-9af2-82bb8927769c" testListId="8c84fa94-04c1-424b-9868-57a2d4851a1d" />
    <TestEntry testId="d70ea16a-84c0-2dfe-d4d6-916e2a4eee9d" executionId="47c81543-7f45-4ec6-abe0-85c95b1fbb7d" testListId="8c84fa94-04c1-424b-9868-57a2d4851a1d" />
    <TestEntry testId="2235aeb2-d9db-b858-9ee9-ee90338ff81a" executionId="044e601a-b2ed-4784-b6a2-af6b46cec298" testListId="8c84fa94-04c1-424b-9868-57a2d4851a1d" />
    <TestEntry testId="556ee242-82d6-10d0-ca79-6cc9ec701327" executionId="cf66849c-096d-408f-8a70-9cafb270108f" testListId="8c84fa94-04c1-424b-9868-57a2d4851a1d" />
    <TestEntry testId="2b872452-2694-911a-53e8-7326d451f370" executionId="db7fc7c3-cd9a-42d7-9a97-18161ec54682" testListId="8c84fa94-04c1-424b-9868-57a2d4851a1d" />
    <TestEntry testId="3c0e3cca-3008-f566-244c-afe831eddad2" executionId="14390824-6341-48b1-aaa7-1f0484be6110" testListId="8c84fa94-04c1-424b-9868-57a2d4851a1d" />
    <TestEntry testId="94f7471f-2f99-85fa-737f-00c961802a75" executionId="51727f07-af42-4396-bef1-6d2e2d4d047e" testListId="8c84fa94-04c1-424b-9868-57a2d4851a1d" />
    <TestEntry testId="9c78167c-ee87-bb4b-a014-3af8451f157b" executionId="0c6b9fcb-dea0-44dc-9e55-ea27abac5889" testListId="8c84fa94-04c1-424b-9868-57a2d4851a1d" />
    <TestEntry testId="b6013297-8c3d-783b-6fe1-bb174e228c37" executionId="3d5c8d94-dc00-4e5f-95b7-d1e6eb5810c8" testListId="8c84fa94-04c1-424b-9868-57a2d4851a1d" />
    <TestEntry testId="a207ed3e-8aa1-e579-40f1-2c4582cae8f7" executionId="201d051e-513c-40c0-9c70-1824d6234242" testListId="8c84fa94-04c1-424b-9868-57a2d4851a1d" />
    <TestEntry testId="3ec526ca-e695-30ed-ab17-22afd64268e8" executionId="34c7cf8a-f134-443b-9516-53043e3c5748" testListId="8c84fa94-04c1-424b-9868-57a2d4851a1d" />
    <TestEntry testId="acbd658a-0a3a-c64b-60e8-e42ad757ae25" executionId="b237d88d-adb0-4778-985e-1f7f508bbc86" testListId="8c84fa94-04c1-424b-9868-57a2d4851a1d" />
    <TestEntry testId="bf1b4d49-e184-dfdd-ed3f-683ae593c916" executionId="07b08bfb-bce8-4c51-a7ea-5a7614677871" testListId="8c84fa94-04c1-424b-9868-57a2d4851a1d" />
    <TestEntry testId="bda16938-26e8-7f58-0e78-0355787a8bdc" executionId="44970bd0-c046-41a1-ab78-73adb0f0f774" testListId="8c84fa94-04c1-424b-9868-57a2d4851a1d" />
    <TestEntry testId="832d5440-de3d-6f1a-08b7-c647cf8b2957" executionId="17d1ee1c-331d-4b96-b117-95bb1305be8b" testListId="8c84fa94-04c1-424b-9868-57a2d4851a1d" />
    <TestEntry testId="1c24d863-fa07-deb5-4fb7-f467d466cb55" executionId="93677286-91c4-48c8-9803-e30a2c671656" testListId="8c84fa94-04c1-424b-9868-57a2d4851a1d" />
    <TestEntry testId="1e217421-7ab3-102f-da0e-17a8335329d4" executionId="3bac55ea-4e6f-40a7-a8ab-5aa3e6d20fca" testListId="8c84fa94-04c1-424b-9868-57a2d4851a1d" />
    <TestEntry testId="4a9b90f7-2118-e89c-bf1b-7ef1296b8510" executionId="83d1ac05-20cd-4eae-bb48-89dfbdebdfc4" testListId="8c84fa94-04c1-424b-9868-57a2d4851a1d" />
    <TestEntry testId="fdd1ff42-4124-956c-0518-65da789ad001" executionId="e3498016-a64e-4607-b3d5-8306989db3c0" testListId="8c84fa94-04c1-424b-9868-57a2d4851a1d" />
    <TestEntry testId="3dc1068f-82d6-84de-c908-e4f233ecb350" executionId="8b97d3d0-d0fc-4c24-9e7a-641b7b20fb80" testListId="8c84fa94-04c1-424b-9868-57a2d4851a1d" />
    <TestEntry testId="48240e2c-a4d9-2594-4296-f471c14fc6a7" executionId="6518c0e9-7c87-4778-83b5-0721e95e2407" testListId="8c84fa94-04c1-424b-9868-57a2d4851a1d" />
    <TestEntry testId="04e7d918-25da-0f85-ac00-ebd526c020fb" executionId="aa27b69f-1d5b-4f9c-91cb-ff92840f4865" testListId="8c84fa94-04c1-424b-9868-57a2d4851a1d" />
    <TestEntry testId="5cb5360f-8333-646e-ca46-79420386605a" executionId="bf3acbe8-09fe-4d2e-ad2c-d45faaefad40" testListId="8c84fa94-04c1-424b-9868-57a2d4851a1d" />
    <TestEntry testId="f3f9712d-8345-c669-0fbc-cbc9158ba417" executionId="f8156d59-4e1f-4920-9077-1fdbb1ce01c8" testListId="8c84fa94-04c1-424b-9868-57a2d4851a1d" />
    <TestEntry testId="a7d43b45-68fb-6563-aff9-012574dcbd84" executionId="84756123-0815-43a8-862f-1195cc3ef12d" testListId="8c84fa94-04c1-424b-9868-57a2d4851a1d" />
    <TestEntry testId="91cc1712-5c7e-8346-f0fe-787746e3c609" executionId="e9348e51-a0bd-48d5-a8dd-779457d5013a" testListId="8c84fa94-04c1-424b-9868-57a2d4851a1d" />
    <TestEntry testId="1e8f1476-74a1-8640-15d5-70d9d9626f1e" executionId="ca151c6e-8b5b-4bcd-a7c4-041f2a2009ab" testListId="8c84fa94-04c1-424b-9868-57a2d4851a1d" />
    <TestEntry testId="9ead8476-3505-ae20-9014-95ec40346eb5" executionId="dd883d4c-8a24-473f-8e66-0a91198e0c46" testListId="8c84fa94-04c1-424b-9868-57a2d4851a1d" />
    <TestEntry testId="8172ea32-9774-17c0-293a-0ca21dc5cce3" executionId="d707eef7-3b39-43a3-9408-aca15704e737" testListId="8c84fa94-04c1-424b-9868-57a2d4851a1d" />
    <TestEntry testId="ef88aec7-46d3-dd30-ec64-a51e14f8fab1" executionId="a04b4dfd-0ab9-4b2c-940c-d1e5c44db77d" testListId="8c84fa94-04c1-424b-9868-57a2d4851a1d" />
  </TestEntries>
  <TestLists>
    <TestList name="Results Not in a List" id="8c84fa94-04c1-424b-9868-57a2d4851a1d" />
    <TestList name="All Loaded Results" id="19431567-8539-422a-85d7-44ee4e166bda" />
  </TestLists>
  <ResultSummary outcome="Completed">
    <Counters total="266" executed="266" passed="266" failed="0" error="0" timeout="0" aborted="0" inconclusive="0" passedButRunAborted="0" notRunnable="0" notExecuted="0" disconnected="0" warning="0" completed="0" inProgress="0" pending="0" />
  </ResultSummary>
</TestRun>